<?xml version="1.0" encoding="utf-8" standalone="no"?>
<test-run id="2" testcasecount="82" result="Failed" total="82" passed="65" failed="15" inconclusive="0" skipped="2" asserts="111" engine-version="3.7.0.0" clr-version="4.0.30319.42000" start-time="2017-08-16 14:36:56Z" end-time="2017-08-16 14:37:02Z" duration="6.256471">
  <command-line><![CDATA[..\packages\NUnit.ConsoleRunner.3.7.0\tools\nunit3-console.exe  ..\bin\Debug\UpliftTesting.dll --result=FullTest.xml]]></command-line>
  <test-suite type="Assembly" id="0-1096" name="UpliftTesting.dll" fullname="C:\Users\Paul\Documents\Work\uplift\UpliftTesting\bin\Debug\UpliftTesting.dll" runstate="Runnable" testcasecount="82" result="Failed" site="Child" start-time="2017-08-16 14:36:58Z" end-time="2017-08-16 14:37:02Z" duration="3.974612" total="82" passed="65" failed="15" warnings="0" inconclusive="0" skipped="2" asserts="111">
    <environment framework-version="3.7.1.0" clr-version="4.0.30319.42000" os-version="Microsoft Windows NT 10.0.15063.0" platform="Win32NT" cwd="C:\Users\Paul\Documents\Work\uplift\UpliftTesting\TestResults" machine-name="PC_PAUL" user="Paul" user-domain="PC_PAUL" culture="fr-FR" uiculture="fr-FR" os-architecture="x64" />
    <settings>
      <setting name="DisposeRunners" value="True" />
      <setting name="WorkDirectory" value="C:\Users\Paul\Documents\Work\uplift\UpliftTesting\TestResults" />
      <setting name="ImageRuntimeVersion" value="4.0.30319" />
      <setting name="ImageTargetFrameworkName" value=".NETFramework,Version=v4.5.2" />
      <setting name="ImageRequiresX86" value="False" />
      <setting name="ImageRequiresDefaultAppDomainAssemblyResolver" value="False" />
      <setting name="NumberOfTestWorkers" value="8" />
    </settings>
    <properties>
      <property name="_PID" value="14120" />
      <property name="_APPDOMAIN" value="domain-" />
    </properties>
    <failure>
      <message><![CDATA[One or more child tests had errors]]></message>
    </failure>
    <test-suite type="TestSuite" id="0-1097" name="UpliftTesting" fullname="UpliftTesting" runstate="Runnable" testcasecount="82" result="Failed" site="Child" start-time="2017-08-16 14:36:58Z" end-time="2017-08-16 14:37:02Z" duration="3.908311" total="82" passed="65" failed="15" warnings="0" inconclusive="0" skipped="2" asserts="111">
      <failure>
        <message><![CDATA[One or more child tests had errors]]></message>
      </failure>
      <test-suite type="TestSuite" id="0-1099" name="IntegrationTesting" fullname="UpliftTesting.IntegrationTesting" runstate="Runnable" testcasecount="7" result="Failed" site="Child" start-time="2017-08-16 14:36:58Z" end-time="2017-08-16 14:37:00Z" duration="1.872112" total="7" passed="0" failed="7" warnings="0" inconclusive="0" skipped="0" asserts="0">
        <failure>
          <message><![CDATA[One or more child tests had errors]]></message>
        </failure>
        <test-suite type="TestFixture" id="0-1085" name="BasicPackageInstallation" fullname="UpliftTesting.IntegrationTesting.BasicPackageInstallation" classname="UpliftTesting.IntegrationTesting.BasicPackageInstallation" runstate="Runnable" testcasecount="1" result="Failed" label="Error" site="TearDown" start-time="2017-08-16 14:36:58Z" end-time="2017-08-16 14:37:00Z" duration="1.739052" total="1" passed="0" failed="1" warnings="0" inconclusive="0" skipped="0" asserts="0">
          <failure>
            <message><![CDATA[One or more child tests had errors
TearDown : System.IO.DirectoryNotFoundException : Impossible de trouver une partie du chemin d'accès 'C:\Users\Paul\Documents\Work\uplift\UpliftTesting\TestResults\Assets'.]]></message>
            <stack-trace><![CDATA[--TearDown
   à System.IO.__Error.WinIOError(Int32 errorCode, String maybeFullPath)
   à System.IO.Directory.Delete(String fullPath, String userPath, Boolean recursive, Boolean checkHost)
   à UpliftTesting.IntegrationTesting.BasicPackageInstallation.CleanUp() dans C:\Users\Paul\Documents\Work\uplift\UpliftTesting\IntegrationTesting\BasicPackageInstallation\BasicPackageInstallation.cs:ligne 53]]></stack-trace>
          </failure>
          <test-case id="0-1086" name="WhenInstalling" fullname="UpliftTesting.IntegrationTesting.BasicPackageInstallation.WhenInstalling" methodname="WhenInstalling" classname="UpliftTesting.IntegrationTesting.BasicPackageInstallation" runstate="Runnable" seed="1327964850" result="Failed" label="Error" start-time="2017-08-16 14:37:00Z" end-time="2017-08-16 14:37:00Z" duration="0.160923" asserts="0">
            <failure>
              <message><![CDATA[System.Security.SecurityException : Les méthodes ECall doivent être empaquetées dans un module système.]]></message>
              <stack-trace><![CDATA[   à Uplift.Schemas.FileRepository.DownloadPackage(Upset package)
   à Uplift.UpfileHandler.InstallDependencies() dans C:\Users\Paul\Documents\Work\uplift\Assets\Plugins\Editor\Uplift\UpfileHandler.cs:ligne 149
   à Uplift.Common.Cli.InstallDependencies() dans C:\Users\Paul\Documents\Work\uplift\Assets\Plugins\Editor\Uplift\Common\Cli.cs:ligne 14
   à UpliftTesting.IntegrationTesting.BasicPackageInstallation.WhenInstalling() dans C:\Users\Paul\Documents\Work\uplift\UpliftTesting\IntegrationTesting\BasicPackageInstallation\BasicPackageInstallation.cs:ligne 60]]></stack-trace>
            </failure>
          </test-case>
        </test-suite>
        <test-suite type="TestFixture" id="0-1087" name="CustomizedFileLocation" fullname="UpliftTesting.IntegrationTesting.CustomizedFileLocation" classname="UpliftTesting.IntegrationTesting.CustomizedFileLocation" runstate="Runnable" testcasecount="3" result="Failed" site="Child" start-time="2017-08-16 14:37:00Z" end-time="2017-08-16 14:37:00Z" duration="0.069815" total="3" passed="0" failed="3" warnings="0" inconclusive="0" skipped="0" asserts="0">
          <failure>
            <message><![CDATA[One or more child tests had errors]]></message>
          </failure>
          <test-case id="0-1090" name="WhenUpfileModifiedAndSkip" fullname="UpliftTesting.IntegrationTesting.CustomizedFileLocation.WhenUpfileModifiedAndSkip" methodname="WhenUpfileModifiedAndSkip" classname="UpliftTesting.IntegrationTesting.CustomizedFileLocation" runstate="Runnable" seed="500990589" result="Failed" label="Error" start-time="2017-08-16 14:37:00Z" end-time="2017-08-16 14:37:00Z" duration="0.037125" asserts="0">
            <failure>
              <message><![CDATA[System.Security.SecurityException : Les méthodes ECall doivent être empaquetées dans un module système.]]></message>
              <stack-trace><![CDATA[   à Uplift.Schemas.FileRepository.DownloadPackage(Upset package)
   à Uplift.UpfileHandler.InstallDependencies() dans C:\Users\Paul\Documents\Work\uplift\Assets\Plugins\Editor\Uplift\UpfileHandler.cs:ligne 149
   à Uplift.Common.Cli.InstallDependencies() dans C:\Users\Paul\Documents\Work\uplift\Assets\Plugins\Editor\Uplift\Common\Cli.cs:ligne 14
   à UpliftTesting.IntegrationTesting.CustomizedFileLocation.WhenUpfileModifiedAndSkip() dans C:\Users\Paul\Documents\Work\uplift\UpliftTesting\IntegrationTesting\CustomizedFileLocation\CustomizedFileLocation.cs:ligne 190]]></stack-trace>
            </failure>
          </test-case>
          <test-case id="0-1089" name="WhenUpfileModifiedNoSkip" fullname="UpliftTesting.IntegrationTesting.CustomizedFileLocation.WhenUpfileModifiedNoSkip" methodname="WhenUpfileModifiedNoSkip" classname="UpliftTesting.IntegrationTesting.CustomizedFileLocation" runstate="Runnable" seed="1962552835" result="Failed" label="Error" start-time="2017-08-16 14:37:00Z" end-time="2017-08-16 14:37:00Z" duration="0.011581" asserts="0">
            <failure>
              <message><![CDATA[System.Security.SecurityException : Les méthodes ECall doivent être empaquetées dans un module système.]]></message>
              <stack-trace><![CDATA[   à Uplift.Schemas.FileRepository.DownloadPackage(Upset package)
   à Uplift.UpfileHandler.InstallDependencies() dans C:\Users\Paul\Documents\Work\uplift\Assets\Plugins\Editor\Uplift\UpfileHandler.cs:ligne 149
   à Uplift.Common.Cli.InstallDependencies() dans C:\Users\Paul\Documents\Work\uplift\Assets\Plugins\Editor\Uplift\Common\Cli.cs:ligne 14
   à UpliftTesting.IntegrationTesting.CustomizedFileLocation.WhenUpfileModifiedNoSkip() dans C:\Users\Paul\Documents\Work\uplift\UpliftTesting\IntegrationTesting\CustomizedFileLocation\CustomizedFileLocation.cs:ligne 130]]></stack-trace>
            </failure>
          </test-case>
          <test-case id="0-1088" name="WhenUpfileNotModified" fullname="UpliftTesting.IntegrationTesting.CustomizedFileLocation.WhenUpfileNotModified" methodname="WhenUpfileNotModified" classname="UpliftTesting.IntegrationTesting.CustomizedFileLocation" runstate="Runnable" seed="1653928942" result="Failed" label="Error" start-time="2017-08-16 14:37:00Z" end-time="2017-08-16 14:37:00Z" duration="0.011132" asserts="0">
            <failure>
              <message><![CDATA[System.Security.SecurityException : Les méthodes ECall doivent être empaquetées dans un module système.]]></message>
              <stack-trace><![CDATA[   à Uplift.Schemas.FileRepository.DownloadPackage(Upset package)
   à Uplift.UpfileHandler.InstallDependencies() dans C:\Users\Paul\Documents\Work\uplift\Assets\Plugins\Editor\Uplift\UpfileHandler.cs:ligne 149
   à Uplift.Common.Cli.InstallDependencies() dans C:\Users\Paul\Documents\Work\uplift\Assets\Plugins\Editor\Uplift\Common\Cli.cs:ligne 14
   à UpliftTesting.IntegrationTesting.CustomizedFileLocation.WhenUpfileNotModified() dans C:\Users\Paul\Documents\Work\uplift\UpliftTesting\IntegrationTesting\CustomizedFileLocation\CustomizedFileLocation.cs:ligne 72]]></stack-trace>
            </failure>
          </test-case>
        </test-suite>
        <test-suite type="TestFixture" id="0-1091" name="PackageNuking" fullname="UpliftTesting.IntegrationTesting.PackageNuking" classname="UpliftTesting.IntegrationTesting.PackageNuking" runstate="Runnable" testcasecount="2" result="Failed" label="Error" site="TearDown" start-time="2017-08-16 14:37:00Z" end-time="2017-08-16 14:37:00Z" duration="0.033016" total="2" passed="0" failed="2" warnings="0" inconclusive="0" skipped="0" asserts="0">
          <failure>
            <message><![CDATA[System.Security.SecurityException : Les méthodes ECall doivent être empaquetées dans un module système.
TearDown : System.IO.DirectoryNotFoundException : Impossible de trouver une partie du chemin d'accès 'C:\Users\Paul\Documents\Work\uplift\UpliftTesting\TestResults\UPackages'.]]></message>
            <stack-trace><![CDATA[   à Uplift.Schemas.FileRepository.DownloadPackage(Upset package)
   à Uplift.UpfileHandler.InstallDependencies() dans C:\Users\Paul\Documents\Work\uplift\Assets\Plugins\Editor\Uplift\UpfileHandler.cs:ligne 149
   à UpliftTesting.IntegrationTesting.PackageNuking.Given() dans C:\Users\Paul\Documents\Work\uplift\UpliftTesting\IntegrationTesting\PackageNuking\PackageNuking.cs:ligne 56
--TearDown
   à System.IO.__Error.WinIOError(Int32 errorCode, String maybeFullPath)
   à System.IO.Directory.Delete(String fullPath, String userPath, Boolean recursive, Boolean checkHost)
   à UpliftTesting.IntegrationTesting.PackageNuking.CleanUp() dans C:\Users\Paul\Documents\Work\uplift\UpliftTesting\IntegrationTesting\PackageNuking\PackageNuking.cs:ligne 112]]></stack-trace>
          </failure>
          <test-case id="0-1093" name="WhenFilesAreAdded" fullname="UpliftTesting.IntegrationTesting.PackageNuking.WhenFilesAreAdded" methodname="WhenFilesAreAdded" classname="UpliftTesting.IntegrationTesting.PackageNuking" runstate="Runnable" seed="1993793157" result="Failed" label="Error" site="Parent" start-time="0001-01-01 00:00:00Z" end-time="0001-01-01 00:00:00Z" duration="0.000000" asserts="0">
            <failure>
              <message><![CDATA[OneTimeSetUp: System.Security.SecurityException : Les méthodes ECall doivent être empaquetées dans un module système.]]></message>
            </failure>
          </test-case>
          <test-case id="0-1092" name="WhenNoFileIsAdded" fullname="UpliftTesting.IntegrationTesting.PackageNuking.WhenNoFileIsAdded" methodname="WhenNoFileIsAdded" classname="UpliftTesting.IntegrationTesting.PackageNuking" runstate="Runnable" seed="1227356049" result="Failed" label="Error" site="Parent" start-time="0001-01-01 00:00:00Z" end-time="0001-01-01 00:00:00Z" duration="0.000000" asserts="0">
            <failure>
              <message><![CDATA[OneTimeSetUp: System.Security.SecurityException : Les méthodes ECall doivent être empaquetées dans un module système.]]></message>
            </failure>
          </test-case>
        </test-suite>
        <test-suite type="TestFixture" id="0-1094" name="PackageUpdating" fullname="UpliftTesting.IntegrationTesting.PackageUpdating" classname="UpliftTesting.IntegrationTesting.PackageUpdating" runstate="Runnable" testcasecount="1" result="Failed" label="Error" site="TearDown" start-time="2017-08-16 14:37:00Z" end-time="2017-08-16 14:37:00Z" duration="0.013222" total="1" passed="0" failed="1" warnings="0" inconclusive="0" skipped="0" asserts="0">
          <failure>
            <message><![CDATA[System.Security.SecurityException : Les méthodes ECall doivent être empaquetées dans un module système.
TearDown : System.IO.DirectoryNotFoundException : Impossible de trouver une partie du chemin d'accès 'C:\Users\Paul\Documents\Work\uplift\UpliftTesting\TestResults\Assets'.]]></message>
            <stack-trace><![CDATA[   à Uplift.Schemas.FileRepository.DownloadPackage(Upset package)
   à Uplift.UpfileHandler.InstallDependencies() dans C:\Users\Paul\Documents\Work\uplift\Assets\Plugins\Editor\Uplift\UpfileHandler.cs:ligne 149
   à Uplift.Common.Cli.InstallDependencies() dans C:\Users\Paul\Documents\Work\uplift\Assets\Plugins\Editor\Uplift\Common\Cli.cs:ligne 14
   à UpliftTesting.IntegrationTesting.PackageUpdating.Given() dans C:\Users\Paul\Documents\Work\uplift\UpliftTesting\IntegrationTesting\PackageUpdating\PackageUpdating.cs:ligne 46
--TearDown
   à System.IO.__Error.WinIOError(Int32 errorCode, String maybeFullPath)
   à System.IO.Directory.Delete(String fullPath, String userPath, Boolean recursive, Boolean checkHost)
   à UpliftTesting.IntegrationTesting.PackageUpdating.CleanUp() dans C:\Users\Paul\Documents\Work\uplift\UpliftTesting\IntegrationTesting\PackageUpdating\PackageUpdating.cs:ligne 57]]></stack-trace>
          </failure>
          <test-case id="0-1095" name="WhenUpdating" fullname="UpliftTesting.IntegrationTesting.PackageUpdating.WhenUpdating" methodname="WhenUpdating" classname="UpliftTesting.IntegrationTesting.PackageUpdating" runstate="Runnable" seed="1383857899" result="Failed" label="Error" site="Parent" start-time="0001-01-01 00:00:00Z" end-time="0001-01-01 00:00:00Z" duration="0.000000" asserts="0">
            <failure>
              <message><![CDATA[OneTimeSetUp: System.Security.SecurityException : Les méthodes ECall doivent être empaquetées dans un module système.]]></message>
            </failure>
          </test-case>
        </test-suite>
      </test-suite>
      <test-suite type="TestSuite" id="0-1098" name="UnitTesting" fullname="UpliftTesting.UnitTesting" runstate="Runnable" testcasecount="75" result="Failed" site="Child" start-time="2017-08-16 14:37:00Z" end-time="2017-08-16 14:37:02Z" duration="2.010001" total="75" passed="65" failed="8" warnings="0" inconclusive="0" skipped="2" asserts="111">
        <failure>
          <message><![CDATA[One or more child tests had errors]]></message>
        </failure>
        <test-suite type="TestFixture" id="0-1000" name="FileRepositoryTest" fullname="UpliftTesting.UnitTesting.FileRepositoryTest" classname="UpliftTesting.UnitTesting.FileRepositoryTest" runstate="Runnable" testcasecount="5" result="Failed" site="Child" start-time="2017-08-16 14:37:00Z" end-time="2017-08-16 14:37:01Z" duration="0.206367" total="5" passed="2" failed="3" warnings="0" inconclusive="0" skipped="0" asserts="7">
          <failure>
            <message><![CDATA[One or more child tests had errors]]></message>
          </failure>
          <test-case id="0-1005" name="DownloadPackageFromBadFormatTest" fullname="UpliftTesting.UnitTesting.FileRepositoryTest.DownloadPackageFromBadFormatTest" methodname="DownloadPackageFromBadFormatTest" classname="UpliftTesting.UnitTesting.FileRepositoryTest" runstate="Runnable" seed="1692980657" result="Failed" label="Error" start-time="2017-08-16 14:37:00Z" end-time="2017-08-16 14:37:00Z" duration="0.008316" asserts="0">
            <failure>
              <message><![CDATA[System.Security.SecurityException : Les méthodes ECall doivent être empaquetées dans un module système.]]></message>
              <stack-trace><![CDATA[   à Uplift.Schemas.FileRepository.DownloadPackage(Upset package)
   à UpliftTesting.UnitTesting.FileRepositoryTest.DownloadPackageFromBadFormatTest() dans C:\Users\Paul\Documents\Work\uplift\UpliftTesting\UnitTesting\FileRepositoryTest.cs:ligne 154]]></stack-trace>
            </failure>
          </test-case>
          <test-case id="0-1003" name="DownloadPackageFromDirectoryTest" fullname="UpliftTesting.UnitTesting.FileRepositoryTest.DownloadPackageFromDirectoryTest" methodname="DownloadPackageFromDirectoryTest" classname="UpliftTesting.UnitTesting.FileRepositoryTest" runstate="Runnable" seed="1832985106" result="Failed" label="Error" start-time="2017-08-16 14:37:00Z" end-time="2017-08-16 14:37:00Z" duration="0.012956" asserts="0">
            <failure>
              <message><![CDATA[System.Security.SecurityException : Les méthodes ECall doivent être empaquetées dans un module système.]]></message>
              <stack-trace><![CDATA[   à Uplift.Schemas.FileRepository.DownloadPackage(Upset package)
   à UpliftTesting.UnitTesting.FileRepositoryTest.DownloadPackageFromDirectoryTest() dans C:\Users\Paul\Documents\Work\uplift\UpliftTesting\UnitTesting\FileRepositoryTest.cs:ligne 101]]></stack-trace>
            </failure>
          </test-case>
          <test-case id="0-1004" name="DownloadPackageFromUnityPackageTest" fullname="UpliftTesting.UnitTesting.FileRepositoryTest.DownloadPackageFromUnityPackageTest" methodname="DownloadPackageFromUnityPackageTest" classname="UpliftTesting.UnitTesting.FileRepositoryTest" runstate="Runnable" seed="2129032239" result="Failed" label="Error" start-time="2017-08-16 14:37:00Z" end-time="2017-08-16 14:37:00Z" duration="0.013216" asserts="0">
            <failure>
              <message><![CDATA[System.Security.SecurityException : Les méthodes ECall doivent être empaquetées dans un module système.]]></message>
              <stack-trace><![CDATA[   à Uplift.Schemas.FileRepository.DownloadPackage(Upset package)
   à UpliftTesting.UnitTesting.FileRepositoryTest.DownloadPackageFromUnityPackageTest() dans C:\Users\Paul\Documents\Work\uplift\UpliftTesting\UnitTesting\FileRepositoryTest.cs:ligne 128]]></stack-trace>
            </failure>
          </test-case>
          <test-case id="0-1002" name="ListPackagesFromDirectoriesTest" fullname="UpliftTesting.UnitTesting.FileRepositoryTest.ListPackagesFromDirectoriesTest" methodname="ListPackagesFromDirectoriesTest" classname="UpliftTesting.UnitTesting.FileRepositoryTest" runstate="Runnable" seed="619568225" result="Passed" start-time="2017-08-16 14:37:00Z" end-time="2017-08-16 14:37:00Z" duration="0.141933" asserts="4" />
          <test-case id="0-1001" name="ListPackagesFromUnityPackagesTest" fullname="UpliftTesting.UnitTesting.FileRepositoryTest.ListPackagesFromUnityPackagesTest" methodname="ListPackagesFromUnityPackagesTest" classname="UpliftTesting.UnitTesting.FileRepositoryTest" runstate="Runnable" seed="349313127" result="Passed" start-time="2017-08-16 14:37:00Z" end-time="2017-08-16 14:37:01Z" duration="0.012247" asserts="3" />
        </test-suite>
        <test-suite type="TestFixture" id="0-1006" name="FileSystemUtilsTest" fullname="UpliftTesting.UnitTesting.FileSystemUtilsTest" classname="UpliftTesting.UnitTesting.FileSystemUtilsTest" runstate="Runnable" testcasecount="20" result="Passed" start-time="2017-08-16 14:37:01Z" end-time="2017-08-16 14:37:01Z" duration="0.251869" total="20" passed="18" failed="0" warnings="0" inconclusive="0" skipped="2" asserts="19">
          <test-case id="0-1024" name="CopyAndIgnoreDirectoryTest" fullname="UpliftTesting.UnitTesting.FileSystemUtilsTest.CopyAndIgnoreDirectoryTest" methodname="CopyAndIgnoreDirectoryTest" classname="UpliftTesting.UnitTesting.FileSystemUtilsTest" runstate="Runnable" seed="1972056396" result="Passed" start-time="2017-08-16 14:37:01Z" end-time="2017-08-16 14:37:01Z" duration="0.021433" asserts="2" />
          <test-case id="0-1023" name="CopyDirectoryRecursivelyTest" fullname="UpliftTesting.UnitTesting.FileSystemUtilsTest.CopyDirectoryRecursivelyTest" methodname="CopyDirectoryRecursivelyTest" classname="UpliftTesting.UnitTesting.FileSystemUtilsTest" runstate="Runnable" seed="321927092" result="Passed" start-time="2017-08-16 14:37:01Z" end-time="2017-08-16 14:37:01Z" duration="0.012581" asserts="1" />
          <test-case id="0-1021" name="CopyDirectoryTest" fullname="UpliftTesting.UnitTesting.FileSystemUtilsTest.CopyDirectoryTest" methodname="CopyDirectoryTest" classname="UpliftTesting.UnitTesting.FileSystemUtilsTest" runstate="Runnable" seed="2007082071" result="Passed" start-time="2017-08-16 14:37:01Z" end-time="2017-08-16 14:37:01Z" duration="0.006069" asserts="1" />
          <test-case id="0-1022" name="CopyToExitstingDirectoryTest" fullname="UpliftTesting.UnitTesting.FileSystemUtilsTest.CopyToExitstingDirectoryTest" methodname="CopyToExitstingDirectoryTest" classname="UpliftTesting.UnitTesting.FileSystemUtilsTest" runstate="Runnable" seed="577976843" result="Passed" start-time="2017-08-16 14:37:01Z" end-time="2017-08-16 14:37:01Z" duration="0.006511" asserts="1" />
          <test-case id="0-1008" name="EnsureMissingParentExistsTest" fullname="UpliftTesting.UnitTesting.FileSystemUtilsTest.EnsureMissingParentExistsTest" methodname="EnsureMissingParentExistsTest" classname="UpliftTesting.UnitTesting.FileSystemUtilsTest" runstate="Runnable" seed="1300656044" result="Passed" start-time="2017-08-16 14:37:01Z" end-time="2017-08-16 14:37:01Z" duration="0.004377" asserts="1" />
          <test-case id="0-1009" name="EnsurePresentParentExistsTest" fullname="UpliftTesting.UnitTesting.FileSystemUtilsTest.EnsurePresentParentExistsTest" methodname="EnsurePresentParentExistsTest" classname="UpliftTesting.UnitTesting.FileSystemUtilsTest" runstate="Runnable" seed="251716769" result="Passed" start-time="2017-08-16 14:37:01Z" end-time="2017-08-16 14:37:01Z" duration="0.004427" asserts="1" />
          <test-case id="0-1010" name="GetAbsolutePathTest" fullname="UpliftTesting.UnitTesting.FileSystemUtilsTest.GetAbsolutePathTest" methodname="GetAbsolutePathTest" classname="UpliftTesting.UnitTesting.FileSystemUtilsTest" runstate="Runnable" seed="689067607" result="Passed" start-time="2017-08-16 14:37:01Z" end-time="2017-08-16 14:37:01Z" duration="0.004752" asserts="1" />
          <test-case id="0-1011" name="GetAbsolutePathTestFail" fullname="UpliftTesting.UnitTesting.FileSystemUtilsTest.GetAbsolutePathTestFail" methodname="GetAbsolutePathTestFail" classname="UpliftTesting.UnitTesting.FileSystemUtilsTest" runstate="Runnable" seed="1705822712" result="Passed" start-time="2017-08-16 14:37:01Z" end-time="2017-08-16 14:37:01Z" duration="0.002756" asserts="1" />
          <test-case id="0-1019" name="GetFilesEmptyTest" fullname="UpliftTesting.UnitTesting.FileSystemUtilsTest.GetFilesEmptyTest" methodname="GetFilesEmptyTest" classname="UpliftTesting.UnitTesting.FileSystemUtilsTest" runstate="Runnable" seed="1841449388" result="Passed" start-time="2017-08-16 14:37:01Z" end-time="2017-08-16 14:37:01Z" duration="0.016669" asserts="1" />
          <test-case id="0-1020" name="GetFilesFromNonExistentDirectoryTest" fullname="UpliftTesting.UnitTesting.FileSystemUtilsTest.GetFilesFromNonExistentDirectoryTest" methodname="GetFilesFromNonExistentDirectoryTest" classname="UpliftTesting.UnitTesting.FileSystemUtilsTest" runstate="Runnable" seed="299731238" result="Passed" start-time="2017-08-16 14:37:01Z" end-time="2017-08-16 14:37:01Z" duration="0.000916" asserts="1" />
          <test-case id="0-1018" name="GetFilesRecursivelyTest" fullname="UpliftTesting.UnitTesting.FileSystemUtilsTest.GetFilesRecursivelyTest" methodname="GetFilesRecursivelyTest" classname="UpliftTesting.UnitTesting.FileSystemUtilsTest" runstate="Runnable" seed="882759529" result="Passed" start-time="2017-08-16 14:37:01Z" end-time="2017-08-16 14:37:01Z" duration="0.019257" asserts="1" />
          <test-case id="0-1017" name="GetFilesTest" fullname="UpliftTesting.UnitTesting.FileSystemUtilsTest.GetFilesTest" methodname="GetFilesTest" classname="UpliftTesting.UnitTesting.FileSystemUtilsTest" runstate="Runnable" seed="7974757" result="Passed" start-time="2017-08-16 14:37:01Z" end-time="2017-08-16 14:37:01Z" duration="0.011919" asserts="1" />
          <test-case id="0-1007" name="JoinPathsTest" fullname="UpliftTesting.UnitTesting.FileSystemUtilsTest.JoinPathsTest" methodname="JoinPathsTest" classname="UpliftTesting.UnitTesting.FileSystemUtilsTest" runstate="Runnable" seed="348006808" result="Passed" start-time="2017-08-16 14:37:01Z" end-time="2017-08-16 14:37:01Z" duration="0.000911" asserts="1" />
          <test-case id="0-1013" name="ReadTxtInFileTest" fullname="UpliftTesting.UnitTesting.FileSystemUtilsTest.ReadTxtInFileTest" methodname="ReadTxtInFileTest" classname="UpliftTesting.UnitTesting.FileSystemUtilsTest" runstate="Runnable" seed="1711163000" result="Passed" start-time="2017-08-16 14:37:01Z" end-time="2017-08-16 14:37:01Z" duration="0.005954" asserts="1" />
          <test-case id="0-1015" name="RecursivelyDirPathsTestLinux" fullname="UpliftTesting.UnitTesting.FileSystemUtilsTest.RecursivelyDirPathsTestLinux" methodname="RecursivelyDirPathsTestLinux" classname="UpliftTesting.UnitTesting.FileSystemUtilsTest" runstate="Skipped" seed="2068869297" result="Skipped" start-time="2017-08-16 14:37:01Z" end-time="2017-08-16 14:37:01Z" duration="0.002800" asserts="0">
            <properties>
              <property name="_SKIPREASON" value="Only supported on Linux" />
            </properties>
            <reason>
              <message><![CDATA[Only supported on Linux]]></message>
            </reason>
          </test-case>
          <test-case id="0-1016" name="RecursivelyDirPathsTestMac" fullname="UpliftTesting.UnitTesting.FileSystemUtilsTest.RecursivelyDirPathsTestMac" methodname="RecursivelyDirPathsTestMac" classname="UpliftTesting.UnitTesting.FileSystemUtilsTest" runstate="Skipped" seed="2122788724" result="Skipped" start-time="2017-08-16 14:37:01Z" end-time="2017-08-16 14:37:01Z" duration="0.000036" asserts="0">
            <properties>
              <property name="_SKIPREASON" value="Not supported on Win,Linux" />
            </properties>
            <reason>
              <message><![CDATA[Not supported on Win,Linux]]></message>
            </reason>
          </test-case>
          <test-case id="0-1014" name="RecursivelyDirPathsTestWindows" fullname="UpliftTesting.UnitTesting.FileSystemUtilsTest.RecursivelyDirPathsTestWindows" methodname="RecursivelyDirPathsTestWindows" classname="UpliftTesting.UnitTesting.FileSystemUtilsTest" runstate="Runnable" seed="399678428" result="Passed" start-time="2017-08-16 14:37:01Z" end-time="2017-08-16 14:37:01Z" duration="0.006515" asserts="1" />
          <test-case id="0-1026" name="RecursivelyListFilesRelativeTest" fullname="UpliftTesting.UnitTesting.FileSystemUtilsTest.RecursivelyListFilesRelativeTest" methodname="RecursivelyListFilesRelativeTest" classname="UpliftTesting.UnitTesting.FileSystemUtilsTest" runstate="Runnable" seed="1484703802" result="Passed" start-time="2017-08-16 14:37:01Z" end-time="2017-08-16 14:37:01Z" duration="0.019807" asserts="1" />
          <test-case id="0-1025" name="RecursivelyListFilesTest" fullname="UpliftTesting.UnitTesting.FileSystemUtilsTest.RecursivelyListFilesTest" methodname="RecursivelyListFilesTest" classname="UpliftTesting.UnitTesting.FileSystemUtilsTest" runstate="Runnable" seed="339060122" result="Passed" start-time="2017-08-16 14:37:01Z" end-time="2017-08-16 14:37:01Z" duration="0.017383" asserts="1" />
          <test-case id="0-1012" name="SaveTxtInFileTest" fullname="UpliftTesting.UnitTesting.FileSystemUtilsTest.SaveTxtInFileTest" methodname="SaveTxtInFileTest" classname="UpliftTesting.UnitTesting.FileSystemUtilsTest" runstate="Runnable" seed="439195531" result="Passed" start-time="2017-08-16 14:37:01Z" end-time="2017-08-16 14:37:01Z" duration="0.005121" asserts="1" />
        </test-suite>
        <test-suite type="TestFixture" id="0-1027" name="GetterSetterTest" fullname="UpliftTesting.UnitTesting.GetterSetterTest" classname="UpliftTesting.UnitTesting.GetterSetterTest" runstate="Runnable" testcasecount="2" result="Passed" start-time="2017-08-16 14:37:01Z" end-time="2017-08-16 14:37:01Z" duration="0.522339" total="2" passed="2" failed="0" warnings="0" inconclusive="0" skipped="0" asserts="10">
          <test-case id="0-1028" name="ConfigurationPropertiesTest" fullname="UpliftTesting.UnitTesting.GetterSetterTest.ConfigurationPropertiesTest" methodname="ConfigurationPropertiesTest" classname="UpliftTesting.UnitTesting.GetterSetterTest" runstate="Runnable" seed="1669329944" result="Passed" start-time="2017-08-16 14:37:01Z" end-time="2017-08-16 14:37:01Z" duration="0.494863" asserts="6" />
          <test-case id="0-1029" name="DependencyDefinitionPropertiesTest" fullname="UpliftTesting.UnitTesting.GetterSetterTest.DependencyDefinitionPropertiesTest" methodname="DependencyDefinitionPropertiesTest" classname="UpliftTesting.UnitTesting.GetterSetterTest" runstate="Runnable" seed="585095624" result="Passed" start-time="2017-08-16 14:37:01Z" end-time="2017-08-16 14:37:01Z" duration="0.021110" asserts="4" />
        </test-suite>
        <test-suite type="TestFixture" id="0-1030" name="InstalledPackagesTest" fullname="UpliftTesting.UnitTesting.InstalledPackagesTest" classname="UpliftTesting.UnitTesting.InstalledPackagesTest" runstate="Runnable" testcasecount="4" result="Failed" site="Child" start-time="2017-08-16 14:37:01Z" end-time="2017-08-16 14:37:01Z" duration="0.088620" total="4" passed="0" failed="4" warnings="0" inconclusive="0" skipped="0" asserts="5">
          <failure>
            <message><![CDATA[One or more child tests had errors]]></message>
          </failure>
          <test-case id="0-1033" name="NukeOtherInstallComplexTest" fullname="UpliftTesting.UnitTesting.InstalledPackagesTest.NukeOtherInstallComplexTest" methodname="NukeOtherInstallComplexTest" classname="UpliftTesting.UnitTesting.InstalledPackagesTest" runstate="Runnable" seed="369281088" result="Failed" label="Error" start-time="2017-08-16 14:37:01Z" end-time="2017-08-16 14:37:01Z" duration="0.015238" asserts="2">
            <failure>
              <message><![CDATA[System.Security.SecurityException : Les méthodes ECall doivent être empaquetées dans un module système.]]></message>
              <stack-trace><![CDATA[   à Uplift.Schemas.InstalledPackage.Nuke()
   à UpliftTesting.UnitTesting.InstalledPackagesTest.NukeOtherInstallComplexTest() dans C:\Users\Paul\Documents\Work\uplift\UpliftTesting\UnitTesting\InstalledPackagesTest.cs:ligne 103]]></stack-trace>
            </failure>
          </test-case>
          <test-case id="0-1032" name="NukeOtherInstallSimpleFileTest" fullname="UpliftTesting.UnitTesting.InstalledPackagesTest.NukeOtherInstallSimpleFileTest" methodname="NukeOtherInstallSimpleFileTest" classname="UpliftTesting.UnitTesting.InstalledPackagesTest" runstate="Runnable" seed="1694755570" result="Failed" label="Error" start-time="2017-08-16 14:37:01Z" end-time="2017-08-16 14:37:01Z" duration="0.012602" asserts="2">
            <failure>
              <message><![CDATA[System.Security.SecurityException : Les méthodes ECall doivent être empaquetées dans un module système.]]></message>
              <stack-trace><![CDATA[   à Uplift.Schemas.InstalledPackage.Nuke()
   à UpliftTesting.UnitTesting.InstalledPackagesTest.NukeOtherInstallSimpleFileTest() dans C:\Users\Paul\Documents\Work\uplift\UpliftTesting\UnitTesting\InstalledPackagesTest.cs:ligne 67]]></stack-trace>
            </failure>
          </test-case>
          <test-case id="0-1034" name="NukeOtherInstallWhenAbsentTest" fullname="UpliftTesting.UnitTesting.InstalledPackagesTest.NukeOtherInstallWhenAbsentTest" methodname="NukeOtherInstallWhenAbsentTest" classname="UpliftTesting.UnitTesting.InstalledPackagesTest" runstate="Runnable" seed="610020233" result="Failed" start-time="2017-08-16 14:37:01Z" end-time="2017-08-16 14:37:01Z" duration="0.042403" asserts="1">
            <failure>
              <message><![CDATA[  Expected: No Exception to be thrown
  But was:  <System.Security.SecurityException: Les méthodes ECall doivent être empaquetées dans un module système.
   à Uplift.Schemas.InstalledPackage.Nuke()
   à UpliftTesting.UnitTesting.InstalledPackagesTest.<>c__DisplayClass4_0.<NukeOtherInstallWhenAbsentTest>b__0() dans C:\Users\Paul\Documents\Work\uplift\UpliftTesting\UnitTesting\InstalledPackagesTest.cs:ligne 130
   à NUnit.Framework.Constraints.ThrowsConstraint.VoidInvocationDescriptor.Invoke()
   à NUnit.Framework.Constraints.ThrowsConstraint.ExceptionInterceptor.Intercept(Object invocation)
La zone de l'assembly qui a échoué était :
MyComputer>
]]></message>
              <stack-trace><![CDATA[à UpliftTesting.UnitTesting.InstalledPackagesTest.NukeOtherInstallWhenAbsentTest() dans C:\Users\Paul\Documents\Work\uplift\UpliftTesting\UnitTesting\InstalledPackagesTest.cs:ligne 130
]]></stack-trace>
            </failure>
            <assertions>
              <assertion result="Failed">
                <message><![CDATA[  Expected: No Exception to be thrown
  But was:  <System.Security.SecurityException: Les méthodes ECall doivent être empaquetées dans un module système.
   à Uplift.Schemas.InstalledPackage.Nuke()
   à UpliftTesting.UnitTesting.InstalledPackagesTest.<>c__DisplayClass4_0.<NukeOtherInstallWhenAbsentTest>b__0() dans C:\Users\Paul\Documents\Work\uplift\UpliftTesting\UnitTesting\InstalledPackagesTest.cs:ligne 130
   à NUnit.Framework.Constraints.ThrowsConstraint.VoidInvocationDescriptor.Invoke()
   à NUnit.Framework.Constraints.ThrowsConstraint.ExceptionInterceptor.Intercept(Object invocation)
La zone de l'assembly qui a échoué était :
MyComputer>
]]></message>
                <stack-trace><![CDATA[à UpliftTesting.UnitTesting.InstalledPackagesTest.NukeOtherInstallWhenAbsentTest() dans C:\Users\Paul\Documents\Work\uplift\UpliftTesting\UnitTesting\InstalledPackagesTest.cs:ligne 130
]]></stack-trace>
              </assertion>
            </assertions>
          </test-case>
          <test-case id="0-1031" name="NukeRootInstallTest" fullname="UpliftTesting.UnitTesting.InstalledPackagesTest.NukeRootInstallTest" methodname="NukeRootInstallTest" classname="UpliftTesting.UnitTesting.InstalledPackagesTest" runstate="Runnable" seed="1755001938" result="Failed" label="Error" start-time="2017-08-16 14:37:01Z" end-time="2017-08-16 14:37:01Z" duration="0.005850" asserts="0">
            <failure>
              <message><![CDATA[System.Security.SecurityException : Les méthodes ECall doivent être empaquetées dans un module système.]]></message>
              <stack-trace><![CDATA[   à Uplift.Schemas.InstalledPackage.Nuke()
   à UpliftTesting.UnitTesting.InstalledPackagesTest.NukeRootInstallTest() dans C:\Users\Paul\Documents\Work\uplift\UpliftTesting\UnitTesting\InstalledPackagesTest.cs:ligne 34]]></stack-trace>
            </failure>
          </test-case>
        </test-suite>
        <test-suite type="TestFixture" id="0-1035" name="LatestSelectionStrategyTest" fullname="UpliftTesting.UnitTesting.LatestSelectionStrategyTest" classname="UpliftTesting.UnitTesting.LatestSelectionStrategyTest" runstate="Runnable" testcasecount="1" result="Passed" start-time="2017-08-16 14:37:01Z" end-time="2017-08-16 14:37:01Z" duration="0.043489" total="1" passed="1" failed="0" warnings="0" inconclusive="0" skipped="0" asserts="1">
          <test-case id="0-1036" name="FilterTest" fullname="UpliftTesting.UnitTesting.LatestSelectionStrategyTest.FilterTest" methodname="FilterTest" classname="UpliftTesting.UnitTesting.LatestSelectionStrategyTest" runstate="Runnable" seed="1680898537" result="Passed" start-time="2017-08-16 14:37:01Z" end-time="2017-08-16 14:37:01Z" duration="0.040157" asserts="1" />
        </test-suite>
        <test-suite type="TestFixture" id="0-1037" name="LocalHandlerTest" fullname="UpliftTesting.UnitTesting.LocalHandlerTest" classname="UpliftTesting.UnitTesting.LocalHandlerTest" runstate="Runnable" testcasecount="3" result="Failed" site="Child" start-time="2017-08-16 14:37:01Z" end-time="2017-08-16 14:37:02Z" duration="0.099122" total="3" passed="2" failed="1" warnings="0" inconclusive="0" skipped="0" asserts="2">
          <failure>
            <message><![CDATA[One or more child tests had errors]]></message>
          </failure>
          <test-case id="0-1040" name="GetPackageDirectory" fullname="UpliftTesting.UnitTesting.LocalHandlerTest.GetPackageDirectory" methodname="GetPackageDirectory" classname="UpliftTesting.UnitTesting.LocalHandlerTest" runstate="Runnable" seed="1950738212" result="Passed" start-time="2017-08-16 14:37:01Z" end-time="2017-08-16 14:37:01Z" duration="0.000878" asserts="1" />
          <test-case id="0-1039" name="GetRepositoryInstallPathTest" fullname="UpliftTesting.UnitTesting.LocalHandlerTest.GetRepositoryInstallPathTest" methodname="GetRepositoryInstallPathTest" classname="UpliftTesting.UnitTesting.LocalHandlerTest" runstate="Runnable" seed="1941533805" result="Passed" start-time="2017-08-16 14:37:01Z" end-time="2017-08-16 14:37:01Z" duration="0.001620" asserts="1" />
          <test-case id="0-1038" name="NukeAllPackagesTest" fullname="UpliftTesting.UnitTesting.LocalHandlerTest.NukeAllPackagesTest" methodname="NukeAllPackagesTest" classname="UpliftTesting.UnitTesting.LocalHandlerTest" runstate="Runnable" seed="1822261559" result="Failed" label="Error" start-time="2017-08-16 14:37:01Z" end-time="2017-08-16 14:37:02Z" duration="0.087239" asserts="0">
            <failure>
              <message><![CDATA[System.Security.SecurityException : Les méthodes ECall doivent être empaquetées dans un module système.]]></message>
              <stack-trace><![CDATA[   à Uplift.Schemas.InstalledPackage.Nuke()
   à Uplift.Packages.LocalHandler.NukeAllPackages() dans C:\Users\Paul\Documents\Work\uplift\Assets\Plugins\Editor\Uplift\Packages\LocalHandler.cs:ligne 17
   à UpliftTesting.UnitTesting.LocalHandlerTest.NukeAllPackagesTest() dans C:\Users\Paul\Documents\Work\uplift\UpliftTesting\UnitTesting\LocalHandlerTest.cs:ligne 70]]></stack-trace>
            </failure>
          </test-case>
        </test-suite>
        <test-suite type="TestFixture" id="0-1041" name="PackageHandlerTest" fullname="UpliftTesting.UnitTesting.PackageHandlerTest" classname="UpliftTesting.UnitTesting.PackageHandlerTest" runstate="Runnable" testcasecount="9" result="Passed" start-time="2017-08-16 14:37:02Z" end-time="2017-08-16 14:37:02Z" duration="0.498372" total="9" passed="9" failed="0" warnings="0" inconclusive="0" skipped="0" asserts="24">
          <test-case id="0-1042" name="FindCandidateForDefinitionTest" fullname="UpliftTesting.UnitTesting.PackageHandlerTest.FindCandidateForDefinitionTest" methodname="FindCandidateForDefinitionTest" classname="UpliftTesting.UnitTesting.PackageHandlerTest" runstate="Runnable" seed="972256615" result="Passed" start-time="2017-08-16 14:37:02Z" end-time="2017-08-16 14:37:02Z" duration="0.307375" asserts="3" />
          <test-case id="0-1043" name="FindPackageAndRepositoryTest" fullname="UpliftTesting.UnitTesting.PackageHandlerTest.FindPackageAndRepositoryTest" methodname="FindPackageAndRepositoryTest" classname="UpliftTesting.UnitTesting.PackageHandlerTest" runstate="Runnable" seed="899756282" result="Passed" start-time="2017-08-16 14:37:02Z" end-time="2017-08-16 14:37:02Z" duration="0.004645" asserts="1" />
          <test-case id="0-1044" name="FindPackageAndRepositoryTestFail" fullname="UpliftTesting.UnitTesting.PackageHandlerTest.FindPackageAndRepositoryTestFail" methodname="FindPackageAndRepositoryTestFail" classname="UpliftTesting.UnitTesting.PackageHandlerTest" runstate="Runnable" seed="1692033171" result="Passed" start-time="2017-08-16 14:37:02Z" end-time="2017-08-16 14:37:02Z" duration="0.000848" asserts="1" />
          <test-case id="0-1050" name="PackageDependencyVersionComparison" fullname="UpliftTesting.UnitTesting.PackageHandlerTest.PackageDependencyVersionComparison" methodname="PackageDependencyVersionComparison" classname="UpliftTesting.UnitTesting.PackageHandlerTest" runstate="Runnable" seed="769347386" result="Passed" start-time="2017-08-16 14:37:02Z" end-time="2017-08-16 14:37:02Z" duration="0.001154" asserts="1" />
          <test-case id="0-1046" name="SelectCandidatesMultipleStrategies" fullname="UpliftTesting.UnitTesting.PackageHandlerTest.SelectCandidatesMultipleStrategies" methodname="SelectCandidatesMultipleStrategies" classname="UpliftTesting.UnitTesting.PackageHandlerTest" runstate="Runnable" seed="251472626" result="Passed" start-time="2017-08-16 14:37:02Z" end-time="2017-08-16 14:37:02Z" duration="0.133913" asserts="3" />
          <test-case id="0-1045" name="SelectCandidatesSingleStrategy" fullname="UpliftTesting.UnitTesting.PackageHandlerTest.SelectCandidatesSingleStrategy" methodname="SelectCandidatesSingleStrategy" classname="UpliftTesting.UnitTesting.PackageHandlerTest" runstate="Runnable" seed="818296572" result="Passed" start-time="2017-08-16 14:37:02Z" end-time="2017-08-16 14:37:02Z" duration="0.015527" asserts="3" />
          <test-case id="0-1049" name="VersionComparisonTest" fullname="UpliftTesting.UnitTesting.PackageHandlerTest.VersionComparisonTest" methodname="VersionComparisonTest" classname="UpliftTesting.UnitTesting.PackageHandlerTest" runstate="Runnable" seed="632449620" result="Passed" start-time="2017-08-16 14:37:02Z" end-time="2017-08-16 14:37:02Z" duration="0.003958" asserts="7" />
          <test-case id="0-1048" name="VersionParsingFailureTest" fullname="UpliftTesting.UnitTesting.PackageHandlerTest.VersionParsingFailureTest" methodname="VersionParsingFailureTest" classname="UpliftTesting.UnitTesting.PackageHandlerTest" runstate="Runnable" seed="638625024" result="Passed" start-time="2017-08-16 14:37:02Z" end-time="2017-08-16 14:37:02Z" duration="0.001646" asserts="1" />
          <test-case id="0-1047" name="VersionStringParsingTest" fullname="UpliftTesting.UnitTesting.PackageHandlerTest.VersionStringParsingTest" methodname="VersionStringParsingTest" classname="UpliftTesting.UnitTesting.PackageHandlerTest" runstate="Runnable" seed="23521064" result="Passed" start-time="2017-08-16 14:37:02Z" end-time="2017-08-16 14:37:02Z" duration="0.002273" asserts="4" />
        </test-suite>
        <test-suite type="TestFixture" id="0-1051" name="PackageListTest" fullname="UpliftTesting.UnitTesting.PackageListTest" classname="UpliftTesting.UnitTesting.PackageListTest" runstate="Runnable" testcasecount="7" result="Passed" start-time="2017-08-16 14:37:02Z" end-time="2017-08-16 14:37:02Z" duration="0.082126" total="7" passed="7" failed="0" warnings="0" inconclusive="0" skipped="0" asserts="14">
          <test-case id="0-1053" name="GetEmptyPackagesTest" fullname="UpliftTesting.UnitTesting.PackageListTest.GetEmptyPackagesTest" methodname="GetEmptyPackagesTest" classname="UpliftTesting.UnitTesting.PackageListTest" runstate="Runnable" seed="1237272664" result="Passed" start-time="2017-08-16 14:37:02Z" end-time="2017-08-16 14:37:02Z" duration="0.003980" asserts="1" />
          <test-case id="0-1058" name="GetLatestPackageTest" fullname="UpliftTesting.UnitTesting.PackageListTest.GetLatestPackageTest" methodname="GetLatestPackageTest" classname="UpliftTesting.UnitTesting.PackageListTest" runstate="Runnable" seed="321740889" result="Passed" start-time="2017-08-16 14:37:02Z" end-time="2017-08-16 14:37:02Z" duration="0.010010" asserts="1" />
          <test-case id="0-1057" name="LoadPackagesForceRefreshTest" fullname="UpliftTesting.UnitTesting.PackageListTest.LoadPackagesForceRefreshTest" methodname="LoadPackagesForceRefreshTest" classname="UpliftTesting.UnitTesting.PackageListTest" runstate="Runnable" seed="699423977" result="Passed" start-time="2017-08-16 14:37:02Z" end-time="2017-08-16 14:37:02Z" duration="0.025723" asserts="4" />
          <test-case id="0-1056" name="LoadPackagesMultipleRepoTest" fullname="UpliftTesting.UnitTesting.PackageListTest.LoadPackagesMultipleRepoTest" methodname="LoadPackagesMultipleRepoTest" classname="UpliftTesting.UnitTesting.PackageListTest" runstate="Runnable" seed="332890450" result="Passed" start-time="2017-08-16 14:37:02Z" end-time="2017-08-16 14:37:02Z" duration="0.008600" asserts="4" />
          <test-case id="0-1054" name="LoadPackagesSingleRepoTest" fullname="UpliftTesting.UnitTesting.PackageListTest.LoadPackagesSingleRepoTest" methodname="LoadPackagesSingleRepoTest" classname="UpliftTesting.UnitTesting.PackageListTest" runstate="Runnable" seed="1556416381" result="Passed" start-time="2017-08-16 14:37:02Z" end-time="2017-08-16 14:37:02Z" duration="0.004368" asserts="1" />
          <test-case id="0-1052" name="PackageListUniqueInstanceTest" fullname="UpliftTesting.UnitTesting.PackageListTest.PackageListUniqueInstanceTest" methodname="PackageListUniqueInstanceTest" classname="UpliftTesting.UnitTesting.PackageListTest" runstate="Runnable" seed="1049742213" result="Passed" start-time="2017-08-16 14:37:02Z" end-time="2017-08-16 14:37:02Z" duration="0.002378" asserts="1" />
          <test-case id="0-1055" name="RefreshPackagesTest" fullname="UpliftTesting.UnitTesting.PackageListTest.RefreshPackagesTest" methodname="RefreshPackagesTest" classname="UpliftTesting.UnitTesting.PackageListTest" runstate="Runnable" seed="1059503952" result="Passed" start-time="2017-08-16 14:37:02Z" end-time="2017-08-16 14:37:02Z" duration="0.004792" asserts="2" />
        </test-suite>
        <test-suite type="TestFixture" id="0-1059" name="UpbringTest" fullname="UpliftTesting.UnitTesting.UpbringTest" classname="UpliftTesting.UnitTesting.UpbringTest" runstate="Runnable" testcasecount="11" result="Passed" start-time="2017-08-16 14:37:02Z" end-time="2017-08-16 14:37:02Z" duration="0.097626" total="11" passed="11" failed="0" warnings="0" inconclusive="0" skipped="0" asserts="12">
          <test-case id="0-1062" name="AddExistingPackageTest" fullname="UpliftTesting.UnitTesting.UpbringTest.AddExistingPackageTest" methodname="AddExistingPackageTest" classname="UpliftTesting.UnitTesting.UpbringTest" runstate="Runnable" seed="1105666696" result="Passed" start-time="2017-08-16 14:37:02Z" end-time="2017-08-16 14:37:02Z" duration="0.004628" asserts="1" />
          <test-case id="0-1066" name="AddLocationNoMatchingPackage" fullname="UpliftTesting.UnitTesting.UpbringTest.AddLocationNoMatchingPackage" methodname="AddLocationNoMatchingPackage" classname="UpliftTesting.UnitTesting.UpbringTest" runstate="Runnable" seed="781064445" result="Passed" start-time="2017-08-16 14:37:02Z" end-time="2017-08-16 14:37:02Z" duration="0.007295" asserts="1" />
          <test-case id="0-1064" name="AddLocationWhenAnotherTest" fullname="UpliftTesting.UnitTesting.UpbringTest.AddLocationWhenAnotherTest" methodname="AddLocationWhenAnotherTest" classname="UpliftTesting.UnitTesting.UpbringTest" runstate="Runnable" seed="1461886220" result="Passed" start-time="2017-08-16 14:37:02Z" end-time="2017-08-16 14:37:02Z" duration="0.001932" asserts="1" />
          <test-case id="0-1065" name="AddLocationWhenExistingTest" fullname="UpliftTesting.UnitTesting.UpbringTest.AddLocationWhenExistingTest" methodname="AddLocationWhenExistingTest" classname="UpliftTesting.UnitTesting.UpbringTest" runstate="Runnable" seed="469767176" result="Passed" start-time="2017-08-16 14:37:02Z" end-time="2017-08-16 14:37:02Z" duration="0.001396" asserts="1" />
          <test-case id="0-1063" name="AddLocationWhenNoneTest" fullname="UpliftTesting.UnitTesting.UpbringTest.AddLocationWhenNoneTest" methodname="AddLocationWhenNoneTest" classname="UpliftTesting.UnitTesting.UpbringTest" runstate="Runnable" seed="2083626243" result="Passed" start-time="2017-08-16 14:37:02Z" end-time="2017-08-16 14:37:02Z" duration="0.001480" asserts="1" />
          <test-case id="0-1061" name="AddPackageTest" fullname="UpliftTesting.UnitTesting.UpbringTest.AddPackageTest" methodname="AddPackageTest" classname="UpliftTesting.UnitTesting.UpbringTest" runstate="Runnable" seed="1256444096" result="Passed" start-time="2017-08-16 14:37:02Z" end-time="2017-08-16 14:37:02Z" duration="0.002626" asserts="2" />
          <test-case id="0-1068" name="FromXmlWhenAbsentTest" fullname="UpliftTesting.UnitTesting.UpbringTest.FromXmlWhenAbsentTest" methodname="FromXmlWhenAbsentTest" classname="UpliftTesting.UnitTesting.UpbringTest" runstate="Runnable" seed="1487106056" result="Passed" start-time="2017-08-16 14:37:02Z" end-time="2017-08-16 14:37:02Z" duration="0.005876" asserts="1" />
          <test-case id="0-1067" name="FromXmlWhenPresentTest" fullname="UpliftTesting.UnitTesting.UpbringTest.FromXmlWhenPresentTest" methodname="FromXmlWhenPresentTest" classname="UpliftTesting.UnitTesting.UpbringTest" runstate="Runnable" seed="1454931327" result="Passed" start-time="2017-08-16 14:37:02Z" end-time="2017-08-16 14:37:02Z" duration="0.012412" asserts="1" />
          <test-case id="0-1060" name="GetInstalledPackageTest" fullname="UpliftTesting.UnitTesting.UpbringTest.GetInstalledPackageTest" methodname="GetInstalledPackageTest" classname="UpliftTesting.UnitTesting.UpbringTest" runstate="Runnable" seed="1261669770" result="Passed" start-time="2017-08-16 14:37:02Z" end-time="2017-08-16 14:37:02Z" duration="0.004099" asserts="1" />
          <test-case id="0-1070" name="RemoveFileTest" fullname="UpliftTesting.UnitTesting.UpbringTest.RemoveFileTest" methodname="RemoveFileTest" classname="UpliftTesting.UnitTesting.UpbringTest" runstate="Runnable" seed="297244686" result="Passed" start-time="2017-08-16 14:37:02Z" end-time="2017-08-16 14:37:02Z" duration="0.007375" asserts="1" />
          <test-case id="0-1069" name="SaveFileTest" fullname="UpliftTesting.UnitTesting.UpbringTest.SaveFileTest" methodname="SaveFileTest" classname="UpliftTesting.UnitTesting.UpbringTest" runstate="Runnable" seed="120427129" result="Passed" start-time="2017-08-16 14:37:02Z" end-time="2017-08-16 14:37:02Z" duration="0.015761" asserts="1" />
        </test-suite>
        <test-suite type="TestFixture" id="0-1071" name="UpfileHandlerTest" fullname="UpliftTesting.UnitTesting.UpfileHandlerTest" classname="UpliftTesting.UnitTesting.UpfileHandlerTest" runstate="Runnable" testcasecount="13" result="Passed" start-time="2017-08-16 14:37:02Z" end-time="2017-08-16 14:37:02Z" duration="0.086618" total="13" passed="13" failed="0" warnings="0" inconclusive="0" skipped="0" asserts="17">
          <test-case id="0-1073" name="CheckForUpfileTest" fullname="UpliftTesting.UnitTesting.UpfileHandlerTest.CheckForUpfileTest" methodname="CheckForUpfileTest" classname="UpliftTesting.UnitTesting.UpfileHandlerTest" runstate="Runnable" seed="20125112" result="Passed" start-time="2017-08-16 14:37:02Z" end-time="2017-08-16 14:37:02Z" duration="0.006040" asserts="1" />
          <test-case id="0-1074" name="CheckForUpfileTestFail" fullname="UpliftTesting.UnitTesting.UpfileHandlerTest.CheckForUpfileTestFail" methodname="CheckForUpfileTestFail" classname="UpliftTesting.UnitTesting.UpfileHandlerTest" runstate="Runnable" seed="1827443789" result="Passed" start-time="2017-08-16 14:37:02Z" end-time="2017-08-16 14:37:02Z" duration="0.003403" asserts="1" />
          <test-case id="0-1082" name="GetDestinationDefaultTest" fullname="UpliftTesting.UnitTesting.UpfileHandlerTest.GetDestinationDefaultTest" methodname="GetDestinationDefaultTest" classname="UpliftTesting.UnitTesting.UpfileHandlerTest" runstate="Runnable" seed="1290769909" result="Passed" start-time="2017-08-16 14:37:02Z" end-time="2017-08-16 14:37:02Z" duration="0.002373" asserts="1" />
          <test-case id="0-1078" name="GetDestinationForBaseTest" fullname="UpliftTesting.UnitTesting.UpfileHandlerTest.GetDestinationForBaseTest" methodname="GetDestinationForBaseTest" classname="UpliftTesting.UnitTesting.UpfileHandlerTest" runstate="Runnable" seed="591372372" result="Passed" start-time="2017-08-16 14:37:02Z" end-time="2017-08-16 14:37:02Z" duration="0.000913" asserts="1" />
          <test-case id="0-1079" name="GetDestinationForDocsTest" fullname="UpliftTesting.UnitTesting.UpfileHandlerTest.GetDestinationForDocsTest" methodname="GetDestinationForDocsTest" classname="UpliftTesting.UnitTesting.UpfileHandlerTest" runstate="Runnable" seed="1385460661" result="Passed" start-time="2017-08-16 14:37:02Z" end-time="2017-08-16 14:37:02Z" duration="0.001141" asserts="1" />
          <test-case id="0-1080" name="GetDestinationForExamplesTest" fullname="UpliftTesting.UnitTesting.UpfileHandlerTest.GetDestinationForExamplesTest" methodname="GetDestinationForExamplesTest" classname="UpliftTesting.UnitTesting.UpfileHandlerTest" runstate="Runnable" seed="927885688" result="Passed" start-time="2017-08-16 14:37:02Z" end-time="2017-08-16 14:37:02Z" duration="0.001082" asserts="1" />
          <test-case id="0-1083" name="GetDestinationForGenericPluginTest" fullname="UpliftTesting.UnitTesting.UpfileHandlerTest.GetDestinationForGenericPluginTest" methodname="GetDestinationForGenericPluginTest" classname="UpliftTesting.UnitTesting.UpfileHandlerTest" runstate="Runnable" seed="441241222" result="Passed" start-time="2017-08-16 14:37:02Z" end-time="2017-08-16 14:37:02Z" duration="0.002297" asserts="2" />
          <test-case id="0-1084" name="GetDestinationForIOSPluginTest" fullname="UpliftTesting.UnitTesting.UpfileHandlerTest.GetDestinationForIOSPluginTest" methodname="GetDestinationForIOSPluginTest" classname="UpliftTesting.UnitTesting.UpfileHandlerTest" runstate="Runnable" seed="918569286" result="Passed" start-time="2017-08-16 14:37:02Z" end-time="2017-08-16 14:37:02Z" duration="0.001245" asserts="2" />
          <test-case id="0-1081" name="GetDestinationForMediaTest" fullname="UpliftTesting.UnitTesting.UpfileHandlerTest.GetDestinationForMediaTest" methodname="GetDestinationForMediaTest" classname="UpliftTesting.UnitTesting.UpfileHandlerTest" runstate="Runnable" seed="1322664458" result="Passed" start-time="2017-08-16 14:37:02Z" end-time="2017-08-16 14:37:02Z" duration="0.001016" asserts="1" />
          <test-case id="0-1077" name="GetPackagesRootPathTest" fullname="UpliftTesting.UnitTesting.UpfileHandlerTest.GetPackagesRootPathTest" methodname="GetPackagesRootPathTest" classname="UpliftTesting.UnitTesting.UpfileHandlerTest" runstate="Runnable" seed="1490460096" result="Passed" start-time="2017-08-16 14:37:02Z" end-time="2017-08-16 14:37:02Z" duration="0.000666" asserts="1" />
          <test-case id="0-1076" name="LoadPackagesListTest" fullname="UpliftTesting.UnitTesting.UpfileHandlerTest.LoadPackagesListTest" methodname="LoadPackagesListTest" classname="UpliftTesting.UnitTesting.UpfileHandlerTest" runstate="Runnable" seed="500667159" result="Passed" start-time="2017-08-16 14:37:02Z" end-time="2017-08-16 14:37:02Z" duration="0.004189" asserts="1" />
          <test-case id="0-1075" name="LoadUpfileTest" fullname="UpliftTesting.UnitTesting.UpfileHandlerTest.LoadUpfileTest" methodname="LoadUpfileTest" classname="UpliftTesting.UnitTesting.UpfileHandlerTest" runstate="Runnable" seed="485503896" result="Passed" start-time="2017-08-16 14:37:02Z" end-time="2017-08-16 14:37:02Z" duration="0.020195" asserts="3" />
          <test-case id="0-1072" name="UpfileHandlerUniqueInstanceTest" fullname="UpliftTesting.UnitTesting.UpfileHandlerTest.UpfileHandlerUniqueInstanceTest" methodname="UpfileHandlerUniqueInstanceTest" classname="UpliftTesting.UnitTesting.UpfileHandlerTest" runstate="Runnable" seed="43912509" result="Passed" start-time="2017-08-16 14:37:02Z" end-time="2017-08-16 14:37:02Z" duration="0.000511" asserts="1" />
        </test-suite>
      </test-suite>
    </test-suite>
  </test-suite>
</test-run>