<?xml version="1.0" encoding="utf-8" standalone="no"?>
<test-run id="2" testcasecount="76" result="Passed" total="76" passed="74" failed="0" inconclusive="0" skipped="2" asserts="156" engine-version="3.7.0.0" clr-version="4.0.30319.42000" start-time="2017-07-31 11:49:59Z" end-time="2017-07-31 11:50:03Z" duration="3.673274">
  <command-line><![CDATA[..\packages\NUnit.ConsoleRunner.3.7.0\tools\nunit3-console.exe  ..\bin\Debug\UpliftTesting.dll --result=FullTest.xml]]></command-line>
  <test-suite type="Assembly" id="0-1087" name="UpliftTesting.dll" fullname="C:\Users\Paul\Documents\Work\uplift\UpliftTesting\bin\Debug\UpliftTesting.dll" runstate="Runnable" testcasecount="76" result="Passed" start-time="2017-07-31 11:50:00Z" end-time="2017-07-31 11:50:03Z" duration="2.625076" total="76" passed="74" failed="0" inconclusive="0" skipped="2" asserts="156">
    <environment framework-version="3.5.0.0" clr-version="4.0.30319.42000" os-version="Microsoft Windows NT 10.0.15063.0" platform="Win32NT" cwd="C:\Users\Paul\Documents\Work\uplift\UpliftTesting\TestResults" machine-name="PC_PAUL" user="Paul" user-domain="PC_PAUL" culture="fr-FR" uiculture="fr-FR" os-architecture="x64" />
    <settings>
      <setting name="DisposeRunners" value="True" />
      <setting name="WorkDirectory" value="C:\Users\Paul\Documents\Work\uplift\UpliftTesting\TestResults" />
      <setting name="ImageRuntimeVersion" value="4.0.30319" />
      <setting name="ImageTargetFrameworkName" value=".NETFramework,Version=v4.5" />
      <setting name="ImageRequiresX86" value="False" />
      <setting name="ImageRequiresDefaultAppDomainAssemblyResolver" value="False" />
    </settings>
    <properties>
      <property name="_PID" value="11632" />
      <property name="_APPDOMAIN" value="domain-" />
    </properties>
    <test-suite type="TestSuite" id="0-1088" name="UpliftTesting" fullname="UpliftTesting" runstate="Runnable" testcasecount="76" result="Passed" start-time="2017-07-31 11:50:00Z" end-time="2017-07-31 11:50:03Z" duration="2.554463" total="76" passed="74" failed="0" inconclusive="0" skipped="2" asserts="156">
      <test-suite type="TestSuite" id="0-1090" name="IntegrationTesting" fullname="UpliftTesting.IntegrationTesting" runstate="Runnable" testcasecount="1" result="Passed" start-time="2017-07-31 11:50:00Z" end-time="2017-07-31 11:50:01Z" duration="0.727422" total="1" passed="1" failed="0" inconclusive="0" skipped="0" asserts="25">
        <test-suite type="TestFixture" id="0-1085" name="BasicPackageInstallation" fullname="UpliftTesting.IntegrationTesting.BasicPackageInstallation" classname="UpliftTesting.IntegrationTesting.BasicPackageInstallation" runstate="Runnable" testcasecount="1" result="Passed" start-time="2017-07-31 11:50:00Z" end-time="2017-07-31 11:50:01Z" duration="0.710834" total="1" passed="1" failed="0" inconclusive="0" skipped="0" asserts="25">
          <test-case id="0-1086" name="SuccessfullStubbing" fullname="UpliftTesting.IntegrationTesting.BasicPackageInstallation.SuccessfullStubbing" methodname="SuccessfullStubbing" classname="UpliftTesting.IntegrationTesting.BasicPackageInstallation" runstate="Runnable" seed="2066670913" result="Passed" start-time="2017-07-31 11:50:00Z" end-time="2017-07-31 11:50:01Z" duration="0.677547" asserts="25" />
        </test-suite>
      </test-suite>
      <test-suite type="TestSuite" id="0-1089" name="UnitTesting" fullname="UpliftTesting.UnitTesting" runstate="Runnable" testcasecount="75" result="Passed" start-time="2017-07-31 11:50:01Z" end-time="2017-07-31 11:50:03Z" duration="1.797388" total="75" passed="73" failed="0" inconclusive="0" skipped="2" asserts="131">
        <test-suite type="TestFixture" id="0-1000" name="FileRepositoryTest" fullname="UpliftTesting.UnitTesting.FileRepositoryTest" classname="UpliftTesting.UnitTesting.FileRepositoryTest" runstate="Runnable" testcasecount="5" result="Passed" start-time="2017-07-31 11:50:01Z" end-time="2017-07-31 11:50:01Z" duration="0.153138" total="5" passed="5" failed="0" inconclusive="0" skipped="0" asserts="15">
          <test-case id="0-1005" name="DownloadPackageFromBadFormatTest" fullname="UpliftTesting.UnitTesting.FileRepositoryTest.DownloadPackageFromBadFormatTest" methodname="DownloadPackageFromBadFormatTest" classname="UpliftTesting.UnitTesting.FileRepositoryTest" runstate="Runnable" seed="508028913" result="Passed" start-time="2017-07-31 11:50:01Z" end-time="2017-07-31 11:50:01Z" duration="0.003191" asserts="2" />
          <test-case id="0-1003" name="DownloadPackageFromDirectoryTest" fullname="UpliftTesting.UnitTesting.FileRepositoryTest.DownloadPackageFromDirectoryTest" methodname="DownloadPackageFromDirectoryTest" classname="UpliftTesting.UnitTesting.FileRepositoryTest" runstate="Runnable" seed="1009988290" result="Passed" start-time="2017-07-31 11:50:01Z" end-time="2017-07-31 11:50:01Z" duration="0.007416" asserts="2" />
          <test-case id="0-1004" name="DownloadPackageFromUnityPackageTest" fullname="UpliftTesting.UnitTesting.FileRepositoryTest.DownloadPackageFromUnityPackageTest" methodname="DownloadPackageFromUnityPackageTest" classname="UpliftTesting.UnitTesting.FileRepositoryTest" runstate="Runnable" seed="989161362" result="Passed" start-time="2017-07-31 11:50:01Z" end-time="2017-07-31 11:50:01Z" duration="0.050902" asserts="4" />
          <test-case id="0-1002" name="ListPackagesFromDirectoriesTest" fullname="UpliftTesting.UnitTesting.FileRepositoryTest.ListPackagesFromDirectoriesTest" methodname="ListPackagesFromDirectoriesTest" classname="UpliftTesting.UnitTesting.FileRepositoryTest" runstate="Runnable" seed="1556756416" result="Passed" start-time="2017-07-31 11:50:01Z" end-time="2017-07-31 11:50:01Z" duration="0.013952" asserts="4" />
          <test-case id="0-1001" name="ListPackagesFromUnityPackagesTest" fullname="UpliftTesting.UnitTesting.FileRepositoryTest.ListPackagesFromUnityPackagesTest" methodname="ListPackagesFromUnityPackagesTest" classname="UpliftTesting.UnitTesting.FileRepositoryTest" runstate="Runnable" seed="1436086738" result="Passed" start-time="2017-07-31 11:50:01Z" end-time="2017-07-31 11:50:01Z" duration="0.004167" asserts="3" />
        </test-suite>
        <test-suite type="TestFixture" id="0-1028" name="FileSystemUtilsTest" fullname="UpliftTesting.UnitTesting.FileSystemUtilsTest" classname="UpliftTesting.UnitTesting.FileSystemUtilsTest" runstate="Runnable" testcasecount="20" result="Passed" start-time="2017-07-31 11:50:01Z" end-time="2017-07-31 11:50:01Z" duration="0.325703" total="20" passed="18" failed="0" inconclusive="0" skipped="2" asserts="19">
          <test-case id="0-1046" name="CopyAndIgnoreDirectoryTest" fullname="UpliftTesting.UnitTesting.FileSystemUtilsTest.CopyAndIgnoreDirectoryTest" methodname="CopyAndIgnoreDirectoryTest" classname="UpliftTesting.UnitTesting.FileSystemUtilsTest" runstate="Runnable" seed="1270388400" result="Passed" start-time="2017-07-31 11:50:01Z" end-time="2017-07-31 11:50:01Z" duration="0.004827" asserts="2" />
          <test-case id="0-1045" name="CopyDirectoryRecursivelyTest" fullname="UpliftTesting.UnitTesting.FileSystemUtilsTest.CopyDirectoryRecursivelyTest" methodname="CopyDirectoryRecursivelyTest" classname="UpliftTesting.UnitTesting.FileSystemUtilsTest" runstate="Runnable" seed="1125821370" result="Passed" start-time="2017-07-31 11:50:01Z" end-time="2017-07-31 11:50:01Z" duration="0.003297" asserts="1" />
          <test-case id="0-1043" name="CopyDirectoryTest" fullname="UpliftTesting.UnitTesting.FileSystemUtilsTest.CopyDirectoryTest" methodname="CopyDirectoryTest" classname="UpliftTesting.UnitTesting.FileSystemUtilsTest" runstate="Runnable" seed="49117050" result="Passed" start-time="2017-07-31 11:50:01Z" end-time="2017-07-31 11:50:01Z" duration="0.001790" asserts="1" />
          <test-case id="0-1044" name="CopyToExitstingDirectoryTest" fullname="UpliftTesting.UnitTesting.FileSystemUtilsTest.CopyToExitstingDirectoryTest" methodname="CopyToExitstingDirectoryTest" classname="UpliftTesting.UnitTesting.FileSystemUtilsTest" runstate="Runnable" seed="1435751622" result="Passed" start-time="2017-07-31 11:50:01Z" end-time="2017-07-31 11:50:01Z" duration="0.001758" asserts="1" />
          <test-case id="0-1030" name="EnsureMissingParentExistsTest" fullname="UpliftTesting.UnitTesting.FileSystemUtilsTest.EnsureMissingParentExistsTest" methodname="EnsureMissingParentExistsTest" classname="UpliftTesting.UnitTesting.FileSystemUtilsTest" runstate="Runnable" seed="939205856" result="Passed" start-time="2017-07-31 11:50:01Z" end-time="2017-07-31 11:50:01Z" duration="0.001319" asserts="1" />
          <test-case id="0-1031" name="EnsurePresentParentExistsTest" fullname="UpliftTesting.UnitTesting.FileSystemUtilsTest.EnsurePresentParentExistsTest" methodname="EnsurePresentParentExistsTest" classname="UpliftTesting.UnitTesting.FileSystemUtilsTest" runstate="Runnable" seed="1829697675" result="Passed" start-time="2017-07-31 11:50:01Z" end-time="2017-07-31 11:50:01Z" duration="0.001165" asserts="1" />
          <test-case id="0-1032" name="GetAbsolutePathTest" fullname="UpliftTesting.UnitTesting.FileSystemUtilsTest.GetAbsolutePathTest" methodname="GetAbsolutePathTest" classname="UpliftTesting.UnitTesting.FileSystemUtilsTest" runstate="Runnable" seed="678339100" result="Passed" start-time="2017-07-31 11:50:01Z" end-time="2017-07-31 11:50:01Z" duration="0.001487" asserts="1" />
          <test-case id="0-1033" name="GetAbsolutePathTestFail" fullname="UpliftTesting.UnitTesting.FileSystemUtilsTest.GetAbsolutePathTestFail" methodname="GetAbsolutePathTestFail" classname="UpliftTesting.UnitTesting.FileSystemUtilsTest" runstate="Runnable" seed="1210295802" result="Passed" start-time="2017-07-31 11:50:01Z" end-time="2017-07-31 11:50:01Z" duration="0.000909" asserts="1" />
          <test-case id="0-1041" name="GetFilesEmptyTest" fullname="UpliftTesting.UnitTesting.FileSystemUtilsTest.GetFilesEmptyTest" methodname="GetFilesEmptyTest" classname="UpliftTesting.UnitTesting.FileSystemUtilsTest" runstate="Runnable" seed="34376893" result="Passed" start-time="2017-07-31 11:50:01Z" end-time="2017-07-31 11:50:01Z" duration="0.004007" asserts="1" />
          <test-case id="0-1042" name="GetFilesFromNonExistentDirectoryTest" fullname="UpliftTesting.UnitTesting.FileSystemUtilsTest.GetFilesFromNonExistentDirectoryTest" methodname="GetFilesFromNonExistentDirectoryTest" classname="UpliftTesting.UnitTesting.FileSystemUtilsTest" runstate="Runnable" seed="994445518" result="Passed" start-time="2017-07-31 11:50:01Z" end-time="2017-07-31 11:50:01Z" duration="0.000313" asserts="1" />
          <test-case id="0-1040" name="GetFilesRecursivelyTest" fullname="UpliftTesting.UnitTesting.FileSystemUtilsTest.GetFilesRecursivelyTest" methodname="GetFilesRecursivelyTest" classname="UpliftTesting.UnitTesting.FileSystemUtilsTest" runstate="Runnable" seed="1507928315" result="Passed" start-time="2017-07-31 11:50:01Z" end-time="2017-07-31 11:50:01Z" duration="0.005960" asserts="1" />
          <test-case id="0-1039" name="GetFilesTest" fullname="UpliftTesting.UnitTesting.FileSystemUtilsTest.GetFilesTest" methodname="GetFilesTest" classname="UpliftTesting.UnitTesting.FileSystemUtilsTest" runstate="Runnable" seed="255692820" result="Passed" start-time="2017-07-31 11:50:01Z" end-time="2017-07-31 11:50:01Z" duration="0.003548" asserts="1" />
          <test-case id="0-1029" name="JoinPathsTest" fullname="UpliftTesting.UnitTesting.FileSystemUtilsTest.JoinPathsTest" methodname="JoinPathsTest" classname="UpliftTesting.UnitTesting.FileSystemUtilsTest" runstate="Runnable" seed="46758525" result="Passed" start-time="2017-07-31 11:50:01Z" end-time="2017-07-31 11:50:01Z" duration="0.000331" asserts="1" />
          <test-case id="0-1035" name="ReadTxtInFileTest" fullname="UpliftTesting.UnitTesting.FileSystemUtilsTest.ReadTxtInFileTest" methodname="ReadTxtInFileTest" classname="UpliftTesting.UnitTesting.FileSystemUtilsTest" runstate="Runnable" seed="324973885" result="Passed" start-time="2017-07-31 11:50:01Z" end-time="2017-07-31 11:50:01Z" duration="0.002425" asserts="1" />
          <test-case id="0-1037" name="RecursivelyDirPathsTestLinux" fullname="UpliftTesting.UnitTesting.FileSystemUtilsTest.RecursivelyDirPathsTestLinux" methodname="RecursivelyDirPathsTestLinux" classname="UpliftTesting.UnitTesting.FileSystemUtilsTest" runstate="Skipped" seed="802329485" result="Skipped" start-time="2017-07-31 11:50:01Z" end-time="2017-07-31 11:50:01Z" duration="0.000838" asserts="0">
            <properties>
              <property name="_SKIPREASON" value="Only supported on Linux" />
            </properties>
            <reason>
              <message><![CDATA[Only supported on Linux]]></message>
            </reason>
          </test-case>
          <test-case id="0-1038" name="RecursivelyDirPathsTestMac" fullname="UpliftTesting.UnitTesting.FileSystemUtilsTest.RecursivelyDirPathsTestMac" methodname="RecursivelyDirPathsTestMac" classname="UpliftTesting.UnitTesting.FileSystemUtilsTest" runstate="Skipped" seed="386595935" result="Skipped" start-time="2017-07-31 11:50:01Z" end-time="2017-07-31 11:50:01Z" duration="0.000014" asserts="0">
            <properties>
              <property name="_SKIPREASON" value="Not supported on Win,Linux" />
            </properties>
            <reason>
              <message><![CDATA[Not supported on Win,Linux]]></message>
            </reason>
          </test-case>
          <test-case id="0-1036" name="RecursivelyDirPathsTestWindows" fullname="UpliftTesting.UnitTesting.FileSystemUtilsTest.RecursivelyDirPathsTestWindows" methodname="RecursivelyDirPathsTestWindows" classname="UpliftTesting.UnitTesting.FileSystemUtilsTest" runstate="Runnable" seed="380999493" result="Passed" start-time="2017-07-31 11:50:01Z" end-time="2017-07-31 11:50:01Z" duration="0.002692" asserts="1" />
          <test-case id="0-1048" name="RecursivelyListFilesRelativeTest" fullname="UpliftTesting.UnitTesting.FileSystemUtilsTest.RecursivelyListFilesRelativeTest" methodname="RecursivelyListFilesRelativeTest" classname="UpliftTesting.UnitTesting.FileSystemUtilsTest" runstate="Runnable" seed="2113291384" result="Passed" start-time="2017-07-31 11:50:01Z" end-time="2017-07-31 11:50:01Z" duration="0.003049" asserts="1" />
          <test-case id="0-1047" name="RecursivelyListFilesTest" fullname="UpliftTesting.UnitTesting.FileSystemUtilsTest.RecursivelyListFilesTest" methodname="RecursivelyListFilesTest" classname="UpliftTesting.UnitTesting.FileSystemUtilsTest" runstate="Runnable" seed="885869643" result="Passed" start-time="2017-07-31 11:50:01Z" end-time="2017-07-31 11:50:01Z" duration="0.005235" asserts="1" />
          <test-case id="0-1034" name="SaveTxtInFileTest" fullname="UpliftTesting.UnitTesting.FileSystemUtilsTest.SaveTxtInFileTest" methodname="SaveTxtInFileTest" classname="UpliftTesting.UnitTesting.FileSystemUtilsTest" runstate="Runnable" seed="1209440828" result="Passed" start-time="2017-07-31 11:50:01Z" end-time="2017-07-31 11:50:01Z" duration="0.002314" asserts="1" />
        </test-suite>
        <test-suite type="TestFixture" id="0-1006" name="GetterSetterTest" fullname="UpliftTesting.UnitTesting.GetterSetterTest" classname="UpliftTesting.UnitTesting.GetterSetterTest" runstate="Runnable" testcasecount="2" result="Passed" start-time="2017-07-31 11:50:01Z" end-time="2017-07-31 11:50:01Z" duration="0.224050" total="2" passed="2" failed="0" inconclusive="0" skipped="0" asserts="10">
          <test-case id="0-1007" name="ConfigurationPropertiesTest" fullname="UpliftTesting.UnitTesting.GetterSetterTest.ConfigurationPropertiesTest" methodname="ConfigurationPropertiesTest" classname="UpliftTesting.UnitTesting.GetterSetterTest" runstate="Runnable" seed="929695153" result="Passed" start-time="2017-07-31 11:50:01Z" end-time="2017-07-31 11:50:01Z" duration="0.189682" asserts="6" />
          <test-case id="0-1008" name="DependencyDefinitionPropertiesTest" fullname="UpliftTesting.UnitTesting.GetterSetterTest.DependencyDefinitionPropertiesTest" methodname="DependencyDefinitionPropertiesTest" classname="UpliftTesting.UnitTesting.GetterSetterTest" runstate="Runnable" seed="961020751" result="Passed" start-time="2017-07-31 11:50:01Z" end-time="2017-07-31 11:50:01Z" duration="0.006142" asserts="4" />
        </test-suite>
        <test-suite type="TestFixture" id="0-1009" name="InstalledPackagesTest" fullname="UpliftTesting.UnitTesting.InstalledPackagesTest" classname="UpliftTesting.UnitTesting.InstalledPackagesTest" runstate="Runnable" testcasecount="4" result="Passed" start-time="2017-07-31 11:50:02Z" end-time="2017-07-31 11:50:02Z" duration="0.093187" total="4" passed="4" failed="0" inconclusive="0" skipped="0" asserts="10">
          <test-case id="0-1012" name="NukeOtherInstallComplexTest" fullname="UpliftTesting.UnitTesting.InstalledPackagesTest.NukeOtherInstallComplexTest" methodname="NukeOtherInstallComplexTest" classname="UpliftTesting.UnitTesting.InstalledPackagesTest" runstate="Runnable" seed="1590586219" result="Passed" start-time="2017-07-31 11:50:02Z" end-time="2017-07-31 11:50:02Z" duration="0.017510" asserts="4" />
          <test-case id="0-1011" name="NukeOtherInstallSimpleFileTest" fullname="UpliftTesting.UnitTesting.InstalledPackagesTest.NukeOtherInstallSimpleFileTest" methodname="NukeOtherInstallSimpleFileTest" classname="UpliftTesting.UnitTesting.InstalledPackagesTest" runstate="Runnable" seed="901815739" result="Passed" start-time="2017-07-31 11:50:02Z" end-time="2017-07-31 11:50:02Z" duration="0.012283" asserts="4" />
          <test-case id="0-1013" name="NukeOtherInstallWhenAbsentTest" fullname="UpliftTesting.UnitTesting.InstalledPackagesTest.NukeOtherInstallWhenAbsentTest" methodname="NukeOtherInstallWhenAbsentTest" classname="UpliftTesting.UnitTesting.InstalledPackagesTest" runstate="Runnable" seed="1085208473" result="Passed" start-time="2017-07-31 11:50:02Z" end-time="2017-07-31 11:50:02Z" duration="0.006563" asserts="1" />
          <test-case id="0-1010" name="NukeRootInstallTest" fullname="UpliftTesting.UnitTesting.InstalledPackagesTest.NukeRootInstallTest" methodname="NukeRootInstallTest" classname="UpliftTesting.UnitTesting.InstalledPackagesTest" runstate="Runnable" seed="2125649114" result="Passed" start-time="2017-07-31 11:50:02Z" end-time="2017-07-31 11:50:02Z" duration="0.001164" asserts="1" />
        </test-suite>
        <test-suite type="TestFixture" id="0-1014" name="LatestSelectionStrategyTest" fullname="UpliftTesting.UnitTesting.LatestSelectionStrategyTest" classname="UpliftTesting.UnitTesting.LatestSelectionStrategyTest" runstate="Runnable" testcasecount="1" result="Passed" start-time="2017-07-31 11:50:02Z" end-time="2017-07-31 11:50:02Z" duration="0.027196" total="1" passed="1" failed="0" inconclusive="0" skipped="0" asserts="1">
          <test-case id="0-1015" name="FilterTest" fullname="UpliftTesting.UnitTesting.LatestSelectionStrategyTest.FilterTest" methodname="FilterTest" classname="UpliftTesting.UnitTesting.LatestSelectionStrategyTest" runstate="Runnable" seed="488872274" result="Passed" start-time="2017-07-31 11:50:02Z" end-time="2017-07-31 11:50:02Z" duration="0.012527" asserts="1" />
        </test-suite>
        <test-suite type="TestFixture" id="0-1016" name="LocalHandlerTest" fullname="UpliftTesting.UnitTesting.LocalHandlerTest" classname="UpliftTesting.UnitTesting.LocalHandlerTest" runstate="Runnable" testcasecount="3" result="Passed" start-time="2017-07-31 11:50:02Z" end-time="2017-07-31 11:50:02Z" duration="0.068565" total="3" passed="3" failed="0" inconclusive="0" skipped="0" asserts="6">
          <test-case id="0-1019" name="GetPackageDirectory" fullname="UpliftTesting.UnitTesting.LocalHandlerTest.GetPackageDirectory" methodname="GetPackageDirectory" classname="UpliftTesting.UnitTesting.LocalHandlerTest" runstate="Runnable" seed="1833866936" result="Passed" start-time="2017-07-31 11:50:02Z" end-time="2017-07-31 11:50:02Z" duration="0.000252" asserts="1" />
          <test-case id="0-1018" name="GetRepositoryInstallPathTest" fullname="UpliftTesting.UnitTesting.LocalHandlerTest.GetRepositoryInstallPathTest" methodname="GetRepositoryInstallPathTest" classname="UpliftTesting.UnitTesting.LocalHandlerTest" runstate="Runnable" seed="1870520896" result="Passed" start-time="2017-07-31 11:50:02Z" end-time="2017-07-31 11:50:02Z" duration="0.008026" asserts="1" />
          <test-case id="0-1017" name="NukeAllPackagesTest" fullname="UpliftTesting.UnitTesting.LocalHandlerTest.NukeAllPackagesTest" methodname="NukeAllPackagesTest" classname="UpliftTesting.UnitTesting.LocalHandlerTest" runstate="Runnable" seed="1707518100" result="Passed" start-time="2017-07-31 11:50:02Z" end-time="2017-07-31 11:50:02Z" duration="0.017743" asserts="4" />
        </test-suite>
        <test-suite type="TestFixture" id="0-1049" name="PackageHandlerTest" fullname="UpliftTesting.UnitTesting.PackageHandlerTest" classname="UpliftTesting.UnitTesting.PackageHandlerTest" runstate="Runnable" testcasecount="9" result="Passed" start-time="2017-07-31 11:50:02Z" end-time="2017-07-31 11:50:02Z" duration="0.290371" total="9" passed="9" failed="0" inconclusive="0" skipped="0" asserts="24">
          <test-case id="0-1050" name="FindCandidateForDefinitionTest" fullname="UpliftTesting.UnitTesting.PackageHandlerTest.FindCandidateForDefinitionTest" methodname="FindCandidateForDefinitionTest" classname="UpliftTesting.UnitTesting.PackageHandlerTest" runstate="Runnable" seed="855213639" result="Passed" start-time="2017-07-31 11:50:02Z" end-time="2017-07-31 11:50:02Z" duration="0.107676" asserts="3" />
          <test-case id="0-1051" name="FindPackageAndRepositoryTest" fullname="UpliftTesting.UnitTesting.PackageHandlerTest.FindPackageAndRepositoryTest" methodname="FindPackageAndRepositoryTest" classname="UpliftTesting.UnitTesting.PackageHandlerTest" runstate="Runnable" seed="1982241826" result="Passed" start-time="2017-07-31 11:50:02Z" end-time="2017-07-31 11:50:02Z" duration="0.001713" asserts="1" />
          <test-case id="0-1052" name="FindPackageAndRepositoryTestFail" fullname="UpliftTesting.UnitTesting.PackageHandlerTest.FindPackageAndRepositoryTestFail" methodname="FindPackageAndRepositoryTestFail" classname="UpliftTesting.UnitTesting.PackageHandlerTest" runstate="Runnable" seed="1261963033" result="Passed" start-time="2017-07-31 11:50:02Z" end-time="2017-07-31 11:50:02Z" duration="0.000334" asserts="1" />
          <test-case id="0-1058" name="PackageDependencyVersionComparison" fullname="UpliftTesting.UnitTesting.PackageHandlerTest.PackageDependencyVersionComparison" methodname="PackageDependencyVersionComparison" classname="UpliftTesting.UnitTesting.PackageHandlerTest" runstate="Runnable" seed="544899966" result="Passed" start-time="2017-07-31 11:50:02Z" end-time="2017-07-31 11:50:02Z" duration="0.000460" asserts="1" />
          <test-case id="0-1054" name="SelectCandidatesMultipleStrategies" fullname="UpliftTesting.UnitTesting.PackageHandlerTest.SelectCandidatesMultipleStrategies" methodname="SelectCandidatesMultipleStrategies" classname="UpliftTesting.UnitTesting.PackageHandlerTest" runstate="Runnable" seed="890123913" result="Passed" start-time="2017-07-31 11:50:02Z" end-time="2017-07-31 11:50:02Z" duration="0.047129" asserts="3" />
          <test-case id="0-1053" name="SelectCandidatesSingleStrategy" fullname="UpliftTesting.UnitTesting.PackageHandlerTest.SelectCandidatesSingleStrategy" methodname="SelectCandidatesSingleStrategy" classname="UpliftTesting.UnitTesting.PackageHandlerTest" runstate="Runnable" seed="587175834" result="Passed" start-time="2017-07-31 11:50:02Z" end-time="2017-07-31 11:50:02Z" duration="0.004147" asserts="3" />
          <test-case id="0-1057" name="VersionComparisonTest" fullname="UpliftTesting.UnitTesting.PackageHandlerTest.VersionComparisonTest" methodname="VersionComparisonTest" classname="UpliftTesting.UnitTesting.PackageHandlerTest" runstate="Runnable" seed="820370111" result="Passed" start-time="2017-07-31 11:50:02Z" end-time="2017-07-31 11:50:02Z" duration="0.001232" asserts="7" />
          <test-case id="0-1056" name="VersionParsingFailureTest" fullname="UpliftTesting.UnitTesting.PackageHandlerTest.VersionParsingFailureTest" methodname="VersionParsingFailureTest" classname="UpliftTesting.UnitTesting.PackageHandlerTest" runstate="Runnable" seed="926173409" result="Passed" start-time="2017-07-31 11:50:02Z" end-time="2017-07-31 11:50:02Z" duration="0.004548" asserts="1" />
          <test-case id="0-1055" name="VersionStringParsingTest" fullname="UpliftTesting.UnitTesting.PackageHandlerTest.VersionStringParsingTest" methodname="VersionStringParsingTest" classname="UpliftTesting.UnitTesting.PackageHandlerTest" runstate="Runnable" seed="1891477989" result="Passed" start-time="2017-07-31 11:50:02Z" end-time="2017-07-31 11:50:02Z" duration="0.000673" asserts="4" />
        </test-suite>
        <test-suite type="TestFixture" id="0-1020" name="PackageListTest" fullname="UpliftTesting.UnitTesting.PackageListTest" classname="UpliftTesting.UnitTesting.PackageListTest" runstate="Runnable" testcasecount="7" result="Passed" start-time="2017-07-31 11:50:02Z" end-time="2017-07-31 11:50:02Z" duration="0.115107" total="7" passed="7" failed="0" inconclusive="0" skipped="0" asserts="14">
          <test-case id="0-1022" name="GetEmptyPackagesTest" fullname="UpliftTesting.UnitTesting.PackageListTest.GetEmptyPackagesTest" methodname="GetEmptyPackagesTest" classname="UpliftTesting.UnitTesting.PackageListTest" runstate="Runnable" seed="1435363191" result="Passed" start-time="2017-07-31 11:50:02Z" end-time="2017-07-31 11:50:02Z" duration="0.000762" asserts="1" />
          <test-case id="0-1027" name="GetLatestPackageTest" fullname="UpliftTesting.UnitTesting.PackageListTest.GetLatestPackageTest" methodname="GetLatestPackageTest" classname="UpliftTesting.UnitTesting.PackageListTest" runstate="Runnable" seed="939491264" result="Passed" start-time="2017-07-31 11:50:02Z" end-time="2017-07-31 11:50:02Z" duration="0.003436" asserts="1" />
          <test-case id="0-1026" name="LoadPackagesForceRefreshTest" fullname="UpliftTesting.UnitTesting.PackageListTest.LoadPackagesForceRefreshTest" methodname="LoadPackagesForceRefreshTest" classname="UpliftTesting.UnitTesting.PackageListTest" runstate="Runnable" seed="881062949" result="Passed" start-time="2017-07-31 11:50:02Z" end-time="2017-07-31 11:50:02Z" duration="0.007854" asserts="4" />
          <test-case id="0-1025" name="LoadPackagesMultipleRepoTest" fullname="UpliftTesting.UnitTesting.PackageListTest.LoadPackagesMultipleRepoTest" methodname="LoadPackagesMultipleRepoTest" classname="UpliftTesting.UnitTesting.PackageListTest" runstate="Runnable" seed="1310945202" result="Passed" start-time="2017-07-31 11:50:02Z" end-time="2017-07-31 11:50:02Z" duration="0.003117" asserts="4" />
          <test-case id="0-1023" name="LoadPackagesSingleRepoTest" fullname="UpliftTesting.UnitTesting.PackageListTest.LoadPackagesSingleRepoTest" methodname="LoadPackagesSingleRepoTest" classname="UpliftTesting.UnitTesting.PackageListTest" runstate="Runnable" seed="127676686" result="Passed" start-time="2017-07-31 11:50:02Z" end-time="2017-07-31 11:50:02Z" duration="0.001539" asserts="1" />
          <test-case id="0-1021" name="PackageListUniqueInstanceTest" fullname="UpliftTesting.UnitTesting.PackageListTest.PackageListUniqueInstanceTest" methodname="PackageListUniqueInstanceTest" classname="UpliftTesting.UnitTesting.PackageListTest" runstate="Runnable" seed="1939885963" result="Passed" start-time="2017-07-31 11:50:02Z" end-time="2017-07-31 11:50:02Z" duration="0.000813" asserts="1" />
          <test-case id="0-1024" name="RefreshPackagesTest" fullname="UpliftTesting.UnitTesting.PackageListTest.RefreshPackagesTest" methodname="RefreshPackagesTest" classname="UpliftTesting.UnitTesting.PackageListTest" runstate="Runnable" seed="1139560266" result="Passed" start-time="2017-07-31 11:50:02Z" end-time="2017-07-31 11:50:02Z" duration="0.001839" asserts="2" />
        </test-suite>
        <test-suite type="TestFixture" id="0-1059" name="UpbringTest" fullname="UpliftTesting.UnitTesting.UpbringTest" classname="UpliftTesting.UnitTesting.UpbringTest" runstate="Runnable" testcasecount="11" result="Passed" start-time="2017-07-31 11:50:02Z" end-time="2017-07-31 11:50:02Z" duration="0.174971" total="11" passed="11" failed="0" inconclusive="0" skipped="0" asserts="15">
          <test-case id="0-1062" name="AddExistingPackageTest" fullname="UpliftTesting.UnitTesting.UpbringTest.AddExistingPackageTest" methodname="AddExistingPackageTest" classname="UpliftTesting.UnitTesting.UpbringTest" runstate="Runnable" seed="120697238" result="Passed" start-time="2017-07-31 11:50:02Z" end-time="2017-07-31 11:50:02Z" duration="0.001121" asserts="1" />
          <test-case id="0-1066" name="AddLocationNoMatchingPackage" fullname="UpliftTesting.UnitTesting.UpbringTest.AddLocationNoMatchingPackage" methodname="AddLocationNoMatchingPackage" classname="UpliftTesting.UnitTesting.UpbringTest" runstate="Runnable" seed="851758759" result="Passed" start-time="2017-07-31 11:50:02Z" end-time="2017-07-31 11:50:02Z" duration="0.000569" asserts="1" />
          <test-case id="0-1064" name="AddLocationWhenAnotherTest" fullname="UpliftTesting.UnitTesting.UpbringTest.AddLocationWhenAnotherTest" methodname="AddLocationWhenAnotherTest" classname="UpliftTesting.UnitTesting.UpbringTest" runstate="Runnable" seed="570252104" result="Passed" start-time="2017-07-31 11:50:02Z" end-time="2017-07-31 11:50:02Z" duration="0.000480" asserts="1" />
          <test-case id="0-1065" name="AddLocationWhenExistingTest" fullname="UpliftTesting.UnitTesting.UpbringTest.AddLocationWhenExistingTest" methodname="AddLocationWhenExistingTest" classname="UpliftTesting.UnitTesting.UpbringTest" runstate="Runnable" seed="2005040562" result="Passed" start-time="2017-07-31 11:50:02Z" end-time="2017-07-31 11:50:02Z" duration="0.000492" asserts="1" />
          <test-case id="0-1063" name="AddLocationWhenNoneTest" fullname="UpliftTesting.UnitTesting.UpbringTest.AddLocationWhenNoneTest" methodname="AddLocationWhenNoneTest" classname="UpliftTesting.UnitTesting.UpbringTest" runstate="Runnable" seed="271694383" result="Passed" start-time="2017-07-31 11:50:02Z" end-time="2017-07-31 11:50:02Z" duration="0.000414" asserts="1" />
          <test-case id="0-1061" name="AddPackageTest" fullname="UpliftTesting.UnitTesting.UpbringTest.AddPackageTest" methodname="AddPackageTest" classname="UpliftTesting.UnitTesting.UpbringTest" runstate="Runnable" seed="399361589" result="Passed" start-time="2017-07-31 11:50:02Z" end-time="2017-07-31 11:50:02Z" duration="0.000731" asserts="2" />
          <test-case id="0-1068" name="FromXmlWhenAbsentTest" fullname="UpliftTesting.UnitTesting.UpbringTest.FromXmlWhenAbsentTest" methodname="FromXmlWhenAbsentTest" classname="UpliftTesting.UnitTesting.UpbringTest" runstate="Runnable" seed="182410407" result="Passed" start-time="2017-07-31 11:50:02Z" end-time="2017-07-31 11:50:02Z" duration="0.003583" asserts="1" />
          <test-case id="0-1067" name="FromXmlWhenPresentTest" fullname="UpliftTesting.UnitTesting.UpbringTest.FromXmlWhenPresentTest" methodname="FromXmlWhenPresentTest" classname="UpliftTesting.UnitTesting.UpbringTest" runstate="Runnable" seed="893472135" result="Passed" start-time="2017-07-31 11:50:02Z" end-time="2017-07-31 11:50:02Z" duration="0.005457" asserts="2" />
          <test-case id="0-1060" name="GetInstalledPackageTest" fullname="UpliftTesting.UnitTesting.UpbringTest.GetInstalledPackageTest" methodname="GetInstalledPackageTest" classname="UpliftTesting.UnitTesting.UpbringTest" runstate="Runnable" seed="15251639" result="Passed" start-time="2017-07-31 11:50:02Z" end-time="2017-07-31 11:50:02Z" duration="0.001483" asserts="1" />
          <test-case id="0-1070" name="RemoveFileTest" fullname="UpliftTesting.UnitTesting.UpbringTest.RemoveFileTest" methodname="RemoveFileTest" classname="UpliftTesting.UnitTesting.UpbringTest" runstate="Runnable" seed="849453759" result="Passed" start-time="2017-07-31 11:50:02Z" end-time="2017-07-31 11:50:02Z" duration="0.005027" asserts="2" />
          <test-case id="0-1069" name="SaveFileTest" fullname="UpliftTesting.UnitTesting.UpbringTest.SaveFileTest" methodname="SaveFileTest" classname="UpliftTesting.UnitTesting.UpbringTest" runstate="Runnable" seed="1594439074" result="Passed" start-time="2017-07-31 11:50:02Z" end-time="2017-07-31 11:50:02Z" duration="0.005411" asserts="2" />
        </test-suite>
        <test-suite type="TestFixture" id="0-1071" name="UpfileHandlerTest" fullname="UpliftTesting.UnitTesting.UpfileHandlerTest" classname="UpliftTesting.UnitTesting.UpfileHandlerTest" runstate="Runnable" testcasecount="13" result="Passed" start-time="2017-07-31 11:50:02Z" end-time="2017-07-31 11:50:03Z" duration="0.188056" total="13" passed="13" failed="0" inconclusive="0" skipped="0" asserts="17">
          <test-case id="0-1073" name="CheckForUpfileTest" fullname="UpliftTesting.UnitTesting.UpfileHandlerTest.CheckForUpfileTest" methodname="CheckForUpfileTest" classname="UpliftTesting.UnitTesting.UpfileHandlerTest" runstate="Runnable" seed="615024708" result="Passed" start-time="2017-07-31 11:50:02Z" end-time="2017-07-31 11:50:02Z" duration="0.001982" asserts="1" />
          <test-case id="0-1074" name="CheckForUpfileTestFail" fullname="UpliftTesting.UnitTesting.UpfileHandlerTest.CheckForUpfileTestFail" methodname="CheckForUpfileTestFail" classname="UpliftTesting.UnitTesting.UpfileHandlerTest" runstate="Runnable" seed="1649261589" result="Passed" start-time="2017-07-31 11:50:02Z" end-time="2017-07-31 11:50:02Z" duration="0.001144" asserts="1" />
          <test-case id="0-1082" name="GetDestinationDefaultTest" fullname="UpliftTesting.UnitTesting.UpfileHandlerTest.GetDestinationDefaultTest" methodname="GetDestinationDefaultTest" classname="UpliftTesting.UnitTesting.UpfileHandlerTest" runstate="Runnable" seed="981836170" result="Passed" start-time="2017-07-31 11:50:02Z" end-time="2017-07-31 11:50:02Z" duration="0.000502" asserts="1" />
          <test-case id="0-1078" name="GetDestinationForBaseTest" fullname="UpliftTesting.UnitTesting.UpfileHandlerTest.GetDestinationForBaseTest" methodname="GetDestinationForBaseTest" classname="UpliftTesting.UnitTesting.UpfileHandlerTest" runstate="Runnable" seed="923627982" result="Passed" start-time="2017-07-31 11:50:02Z" end-time="2017-07-31 11:50:02Z" duration="0.000406" asserts="1" />
          <test-case id="0-1079" name="GetDestinationForDocsTest" fullname="UpliftTesting.UnitTesting.UpfileHandlerTest.GetDestinationForDocsTest" methodname="GetDestinationForDocsTest" classname="UpliftTesting.UnitTesting.UpfileHandlerTest" runstate="Runnable" seed="681375050" result="Passed" start-time="2017-07-31 11:50:02Z" end-time="2017-07-31 11:50:02Z" duration="0.000371" asserts="1" />
          <test-case id="0-1080" name="GetDestinationForExamplesTest" fullname="UpliftTesting.UnitTesting.UpfileHandlerTest.GetDestinationForExamplesTest" methodname="GetDestinationForExamplesTest" classname="UpliftTesting.UnitTesting.UpfileHandlerTest" runstate="Runnable" seed="1776546728" result="Passed" start-time="2017-07-31 11:50:02Z" end-time="2017-07-31 11:50:02Z" duration="0.000368" asserts="1" />
          <test-case id="0-1083" name="GetDestinationForGenericPluginTest" fullname="UpliftTesting.UnitTesting.UpfileHandlerTest.GetDestinationForGenericPluginTest" methodname="GetDestinationForGenericPluginTest" classname="UpliftTesting.UnitTesting.UpfileHandlerTest" runstate="Runnable" seed="1489943289" result="Passed" start-time="2017-07-31 11:50:02Z" end-time="2017-07-31 11:50:02Z" duration="0.000842" asserts="2" />
          <test-case id="0-1084" name="GetDestinationForIOSPluginTest" fullname="UpliftTesting.UnitTesting.UpfileHandlerTest.GetDestinationForIOSPluginTest" methodname="GetDestinationForIOSPluginTest" classname="UpliftTesting.UnitTesting.UpfileHandlerTest" runstate="Runnable" seed="898545783" result="Passed" start-time="2017-07-31 11:50:02Z" end-time="2017-07-31 11:50:02Z" duration="0.000434" asserts="2" />
          <test-case id="0-1081" name="GetDestinationForMediaTest" fullname="UpliftTesting.UnitTesting.UpfileHandlerTest.GetDestinationForMediaTest" methodname="GetDestinationForMediaTest" classname="UpliftTesting.UnitTesting.UpfileHandlerTest" runstate="Runnable" seed="85853710" result="Passed" start-time="2017-07-31 11:50:02Z" end-time="2017-07-31 11:50:02Z" duration="0.000423" asserts="1" />
          <test-case id="0-1077" name="GetPackagesRootPathTest" fullname="UpliftTesting.UnitTesting.UpfileHandlerTest.GetPackagesRootPathTest" methodname="GetPackagesRootPathTest" classname="UpliftTesting.UnitTesting.UpfileHandlerTest" runstate="Runnable" seed="837116280" result="Passed" start-time="2017-07-31 11:50:02Z" end-time="2017-07-31 11:50:02Z" duration="0.000266" asserts="1" />
          <test-case id="0-1076" name="LoadPackagesListTest" fullname="UpliftTesting.UnitTesting.UpfileHandlerTest.LoadPackagesListTest" methodname="LoadPackagesListTest" classname="UpliftTesting.UnitTesting.UpfileHandlerTest" runstate="Runnable" seed="1532794141" result="Passed" start-time="2017-07-31 11:50:03Z" end-time="2017-07-31 11:50:03Z" duration="0.001720" asserts="1" />
          <test-case id="0-1075" name="LoadUpfileTest" fullname="UpliftTesting.UnitTesting.UpfileHandlerTest.LoadUpfileTest" methodname="LoadUpfileTest" classname="UpliftTesting.UnitTesting.UpfileHandlerTest" runstate="Runnable" seed="525211564" result="Passed" start-time="2017-07-31 11:50:03Z" end-time="2017-07-31 11:50:03Z" duration="0.003998" asserts="3" />
          <test-case id="0-1072" name="UpfileHandlerUniqueInstanceTest" fullname="UpliftTesting.UnitTesting.UpfileHandlerTest.UpfileHandlerUniqueInstanceTest" methodname="UpfileHandlerUniqueInstanceTest" classname="UpliftTesting.UnitTesting.UpfileHandlerTest" runstate="Runnable" seed="2006717218" result="Passed" start-time="2017-07-31 11:50:03Z" end-time="2017-07-31 11:50:03Z" duration="0.000233" asserts="1" />
        </test-suite>
      </test-suite>
    </test-suite>
  </test-suite>
</test-run>