<?xml version="1.0" encoding="utf-8" standalone="no"?>
<test-run id="2" testcasecount="66" result="Failed" total="66" passed="57" failed="7" inconclusive="0" skipped="2" asserts="194" engine-version="3.7.0.0" clr-version="4.0.30319.42000" start-time="2017-08-18 12:19:50Z" end-time="2017-08-18 12:19:57Z" duration="7.687465">
  <command-line><![CDATA[..\packages\NUnit.ConsoleRunner.3.7.0\tools\nunit3-console.exe  ..\bin\Debug\UpliftTesting.dll --result=FullTest.xml]]></command-line>
  <test-suite type="Assembly" id="0-1080" name="UpliftTesting.dll" fullname="C:\Users\Paul\Documents\Work\uplift\UpliftTesting\bin\Debug\UpliftTesting.dll" runstate="Runnable" testcasecount="66" result="Failed" site="Child" start-time="2017-08-18 12:19:52Z" end-time="2017-08-18 12:19:57Z" duration="5.294723" total="66" passed="57" failed="7" warnings="0" inconclusive="0" skipped="2" asserts="194">
    <environment framework-version="3.7.1.0" clr-version="4.0.30319.42000" os-version="Microsoft Windows NT 10.0.15063.0" platform="Win32NT" cwd="C:\Users\Paul\Documents\Work\uplift\UpliftTesting\TestResults" machine-name="PC_PAUL" user="Paul" user-domain="PC_PAUL" culture="fr-FR" uiculture="fr-FR" os-architecture="x64" />
    <settings>
      <setting name="DisposeRunners" value="True" />
      <setting name="WorkDirectory" value="C:\Users\Paul\Documents\Work\uplift\UpliftTesting\TestResults" />
      <setting name="ImageRuntimeVersion" value="4.0.30319" />
      <setting name="ImageTargetFrameworkName" value=".NETFramework,Version=v4.5.2" />
      <setting name="ImageRequiresX86" value="False" />
      <setting name="ImageRequiresDefaultAppDomainAssemblyResolver" value="False" />
      <setting name="NumberOfTestWorkers" value="8" />
    </settings>
    <properties>
      <property name="_PID" value="12252" />
      <property name="_APPDOMAIN" value="domain-" />
    </properties>
    <failure>
      <message><![CDATA[One or more child tests had errors]]></message>
    </failure>
    <test-suite type="SetUpFixture" id="0-1000" name="UpliftTesting" fullname="UpliftTesting.TestSetup" classname="UpliftTesting.TestSetup" runstate="Runnable" testcasecount="66" result="Failed" site="Child" start-time="2017-08-18 12:19:52Z" end-time="2017-08-18 12:19:57Z" duration="5.233665" total="66" passed="57" failed="7" warnings="0" inconclusive="0" skipped="2" asserts="194">
      <failure>
        <message><![CDATA[One or more child tests had errors]]></message>
      </failure>
      <test-suite type="TestSuite" id="0-1083" name="IntegrationTesting" fullname="UpliftTesting.IntegrationTesting" runstate="Runnable" testcasecount="7" result="Failed" site="Child" start-time="2017-08-18 12:19:52Z" end-time="2017-08-18 12:19:55Z" duration="3.267806" total="7" passed="4" failed="3" warnings="0" inconclusive="0" skipped="0" asserts="99">
        <failure>
          <message><![CDATA[One or more child tests had errors]]></message>
        </failure>
        <test-suite type="TestFixture" id="0-1069" name="BasicPackageInstallation" fullname="UpliftTesting.IntegrationTesting.BasicPackageInstallation" classname="UpliftTesting.IntegrationTesting.BasicPackageInstallation" runstate="Runnable" testcasecount="1" result="Passed" start-time="2017-08-18 12:19:52Z" end-time="2017-08-18 12:19:54Z" duration="1.989447" total="1" passed="1" failed="0" warnings="0" inconclusive="0" skipped="0" asserts="22">
          <test-case id="0-1070" name="WhenInstalling" fullname="UpliftTesting.IntegrationTesting.BasicPackageInstallation.WhenInstalling" methodname="WhenInstalling" classname="UpliftTesting.IntegrationTesting.BasicPackageInstallation" runstate="Runnable" seed="1796380435" result="Passed" start-time="2017-08-18 12:19:54Z" end-time="2017-08-18 12:19:54Z" duration="0.429505" asserts="22" />
        </test-suite>
        <test-suite type="TestFixture" id="0-1071" name="CustomizedFileLocation" fullname="UpliftTesting.IntegrationTesting.CustomizedFileLocation" classname="UpliftTesting.IntegrationTesting.CustomizedFileLocation" runstate="Runnable" testcasecount="3" result="Passed" start-time="2017-08-18 12:19:54Z" end-time="2017-08-18 12:19:55Z" duration="0.779505" total="3" passed="3" failed="0" warnings="0" inconclusive="0" skipped="0" asserts="77">
          <test-case id="0-1074" name="WhenUpfileModifiedAndSkip" fullname="UpliftTesting.IntegrationTesting.CustomizedFileLocation.WhenUpfileModifiedAndSkip" methodname="WhenUpfileModifiedAndSkip" classname="UpliftTesting.IntegrationTesting.CustomizedFileLocation" runstate="Runnable" seed="1850992639" result="Passed" start-time="2017-08-18 12:19:54Z" end-time="2017-08-18 12:19:54Z" duration="0.282239" asserts="25" />
          <test-case id="0-1073" name="WhenUpfileModifiedNoSkip" fullname="UpliftTesting.IntegrationTesting.CustomizedFileLocation.WhenUpfileModifiedNoSkip" methodname="WhenUpfileModifiedNoSkip" classname="UpliftTesting.IntegrationTesting.CustomizedFileLocation" runstate="Runnable" seed="760889424" result="Passed" start-time="2017-08-18 12:19:54Z" end-time="2017-08-18 12:19:55Z" duration="0.272225" asserts="27" />
          <test-case id="0-1072" name="WhenUpfileNotModified" fullname="UpliftTesting.IntegrationTesting.CustomizedFileLocation.WhenUpfileNotModified" methodname="WhenUpfileNotModified" classname="UpliftTesting.IntegrationTesting.CustomizedFileLocation" runstate="Runnable" seed="886330634" result="Passed" start-time="2017-08-18 12:19:55Z" end-time="2017-08-18 12:19:55Z" duration="0.214097" asserts="25" />
        </test-suite>
        <test-suite type="TestFixture" id="0-1075" name="PackageNuking" fullname="UpliftTesting.IntegrationTesting.PackageNuking" classname="UpliftTesting.IntegrationTesting.PackageNuking" runstate="Runnable" testcasecount="2" result="Failed" site="Child" start-time="2017-08-18 12:19:55Z" end-time="2017-08-18 12:19:55Z" duration="0.389833" total="2" passed="0" failed="2" warnings="0" inconclusive="0" skipped="0" asserts="0">
          <failure>
            <message><![CDATA[One or more child tests had errors]]></message>
          </failure>
          <test-case id="0-1077" name="WhenFilesAreAdded" fullname="UpliftTesting.IntegrationTesting.PackageNuking.WhenFilesAreAdded" methodname="WhenFilesAreAdded" classname="UpliftTesting.IntegrationTesting.PackageNuking" runstate="Runnable" seed="1277247819" result="Failed" label="Error" start-time="2017-08-18 12:19:55Z" end-time="2017-08-18 12:19:55Z" duration="0.151542" asserts="0">
            <failure>
              <message><![CDATA[System.NotSupportedException : Nuking from tests is not currently supported]]></message>
              <stack-trace><![CDATA[   à UpliftTesting.IntegrationTesting.PackageNuking.WhenFilesAreAdded() dans C:\Users\Paul\Documents\Work\uplift\UpliftTesting\IntegrationTesting\PackageNuking\PackageNuking.cs:ligne 127]]></stack-trace>
            </failure>
          </test-case>
          <test-case id="0-1076" name="WhenNoFileIsAdded" fullname="UpliftTesting.IntegrationTesting.PackageNuking.WhenNoFileIsAdded" methodname="WhenNoFileIsAdded" classname="UpliftTesting.IntegrationTesting.PackageNuking" runstate="Runnable" seed="788278307" result="Failed" label="Error" start-time="2017-08-18 12:19:55Z" end-time="2017-08-18 12:19:55Z" duration="0.116545" asserts="0">
            <failure>
              <message><![CDATA[System.NotSupportedException : Nuking from tests is not currently supported]]></message>
              <stack-trace><![CDATA[   à UpliftTesting.IntegrationTesting.PackageNuking.WhenNoFileIsAdded() dans C:\Users\Paul\Documents\Work\uplift\UpliftTesting\IntegrationTesting\PackageNuking\PackageNuking.cs:ligne 118]]></stack-trace>
            </failure>
          </test-case>
        </test-suite>
        <test-suite type="TestFixture" id="0-1078" name="PackageUpdating" fullname="UpliftTesting.IntegrationTesting.PackageUpdating" classname="UpliftTesting.IntegrationTesting.PackageUpdating" runstate="Runnable" testcasecount="1" result="Failed" site="Child" start-time="2017-08-18 12:19:55Z" end-time="2017-08-18 12:19:55Z" duration="0.093310" total="1" passed="0" failed="1" warnings="0" inconclusive="0" skipped="0" asserts="0">
          <failure>
            <message><![CDATA[One or more child tests had errors]]></message>
          </failure>
          <test-case id="0-1079" name="WhenUpdating" fullname="UpliftTesting.IntegrationTesting.PackageUpdating.WhenUpdating" methodname="WhenUpdating" classname="UpliftTesting.IntegrationTesting.PackageUpdating" runstate="Runnable" seed="256919188" result="Failed" label="Error" start-time="2017-08-18 12:19:55Z" end-time="2017-08-18 12:19:55Z" duration="0.003101" asserts="0">
            <failure>
              <message><![CDATA[System.NotSupportedException : Nuking from tests is not currently supported]]></message>
              <stack-trace><![CDATA[   à UpliftTesting.IntegrationTesting.PackageUpdating.WhenUpdating() dans C:\Users\Paul\Documents\Work\uplift\UpliftTesting\IntegrationTesting\PackageUpdating\PackageUpdating.cs:ligne 62]]></stack-trace>
            </failure>
          </test-case>
        </test-suite>
      </test-suite>
      <test-suite type="TestSuite" id="0-1082" name="UnitTesting" fullname="UpliftTesting.UnitTesting" runstate="Runnable" testcasecount="59" result="Failed" site="Child" start-time="2017-08-18 12:19:55Z" end-time="2017-08-18 12:19:57Z" duration="1.923302" total="59" passed="53" failed="4" warnings="0" inconclusive="0" skipped="2" asserts="95">
        <failure>
          <message><![CDATA[One or more child tests had errors]]></message>
        </failure>
        <test-suite type="TestFixture" id="0-1001" name="FileRepositoryTest" fullname="UpliftTesting.UnitTesting.FileRepositoryTest" classname="UpliftTesting.UnitTesting.FileRepositoryTest" runstate="Runnable" testcasecount="5" result="Passed" start-time="2017-08-18 12:19:55Z" end-time="2017-08-18 12:19:56Z" duration="0.309744" total="5" passed="5" failed="0" warnings="0" inconclusive="0" skipped="0" asserts="15">
          <test-case id="0-1006" name="DownloadPackageFromBadFormatTest" fullname="UpliftTesting.UnitTesting.FileRepositoryTest.DownloadPackageFromBadFormatTest" methodname="DownloadPackageFromBadFormatTest" classname="UpliftTesting.UnitTesting.FileRepositoryTest" runstate="Runnable" seed="1576602117" result="Passed" start-time="2017-08-18 12:19:55Z" end-time="2017-08-18 12:19:55Z" duration="0.008225" asserts="2" />
          <test-case id="0-1004" name="DownloadPackageFromDirectoryTest" fullname="UpliftTesting.UnitTesting.FileRepositoryTest.DownloadPackageFromDirectoryTest" methodname="DownloadPackageFromDirectoryTest" classname="UpliftTesting.UnitTesting.FileRepositoryTest" runstate="Runnable" seed="604550755" result="Passed" start-time="2017-08-18 12:19:55Z" end-time="2017-08-18 12:19:56Z" duration="0.046902" asserts="2" />
          <test-case id="0-1005" name="DownloadPackageFromUnityPackageTest" fullname="UpliftTesting.UnitTesting.FileRepositoryTest.DownloadPackageFromUnityPackageTest" methodname="DownloadPackageFromUnityPackageTest" classname="UpliftTesting.UnitTesting.FileRepositoryTest" runstate="Runnable" seed="501142434" result="Passed" start-time="2017-08-18 12:19:56Z" end-time="2017-08-18 12:19:56Z" duration="0.170130" asserts="4" />
          <test-case id="0-1003" name="ListPackagesFromDirectoriesTest" fullname="UpliftTesting.UnitTesting.FileRepositoryTest.ListPackagesFromDirectoriesTest" methodname="ListPackagesFromDirectoriesTest" classname="UpliftTesting.UnitTesting.FileRepositoryTest" runstate="Runnable" seed="1646950790" result="Passed" start-time="2017-08-18 12:19:56Z" end-time="2017-08-18 12:19:56Z" duration="0.056258" asserts="4" />
          <test-case id="0-1002" name="ListPackagesFromUnityPackagesTest" fullname="UpliftTesting.UnitTesting.FileRepositoryTest.ListPackagesFromUnityPackagesTest" methodname="ListPackagesFromUnityPackagesTest" classname="UpliftTesting.UnitTesting.FileRepositoryTest" runstate="Runnable" seed="294187065" result="Passed" start-time="2017-08-18 12:19:56Z" end-time="2017-08-18 12:19:56Z" duration="0.011000" asserts="3" />
        </test-suite>
        <test-suite type="TestFixture" id="0-1007" name="FileSystemUtilsTest" fullname="UpliftTesting.UnitTesting.FileSystemUtilsTest" classname="UpliftTesting.UnitTesting.FileSystemUtilsTest" runstate="Runnable" testcasecount="20" result="Passed" start-time="2017-08-18 12:19:56Z" end-time="2017-08-18 12:19:56Z" duration="0.194696" total="20" passed="18" failed="0" warnings="0" inconclusive="0" skipped="2" asserts="19">
          <test-case id="0-1025" name="CopyAndIgnoreDirectoryTest" fullname="UpliftTesting.UnitTesting.FileSystemUtilsTest.CopyAndIgnoreDirectoryTest" methodname="CopyAndIgnoreDirectoryTest" classname="UpliftTesting.UnitTesting.FileSystemUtilsTest" runstate="Runnable" seed="1917066236" result="Passed" start-time="2017-08-18 12:19:56Z" end-time="2017-08-18 12:19:56Z" duration="0.019182" asserts="2" />
          <test-case id="0-1024" name="CopyDirectoryRecursivelyTest" fullname="UpliftTesting.UnitTesting.FileSystemUtilsTest.CopyDirectoryRecursivelyTest" methodname="CopyDirectoryRecursivelyTest" classname="UpliftTesting.UnitTesting.FileSystemUtilsTest" runstate="Runnable" seed="354465069" result="Passed" start-time="2017-08-18 12:19:56Z" end-time="2017-08-18 12:19:56Z" duration="0.009377" asserts="1" />
          <test-case id="0-1022" name="CopyDirectoryTest" fullname="UpliftTesting.UnitTesting.FileSystemUtilsTest.CopyDirectoryTest" methodname="CopyDirectoryTest" classname="UpliftTesting.UnitTesting.FileSystemUtilsTest" runstate="Runnable" seed="101531841" result="Passed" start-time="2017-08-18 12:19:56Z" end-time="2017-08-18 12:19:56Z" duration="0.004830" asserts="1" />
          <test-case id="0-1023" name="CopyToExitstingDirectoryTest" fullname="UpliftTesting.UnitTesting.FileSystemUtilsTest.CopyToExitstingDirectoryTest" methodname="CopyToExitstingDirectoryTest" classname="UpliftTesting.UnitTesting.FileSystemUtilsTest" runstate="Runnable" seed="100331744" result="Passed" start-time="2017-08-18 12:19:56Z" end-time="2017-08-18 12:19:56Z" duration="0.004880" asserts="1" />
          <test-case id="0-1009" name="EnsureMissingParentExistsTest" fullname="UpliftTesting.UnitTesting.FileSystemUtilsTest.EnsureMissingParentExistsTest" methodname="EnsureMissingParentExistsTest" classname="UpliftTesting.UnitTesting.FileSystemUtilsTest" runstate="Runnable" seed="1228058396" result="Passed" start-time="2017-08-18 12:19:56Z" end-time="2017-08-18 12:19:56Z" duration="0.003215" asserts="1" />
          <test-case id="0-1010" name="EnsurePresentParentExistsTest" fullname="UpliftTesting.UnitTesting.FileSystemUtilsTest.EnsurePresentParentExistsTest" methodname="EnsurePresentParentExistsTest" classname="UpliftTesting.UnitTesting.FileSystemUtilsTest" runstate="Runnable" seed="538482848" result="Passed" start-time="2017-08-18 12:19:56Z" end-time="2017-08-18 12:19:56Z" duration="0.003365" asserts="1" />
          <test-case id="0-1011" name="GetAbsolutePathTest" fullname="UpliftTesting.UnitTesting.FileSystemUtilsTest.GetAbsolutePathTest" methodname="GetAbsolutePathTest" classname="UpliftTesting.UnitTesting.FileSystemUtilsTest" runstate="Runnable" seed="121637818" result="Passed" start-time="2017-08-18 12:19:56Z" end-time="2017-08-18 12:19:56Z" duration="0.005094" asserts="1" />
          <test-case id="0-1012" name="GetAbsolutePathTestFail" fullname="UpliftTesting.UnitTesting.FileSystemUtilsTest.GetAbsolutePathTestFail" methodname="GetAbsolutePathTestFail" classname="UpliftTesting.UnitTesting.FileSystemUtilsTest" runstate="Runnable" seed="1600202676" result="Passed" start-time="2017-08-18 12:19:56Z" end-time="2017-08-18 12:19:56Z" duration="0.002444" asserts="1" />
          <test-case id="0-1020" name="GetFilesEmptyTest" fullname="UpliftTesting.UnitTesting.FileSystemUtilsTest.GetFilesEmptyTest" methodname="GetFilesEmptyTest" classname="UpliftTesting.UnitTesting.FileSystemUtilsTest" runstate="Runnable" seed="1151417558" result="Passed" start-time="2017-08-18 12:19:56Z" end-time="2017-08-18 12:19:56Z" duration="0.013673" asserts="1" />
          <test-case id="0-1021" name="GetFilesFromNonExistentDirectoryTest" fullname="UpliftTesting.UnitTesting.FileSystemUtilsTest.GetFilesFromNonExistentDirectoryTest" methodname="GetFilesFromNonExistentDirectoryTest" classname="UpliftTesting.UnitTesting.FileSystemUtilsTest" runstate="Runnable" seed="2097907300" result="Passed" start-time="2017-08-18 12:19:56Z" end-time="2017-08-18 12:19:56Z" duration="0.000911" asserts="1" />
          <test-case id="0-1019" name="GetFilesRecursivelyTest" fullname="UpliftTesting.UnitTesting.FileSystemUtilsTest.GetFilesRecursivelyTest" methodname="GetFilesRecursivelyTest" classname="UpliftTesting.UnitTesting.FileSystemUtilsTest" runstate="Runnable" seed="1512224791" result="Passed" start-time="2017-08-18 12:19:56Z" end-time="2017-08-18 12:19:56Z" duration="0.016276" asserts="1" />
          <test-case id="0-1018" name="GetFilesTest" fullname="UpliftTesting.UnitTesting.FileSystemUtilsTest.GetFilesTest" methodname="GetFilesTest" classname="UpliftTesting.UnitTesting.FileSystemUtilsTest" runstate="Runnable" seed="1386751518" result="Passed" start-time="2017-08-18 12:19:56Z" end-time="2017-08-18 12:19:56Z" duration="0.008878" asserts="1" />
          <test-case id="0-1008" name="JoinPathsTest" fullname="UpliftTesting.UnitTesting.FileSystemUtilsTest.JoinPathsTest" methodname="JoinPathsTest" classname="UpliftTesting.UnitTesting.FileSystemUtilsTest" runstate="Runnable" seed="1111609067" result="Passed" start-time="2017-08-18 12:19:56Z" end-time="2017-08-18 12:19:56Z" duration="0.000825" asserts="1" />
          <test-case id="0-1014" name="ReadTxtInFileTest" fullname="UpliftTesting.UnitTesting.FileSystemUtilsTest.ReadTxtInFileTest" methodname="ReadTxtInFileTest" classname="UpliftTesting.UnitTesting.FileSystemUtilsTest" runstate="Runnable" seed="1575008561" result="Passed" start-time="2017-08-18 12:19:56Z" end-time="2017-08-18 12:19:56Z" duration="0.005238" asserts="1" />
          <test-case id="0-1016" name="RecursivelyDirPathsTestLinux" fullname="UpliftTesting.UnitTesting.FileSystemUtilsTest.RecursivelyDirPathsTestLinux" methodname="RecursivelyDirPathsTestLinux" classname="UpliftTesting.UnitTesting.FileSystemUtilsTest" runstate="Skipped" seed="2110786777" result="Skipped" start-time="2017-08-18 12:19:56Z" end-time="2017-08-18 12:19:56Z" duration="0.002240" asserts="0">
            <properties>
              <property name="_SKIPREASON" value="Only supported on Linux" />
            </properties>
            <reason>
              <message><![CDATA[Only supported on Linux]]></message>
            </reason>
          </test-case>
          <test-case id="0-1017" name="RecursivelyDirPathsTestMac" fullname="UpliftTesting.UnitTesting.FileSystemUtilsTest.RecursivelyDirPathsTestMac" methodname="RecursivelyDirPathsTestMac" classname="UpliftTesting.UnitTesting.FileSystemUtilsTest" runstate="Skipped" seed="162745082" result="Skipped" start-time="2017-08-18 12:19:56Z" end-time="2017-08-18 12:19:56Z" duration="0.000036" asserts="0">
            <properties>
              <property name="_SKIPREASON" value="Not supported on Win,Linux" />
            </properties>
            <reason>
              <message><![CDATA[Not supported on Win,Linux]]></message>
            </reason>
          </test-case>
          <test-case id="0-1015" name="RecursivelyDirPathsTestWindows" fullname="UpliftTesting.UnitTesting.FileSystemUtilsTest.RecursivelyDirPathsTestWindows" methodname="RecursivelyDirPathsTestWindows" classname="UpliftTesting.UnitTesting.FileSystemUtilsTest" runstate="Runnable" seed="926729533" result="Passed" start-time="2017-08-18 12:19:56Z" end-time="2017-08-18 12:19:56Z" duration="0.006038" asserts="1" />
          <test-case id="0-1027" name="RecursivelyListFilesRelativeTest" fullname="UpliftTesting.UnitTesting.FileSystemUtilsTest.RecursivelyListFilesRelativeTest" methodname="RecursivelyListFilesRelativeTest" classname="UpliftTesting.UnitTesting.FileSystemUtilsTest" runstate="Runnable" seed="26781707" result="Passed" start-time="2017-08-18 12:19:56Z" end-time="2017-08-18 12:19:56Z" duration="0.007410" asserts="1" />
          <test-case id="0-1026" name="RecursivelyListFilesTest" fullname="UpliftTesting.UnitTesting.FileSystemUtilsTest.RecursivelyListFilesTest" methodname="RecursivelyListFilesTest" classname="UpliftTesting.UnitTesting.FileSystemUtilsTest" runstate="Runnable" seed="956501282" result="Passed" start-time="2017-08-18 12:19:56Z" end-time="2017-08-18 12:19:56Z" duration="0.013980" asserts="1" />
          <test-case id="0-1013" name="SaveTxtInFileTest" fullname="UpliftTesting.UnitTesting.FileSystemUtilsTest.SaveTxtInFileTest" methodname="SaveTxtInFileTest" classname="UpliftTesting.UnitTesting.FileSystemUtilsTest" runstate="Runnable" seed="1656917032" result="Passed" start-time="2017-08-18 12:19:56Z" end-time="2017-08-18 12:19:56Z" duration="0.007309" asserts="1" />
        </test-suite>
        <test-suite type="TestFixture" id="0-1028" name="GetterSetterTest" fullname="UpliftTesting.UnitTesting.GetterSetterTest" classname="UpliftTesting.UnitTesting.GetterSetterTest" runstate="Runnable" testcasecount="2" result="Passed" start-time="2017-08-18 12:19:56Z" end-time="2017-08-18 12:19:57Z" duration="0.550401" total="2" passed="2" failed="0" warnings="0" inconclusive="0" skipped="0" asserts="10">
          <test-case id="0-1029" name="ConfigurationPropertiesTest" fullname="UpliftTesting.UnitTesting.GetterSetterTest.ConfigurationPropertiesTest" methodname="ConfigurationPropertiesTest" classname="UpliftTesting.UnitTesting.GetterSetterTest" runstate="Runnable" seed="1720327861" result="Passed" start-time="2017-08-18 12:19:56Z" end-time="2017-08-18 12:19:56Z" duration="0.523245" asserts="6" />
          <test-case id="0-1030" name="DependencyDefinitionPropertiesTest" fullname="UpliftTesting.UnitTesting.GetterSetterTest.DependencyDefinitionPropertiesTest" methodname="DependencyDefinitionPropertiesTest" classname="UpliftTesting.UnitTesting.GetterSetterTest" runstate="Runnable" seed="1008671495" result="Passed" start-time="2017-08-18 12:19:56Z" end-time="2017-08-18 12:19:57Z" duration="0.021791" asserts="4" />
        </test-suite>
        <test-suite type="TestFixture" id="0-1031" name="InstalledPackagesTest" fullname="UpliftTesting.UnitTesting.InstalledPackagesTest" classname="UpliftTesting.UnitTesting.InstalledPackagesTest" runstate="Runnable" testcasecount="4" result="Failed" site="Child" start-time="2017-08-18 12:19:57Z" end-time="2017-08-18 12:19:57Z" duration="0.027067" total="4" passed="0" failed="4" warnings="0" inconclusive="0" skipped="0" asserts="0">
          <failure>
            <message><![CDATA[One or more child tests had errors]]></message>
          </failure>
          <test-case id="0-1034" name="NukeOtherInstallComplexTest" fullname="UpliftTesting.UnitTesting.InstalledPackagesTest.NukeOtherInstallComplexTest" methodname="NukeOtherInstallComplexTest" classname="UpliftTesting.UnitTesting.InstalledPackagesTest" runstate="Runnable" seed="2053522013" result="Failed" label="Error" start-time="2017-08-18 12:19:57Z" end-time="2017-08-18 12:19:57Z" duration="0.003055" asserts="0">
            <failure>
              <message><![CDATA[System.NotSupportedException : Nuking from tests is not currently supported]]></message>
              <stack-trace><![CDATA[   à UpliftTesting.UnitTesting.InstalledPackagesTest.NukeOtherInstallComplexTest() dans C:\Users\Paul\Documents\Work\uplift\UpliftTesting\UnitTesting\InstalledPackagesTest.cs:ligne 86]]></stack-trace>
            </failure>
          </test-case>
          <test-case id="0-1033" name="NukeOtherInstallSimpleFileTest" fullname="UpliftTesting.UnitTesting.InstalledPackagesTest.NukeOtherInstallSimpleFileTest" methodname="NukeOtherInstallSimpleFileTest" classname="UpliftTesting.UnitTesting.InstalledPackagesTest" runstate="Runnable" seed="930234247" result="Failed" label="Error" start-time="2017-08-18 12:19:57Z" end-time="2017-08-18 12:19:57Z" duration="0.002424" asserts="0">
            <failure>
              <message><![CDATA[System.NotSupportedException : Nuking from tests is not currently supported]]></message>
              <stack-trace><![CDATA[   à UpliftTesting.UnitTesting.InstalledPackagesTest.NukeOtherInstallSimpleFileTest() dans C:\Users\Paul\Documents\Work\uplift\UpliftTesting\UnitTesting\InstalledPackagesTest.cs:ligne 48]]></stack-trace>
            </failure>
          </test-case>
          <test-case id="0-1035" name="NukeOtherInstallWhenAbsentTest" fullname="UpliftTesting.UnitTesting.InstalledPackagesTest.NukeOtherInstallWhenAbsentTest" methodname="NukeOtherInstallWhenAbsentTest" classname="UpliftTesting.UnitTesting.InstalledPackagesTest" runstate="Runnable" seed="1068558660" result="Failed" label="Error" start-time="2017-08-18 12:19:57Z" end-time="2017-08-18 12:19:57Z" duration="0.003501" asserts="0">
            <failure>
              <message><![CDATA[System.NotSupportedException : Nuking from tests is not currently supported]]></message>
              <stack-trace><![CDATA[   à UpliftTesting.UnitTesting.InstalledPackagesTest.NukeOtherInstallWhenAbsentTest() dans C:\Users\Paul\Documents\Work\uplift\UpliftTesting\UnitTesting\InstalledPackagesTest.cs:ligne 124]]></stack-trace>
            </failure>
          </test-case>
          <test-case id="0-1032" name="NukeRootInstallTest" fullname="UpliftTesting.UnitTesting.InstalledPackagesTest.NukeRootInstallTest" methodname="NukeRootInstallTest" classname="UpliftTesting.UnitTesting.InstalledPackagesTest" runstate="Runnable" seed="1393700593" result="Failed" label="Error" start-time="2017-08-18 12:19:57Z" end-time="2017-08-18 12:19:57Z" duration="0.003151" asserts="0">
            <failure>
              <message><![CDATA[System.NotSupportedException : Nuking from tests is not currently supported]]></message>
              <stack-trace><![CDATA[   à UpliftTesting.UnitTesting.InstalledPackagesTest.NukeRootInstallTest() dans C:\Users\Paul\Documents\Work\uplift\UpliftTesting\UnitTesting\InstalledPackagesTest.cs:ligne 22]]></stack-trace>
            </failure>
          </test-case>
        </test-suite>
        <test-suite type="TestFixture" id="0-1036" name="LatestSelectionStrategyTest" fullname="UpliftTesting.UnitTesting.LatestSelectionStrategyTest" classname="UpliftTesting.UnitTesting.LatestSelectionStrategyTest" runstate="Runnable" testcasecount="1" result="Passed" start-time="2017-08-18 12:19:57Z" end-time="2017-08-18 12:19:57Z" duration="0.047571" total="1" passed="1" failed="0" warnings="0" inconclusive="0" skipped="0" asserts="1">
          <test-case id="0-1037" name="FilterTest" fullname="UpliftTesting.UnitTesting.LatestSelectionStrategyTest.FilterTest" methodname="FilterTest" classname="UpliftTesting.UnitTesting.LatestSelectionStrategyTest" runstate="Runnable" seed="944264411" result="Passed" start-time="2017-08-18 12:19:57Z" end-time="2017-08-18 12:19:57Z" duration="0.043828" asserts="1" />
        </test-suite>
        <test-suite type="TestFixture" id="0-1038" name="PackageHandlerTest" fullname="UpliftTesting.UnitTesting.PackageHandlerTest" classname="UpliftTesting.UnitTesting.PackageHandlerTest" runstate="Runnable" testcasecount="9" result="Passed" start-time="2017-08-18 12:19:57Z" end-time="2017-08-18 12:19:57Z" duration="0.556930" total="9" passed="9" failed="0" warnings="0" inconclusive="0" skipped="0" asserts="24">
          <test-case id="0-1039" name="FindCandidateForDefinitionTest" fullname="UpliftTesting.UnitTesting.PackageHandlerTest.FindCandidateForDefinitionTest" methodname="FindCandidateForDefinitionTest" classname="UpliftTesting.UnitTesting.PackageHandlerTest" runstate="Runnable" seed="875761571" result="Passed" start-time="2017-08-18 12:19:57Z" end-time="2017-08-18 12:19:57Z" duration="0.327958" asserts="3" />
          <test-case id="0-1040" name="FindPackageAndRepositoryTest" fullname="UpliftTesting.UnitTesting.PackageHandlerTest.FindPackageAndRepositoryTest" methodname="FindPackageAndRepositoryTest" classname="UpliftTesting.UnitTesting.PackageHandlerTest" runstate="Runnable" seed="346087829" result="Passed" start-time="2017-08-18 12:19:57Z" end-time="2017-08-18 12:19:57Z" duration="0.004670" asserts="1" />
          <test-case id="0-1041" name="FindPackageAndRepositoryTestFail" fullname="UpliftTesting.UnitTesting.PackageHandlerTest.FindPackageAndRepositoryTestFail" methodname="FindPackageAndRepositoryTestFail" classname="UpliftTesting.UnitTesting.PackageHandlerTest" runstate="Runnable" seed="1636852700" result="Passed" start-time="2017-08-18 12:19:57Z" end-time="2017-08-18 12:19:57Z" duration="0.001242" asserts="1" />
          <test-case id="0-1047" name="PackageDependencyVersionComparison" fullname="UpliftTesting.UnitTesting.PackageHandlerTest.PackageDependencyVersionComparison" methodname="PackageDependencyVersionComparison" classname="UpliftTesting.UnitTesting.PackageHandlerTest" runstate="Runnable" seed="1466808093" result="Passed" start-time="2017-08-18 12:19:57Z" end-time="2017-08-18 12:19:57Z" duration="0.001597" asserts="1" />
          <test-case id="0-1043" name="SelectCandidatesMultipleStrategies" fullname="UpliftTesting.UnitTesting.PackageHandlerTest.SelectCandidatesMultipleStrategies" methodname="SelectCandidatesMultipleStrategies" classname="UpliftTesting.UnitTesting.PackageHandlerTest" runstate="Runnable" seed="1195116087" result="Passed" start-time="2017-08-18 12:19:57Z" end-time="2017-08-18 12:19:57Z" duration="0.163227" asserts="3" />
          <test-case id="0-1042" name="SelectCandidatesSingleStrategy" fullname="UpliftTesting.UnitTesting.PackageHandlerTest.SelectCandidatesSingleStrategy" methodname="SelectCandidatesSingleStrategy" classname="UpliftTesting.UnitTesting.PackageHandlerTest" runstate="Runnable" seed="1223097631" result="Passed" start-time="2017-08-18 12:19:57Z" end-time="2017-08-18 12:19:57Z" duration="0.018283" asserts="3" />
          <test-case id="0-1046" name="VersionComparisonTest" fullname="UpliftTesting.UnitTesting.PackageHandlerTest.VersionComparisonTest" methodname="VersionComparisonTest" classname="UpliftTesting.UnitTesting.PackageHandlerTest" runstate="Runnable" seed="2103282843" result="Passed" start-time="2017-08-18 12:19:57Z" end-time="2017-08-18 12:19:57Z" duration="0.005732" asserts="7" />
          <test-case id="0-1045" name="VersionParsingFailureTest" fullname="UpliftTesting.UnitTesting.PackageHandlerTest.VersionParsingFailureTest" methodname="VersionParsingFailureTest" classname="UpliftTesting.UnitTesting.PackageHandlerTest" runstate="Runnable" seed="63881100" result="Passed" start-time="2017-08-18 12:19:57Z" end-time="2017-08-18 12:19:57Z" duration="0.001983" asserts="1" />
          <test-case id="0-1044" name="VersionStringParsingTest" fullname="UpliftTesting.UnitTesting.PackageHandlerTest.VersionStringParsingTest" methodname="VersionStringParsingTest" classname="UpliftTesting.UnitTesting.PackageHandlerTest" runstate="Runnable" seed="2134954169" result="Passed" start-time="2017-08-18 12:19:57Z" end-time="2017-08-18 12:19:57Z" duration="0.002580" asserts="4" />
        </test-suite>
        <test-suite type="TestFixture" id="0-1048" name="PackageListTest" fullname="UpliftTesting.UnitTesting.PackageListTest" classname="UpliftTesting.UnitTesting.PackageListTest" runstate="Runnable" testcasecount="7" result="Passed" start-time="2017-08-18 12:19:57Z" end-time="2017-08-18 12:19:57Z" duration="0.098547" total="7" passed="7" failed="0" warnings="0" inconclusive="0" skipped="0" asserts="14">
          <test-case id="0-1050" name="GetEmptyPackagesTest" fullname="UpliftTesting.UnitTesting.PackageListTest.GetEmptyPackagesTest" methodname="GetEmptyPackagesTest" classname="UpliftTesting.UnitTesting.PackageListTest" runstate="Runnable" seed="560244792" result="Passed" start-time="2017-08-18 12:19:57Z" end-time="2017-08-18 12:19:57Z" duration="0.003301" asserts="1" />
          <test-case id="0-1055" name="GetLatestPackageTest" fullname="UpliftTesting.UnitTesting.PackageListTest.GetLatestPackageTest" methodname="GetLatestPackageTest" classname="UpliftTesting.UnitTesting.PackageListTest" runstate="Runnable" seed="1727510390" result="Passed" start-time="2017-08-18 12:19:57Z" end-time="2017-08-18 12:19:57Z" duration="0.012881" asserts="1" />
          <test-case id="0-1054" name="LoadPackagesForceRefreshTest" fullname="UpliftTesting.UnitTesting.PackageListTest.LoadPackagesForceRefreshTest" methodname="LoadPackagesForceRefreshTest" classname="UpliftTesting.UnitTesting.PackageListTest" runstate="Runnable" seed="1685331551" result="Passed" start-time="2017-08-18 12:19:57Z" end-time="2017-08-18 12:19:57Z" duration="0.028991" asserts="4" />
          <test-case id="0-1053" name="LoadPackagesMultipleRepoTest" fullname="UpliftTesting.UnitTesting.PackageListTest.LoadPackagesMultipleRepoTest" methodname="LoadPackagesMultipleRepoTest" classname="UpliftTesting.UnitTesting.PackageListTest" runstate="Runnable" seed="529146020" result="Passed" start-time="2017-08-18 12:19:57Z" end-time="2017-08-18 12:19:57Z" duration="0.012806" asserts="4" />
          <test-case id="0-1051" name="LoadPackagesSingleRepoTest" fullname="UpliftTesting.UnitTesting.PackageListTest.LoadPackagesSingleRepoTest" methodname="LoadPackagesSingleRepoTest" classname="UpliftTesting.UnitTesting.PackageListTest" runstate="Runnable" seed="1022390162" result="Passed" start-time="2017-08-18 12:19:57Z" end-time="2017-08-18 12:19:57Z" duration="0.004752" asserts="1" />
          <test-case id="0-1049" name="PackageListUniqueInstanceTest" fullname="UpliftTesting.UnitTesting.PackageListTest.PackageListUniqueInstanceTest" methodname="PackageListUniqueInstanceTest" classname="UpliftTesting.UnitTesting.PackageListTest" runstate="Runnable" seed="402746717" result="Passed" start-time="2017-08-18 12:19:57Z" end-time="2017-08-18 12:19:57Z" duration="0.003164" asserts="1" />
          <test-case id="0-1052" name="RefreshPackagesTest" fullname="UpliftTesting.UnitTesting.PackageListTest.RefreshPackagesTest" methodname="RefreshPackagesTest" classname="UpliftTesting.UnitTesting.PackageListTest" runstate="Runnable" seed="480428007" result="Passed" start-time="2017-08-18 12:19:57Z" end-time="2017-08-18 12:19:57Z" duration="0.006850" asserts="2" />
        </test-suite>
        <test-suite type="TestFixture" id="0-1056" name="UpbringTest" fullname="UpliftTesting.UnitTesting.UpbringTest" classname="UpliftTesting.UnitTesting.UpbringTest" runstate="Runnable" testcasecount="11" result="Passed" start-time="2017-08-18 12:19:57Z" end-time="2017-08-18 12:19:57Z" duration="0.109130" total="11" passed="11" failed="0" warnings="0" inconclusive="0" skipped="0" asserts="12">
          <test-case id="0-1059" name="AddExistingPackageTest" fullname="UpliftTesting.UnitTesting.UpbringTest.AddExistingPackageTest" methodname="AddExistingPackageTest" classname="UpliftTesting.UnitTesting.UpbringTest" runstate="Runnable" seed="140939818" result="Passed" start-time="2017-08-18 12:19:57Z" end-time="2017-08-18 12:19:57Z" duration="0.003378" asserts="1" />
          <test-case id="0-1063" name="AddLocationNoMatchingPackage" fullname="UpliftTesting.UnitTesting.UpbringTest.AddLocationNoMatchingPackage" methodname="AddLocationNoMatchingPackage" classname="UpliftTesting.UnitTesting.UpbringTest" runstate="Runnable" seed="104876852" result="Passed" start-time="2017-08-18 12:19:57Z" end-time="2017-08-18 12:19:57Z" duration="0.002238" asserts="1" />
          <test-case id="0-1061" name="AddLocationWhenAnotherTest" fullname="UpliftTesting.UnitTesting.UpbringTest.AddLocationWhenAnotherTest" methodname="AddLocationWhenAnotherTest" classname="UpliftTesting.UnitTesting.UpbringTest" runstate="Runnable" seed="9391163" result="Passed" start-time="2017-08-18 12:19:57Z" end-time="2017-08-18 12:19:57Z" duration="0.001454" asserts="1" />
          <test-case id="0-1062" name="AddLocationWhenExistingTest" fullname="UpliftTesting.UnitTesting.UpbringTest.AddLocationWhenExistingTest" methodname="AddLocationWhenExistingTest" classname="UpliftTesting.UnitTesting.UpbringTest" runstate="Runnable" seed="1549416786" result="Passed" start-time="2017-08-18 12:19:57Z" end-time="2017-08-18 12:19:57Z" duration="0.001858" asserts="1" />
          <test-case id="0-1060" name="AddLocationWhenNoneTest" fullname="UpliftTesting.UnitTesting.UpbringTest.AddLocationWhenNoneTest" methodname="AddLocationWhenNoneTest" classname="UpliftTesting.UnitTesting.UpbringTest" runstate="Runnable" seed="1448546662" result="Passed" start-time="2017-08-18 12:19:57Z" end-time="2017-08-18 12:19:57Z" duration="0.001635" asserts="1" />
          <test-case id="0-1058" name="AddPackageTest" fullname="UpliftTesting.UnitTesting.UpbringTest.AddPackageTest" methodname="AddPackageTest" classname="UpliftTesting.UnitTesting.UpbringTest" runstate="Runnable" seed="560962362" result="Passed" start-time="2017-08-18 12:19:57Z" end-time="2017-08-18 12:19:57Z" duration="0.002767" asserts="2" />
          <test-case id="0-1065" name="FromXmlWhenAbsentTest" fullname="UpliftTesting.UnitTesting.UpbringTest.FromXmlWhenAbsentTest" methodname="FromXmlWhenAbsentTest" classname="UpliftTesting.UnitTesting.UpbringTest" runstate="Runnable" seed="1050470051" result="Passed" start-time="2017-08-18 12:19:57Z" end-time="2017-08-18 12:19:57Z" duration="0.008325" asserts="1" />
          <test-case id="0-1064" name="FromXmlWhenPresentTest" fullname="UpliftTesting.UnitTesting.UpbringTest.FromXmlWhenPresentTest" methodname="FromXmlWhenPresentTest" classname="UpliftTesting.UnitTesting.UpbringTest" runstate="Runnable" seed="949366475" result="Passed" start-time="2017-08-18 12:19:57Z" end-time="2017-08-18 12:19:57Z" duration="0.025077" asserts="1" />
          <test-case id="0-1057" name="GetInstalledPackageTest" fullname="UpliftTesting.UnitTesting.UpbringTest.GetInstalledPackageTest" methodname="GetInstalledPackageTest" classname="UpliftTesting.UnitTesting.UpbringTest" runstate="Runnable" seed="1698551497" result="Passed" start-time="2017-08-18 12:19:57Z" end-time="2017-08-18 12:19:57Z" duration="0.003940" asserts="1" />
          <test-case id="0-1067" name="RemoveFileTest" fullname="UpliftTesting.UnitTesting.UpbringTest.RemoveFileTest" methodname="RemoveFileTest" classname="UpliftTesting.UnitTesting.UpbringTest" runstate="Runnable" seed="1755654132" result="Passed" start-time="2017-08-18 12:19:57Z" end-time="2017-08-18 12:19:57Z" duration="0.007110" asserts="1" />
          <test-case id="0-1066" name="SaveFileTest" fullname="UpliftTesting.UnitTesting.UpbringTest.SaveFileTest" methodname="SaveFileTest" classname="UpliftTesting.UnitTesting.UpbringTest" runstate="Runnable" seed="797052875" result="Passed" start-time="2017-08-18 12:19:57Z" end-time="2017-08-18 12:19:57Z" duration="0.012897" asserts="1" />
        </test-suite>
        <test-suite type="TestFixture" id="0-1068" name="UpfileTest" fullname="UpliftTesting.UnitTesting.UpfileTest" classname="UpliftTesting.UnitTesting.UpfileTest" runstate="Runnable" testcasecount="0" result="Passed" start-time="2017-08-18 12:19:57Z" end-time="2017-08-18 12:19:57Z" duration="0.000015" total="0" passed="0" failed="0" warnings="0" inconclusive="0" skipped="0" asserts="0" />
      </test-suite>
    </test-suite>
  </test-suite>
</test-run>