<?xml version="1.0" encoding="utf-8" standalone="no"?>
<test-run id="2" testcasecount="82" result="Passed" total="82" passed="80" failed="0" inconclusive="0" skipped="2" asserts="248" engine-version="3.7.0.0" clr-version="4.0.30319.42000" start-time="2017-08-02 08:35:10Z" end-time="2017-08-02 08:35:21Z" duration="10.962043">
  <command-line><![CDATA[..\packages\NUnit.ConsoleRunner.3.7.0\tools\nunit3-console.exe  ..\bin\Debug\UpliftTesting.dll --result=FullTest.xml]]></command-line>
  <test-suite type="Assembly" id="0-1096" name="UpliftTesting.dll" fullname="C:\Users\Paul\Documents\Work\uplift\UpliftTesting\bin\Debug\UpliftTesting.dll" runstate="Runnable" testcasecount="82" result="Passed" start-time="2017-08-02 08:35:12Z" end-time="2017-08-02 08:35:21Z" duration="8.466575" total="82" passed="80" failed="0" inconclusive="0" skipped="2" asserts="248">
    <environment framework-version="3.5.0.0" clr-version="4.0.30319.42000" os-version="Microsoft Windows NT 10.0.15063.0" platform="Win32NT" cwd="C:\Users\Paul\Documents\Work\uplift\UpliftTesting\TestResults" machine-name="PC_PAUL" user="Paul" user-domain="PC_PAUL" culture="fr-FR" uiculture="fr-FR" os-architecture="x64" />
    <settings>
      <setting name="DisposeRunners" value="True" />
      <setting name="WorkDirectory" value="C:\Users\Paul\Documents\Work\uplift\UpliftTesting\TestResults" />
      <setting name="ImageRuntimeVersion" value="4.0.30319" />
      <setting name="ImageTargetFrameworkName" value=".NETFramework,Version=v4.5" />
      <setting name="ImageRequiresX86" value="False" />
      <setting name="ImageRequiresDefaultAppDomainAssemblyResolver" value="False" />
    </settings>
    <properties>
      <property name="_PID" value="6620" />
      <property name="_APPDOMAIN" value="domain-" />
    </properties>
    <test-suite type="TestSuite" id="0-1097" name="UpliftTesting" fullname="UpliftTesting" runstate="Runnable" testcasecount="82" result="Passed" start-time="2017-08-02 08:35:12Z" end-time="2017-08-02 08:35:21Z" duration="8.273364" total="82" passed="80" failed="0" inconclusive="0" skipped="2" asserts="248">
      <test-suite type="TestSuite" id="0-1099" name="IntegrationTesting" fullname="UpliftTesting.IntegrationTesting" runstate="Runnable" testcasecount="7" result="Passed" start-time="2017-08-02 08:35:12Z" end-time="2017-08-02 08:35:16Z" duration="3.411758" total="7" passed="7" failed="0" inconclusive="0" skipped="0" asserts="122">
        <test-suite type="TestFixture" id="0-1089" name="BasicPackageInstallation" fullname="UpliftTesting.IntegrationTesting.BasicPackageInstallation" classname="UpliftTesting.IntegrationTesting.BasicPackageInstallation" runstate="Runnable" testcasecount="1" result="Passed" start-time="2017-08-02 08:35:12Z" end-time="2017-08-02 08:35:14Z" duration="1.869553" total="1" passed="1" failed="0" inconclusive="0" skipped="0" asserts="22">
          <test-case id="0-1090" name="WhenInstalling" fullname="UpliftTesting.IntegrationTesting.BasicPackageInstallation.WhenInstalling" methodname="WhenInstalling" classname="UpliftTesting.IntegrationTesting.BasicPackageInstallation" runstate="Runnable" seed="1026067733" result="Passed" start-time="2017-08-02 08:35:14Z" end-time="2017-08-02 08:35:14Z" duration="0.366798" asserts="22" />
        </test-suite>
        <test-suite type="TestFixture" id="0-1085" name="CustomizedFileLocation" fullname="UpliftTesting.IntegrationTesting.CustomizedFileLocation" classname="UpliftTesting.IntegrationTesting.CustomizedFileLocation" runstate="Runnable" testcasecount="3" result="Passed" start-time="2017-08-02 08:35:14Z" end-time="2017-08-02 08:35:15Z" duration="0.699367" total="3" passed="3" failed="0" inconclusive="0" skipped="0" asserts="77">
          <test-case id="0-1088" name="WhenUpfileModifiedAndSkip" fullname="UpliftTesting.IntegrationTesting.CustomizedFileLocation.WhenUpfileModifiedAndSkip" methodname="WhenUpfileModifiedAndSkip" classname="UpliftTesting.IntegrationTesting.CustomizedFileLocation" runstate="Runnable" seed="1021466251" result="Passed" start-time="2017-08-02 08:35:14Z" end-time="2017-08-02 08:35:15Z" duration="0.194813" asserts="25" />
          <test-case id="0-1087" name="WhenUpfileModifiedNoSkip" fullname="UpliftTesting.IntegrationTesting.CustomizedFileLocation.WhenUpfileModifiedNoSkip" methodname="WhenUpfileModifiedNoSkip" classname="UpliftTesting.IntegrationTesting.CustomizedFileLocation" runstate="Runnable" seed="1373483582" result="Passed" start-time="2017-08-02 08:35:15Z" end-time="2017-08-02 08:35:15Z" duration="0.214287" asserts="27" />
          <test-case id="0-1086" name="WhenUpfileNotModified" fullname="UpliftTesting.IntegrationTesting.CustomizedFileLocation.WhenUpfileNotModified" methodname="WhenUpfileNotModified" classname="UpliftTesting.IntegrationTesting.CustomizedFileLocation" runstate="Runnable" seed="218637674" result="Passed" start-time="2017-08-02 08:35:15Z" end-time="2017-08-02 08:35:15Z" duration="0.176740" asserts="25" />
        </test-suite>
        <test-suite type="TestFixture" id="0-1091" name="PackageNuking" fullname="UpliftTesting.IntegrationTesting.PackageNuking" classname="UpliftTesting.IntegrationTesting.PackageNuking" runstate="Runnable" testcasecount="2" result="Passed" start-time="2017-08-02 08:35:15Z" end-time="2017-08-02 08:35:16Z" duration="0.474056" total="2" passed="2" failed="0" inconclusive="0" skipped="0" asserts="2">
          <test-case id="0-1093" name="WhenFilesAreAdded" fullname="UpliftTesting.IntegrationTesting.PackageNuking.WhenFilesAreAdded" methodname="WhenFilesAreAdded" classname="UpliftTesting.IntegrationTesting.PackageNuking" runstate="Runnable" seed="1053675376" result="Passed" start-time="2017-08-02 08:35:15Z" end-time="2017-08-02 08:35:15Z" duration="0.184681" asserts="1" />
          <test-case id="0-1092" name="WhenNoFileIsAdded" fullname="UpliftTesting.IntegrationTesting.PackageNuking.WhenNoFileIsAdded" methodname="WhenNoFileIsAdded" classname="UpliftTesting.IntegrationTesting.PackageNuking" runstate="Runnable" seed="879845325" result="Passed" start-time="2017-08-02 08:35:15Z" end-time="2017-08-02 08:35:16Z" duration="0.115178" asserts="1" />
        </test-suite>
        <test-suite type="TestFixture" id="0-1094" name="PackageUpdating" fullname="UpliftTesting.IntegrationTesting.PackageUpdating" classname="UpliftTesting.IntegrationTesting.PackageUpdating" runstate="Runnable" testcasecount="1" result="Passed" start-time="2017-08-02 08:35:16Z" end-time="2017-08-02 08:35:16Z" duration="0.198792" total="1" passed="1" failed="0" inconclusive="0" skipped="0" asserts="21">
          <test-case id="0-1095" name="WhenUpdating" fullname="UpliftTesting.IntegrationTesting.PackageUpdating.WhenUpdating" methodname="WhenUpdating" classname="UpliftTesting.IntegrationTesting.PackageUpdating" runstate="Runnable" seed="996052552" result="Passed" start-time="2017-08-02 08:35:16Z" end-time="2017-08-02 08:35:16Z" duration="0.089866" asserts="21" />
        </test-suite>
      </test-suite>
      <test-suite type="TestSuite" id="0-1098" name="UnitTesting" fullname="UpliftTesting.UnitTesting" runstate="Runnable" testcasecount="75" result="Passed" start-time="2017-08-02 08:35:16Z" end-time="2017-08-02 08:35:21Z" duration="4.777351" total="75" passed="73" failed="0" inconclusive="0" skipped="2" asserts="126">
        <test-suite type="TestFixture" id="0-1000" name="FileRepositoryTest" fullname="UpliftTesting.UnitTesting.FileRepositoryTest" classname="UpliftTesting.UnitTesting.FileRepositoryTest" runstate="Runnable" testcasecount="5" result="Passed" start-time="2017-08-02 08:35:16Z" end-time="2017-08-02 08:35:16Z" duration="0.418376" total="5" passed="5" failed="0" inconclusive="0" skipped="0" asserts="15">
          <test-case id="0-1005" name="DownloadPackageFromBadFormatTest" fullname="UpliftTesting.UnitTesting.FileRepositoryTest.DownloadPackageFromBadFormatTest" methodname="DownloadPackageFromBadFormatTest" classname="UpliftTesting.UnitTesting.FileRepositoryTest" runstate="Runnable" seed="1128557058" result="Passed" start-time="2017-08-02 08:35:16Z" end-time="2017-08-02 08:35:16Z" duration="0.007838" asserts="2" />
          <test-case id="0-1003" name="DownloadPackageFromDirectoryTest" fullname="UpliftTesting.UnitTesting.FileRepositoryTest.DownloadPackageFromDirectoryTest" methodname="DownloadPackageFromDirectoryTest" classname="UpliftTesting.UnitTesting.FileRepositoryTest" runstate="Runnable" seed="186738616" result="Passed" start-time="2017-08-02 08:35:16Z" end-time="2017-08-02 08:35:16Z" duration="0.014731" asserts="2" />
          <test-case id="0-1004" name="DownloadPackageFromUnityPackageTest" fullname="UpliftTesting.UnitTesting.FileRepositoryTest.DownloadPackageFromUnityPackageTest" methodname="DownloadPackageFromUnityPackageTest" classname="UpliftTesting.UnitTesting.FileRepositoryTest" runstate="Runnable" seed="1738073615" result="Passed" start-time="2017-08-02 08:35:16Z" end-time="2017-08-02 08:35:16Z" duration="0.164183" asserts="4" />
          <test-case id="0-1002" name="ListPackagesFromDirectoriesTest" fullname="UpliftTesting.UnitTesting.FileRepositoryTest.ListPackagesFromDirectoriesTest" methodname="ListPackagesFromDirectoriesTest" classname="UpliftTesting.UnitTesting.FileRepositoryTest" runstate="Runnable" seed="1757205117" result="Passed" start-time="2017-08-02 08:35:16Z" end-time="2017-08-02 08:35:16Z" duration="0.030159" asserts="4" />
          <test-case id="0-1001" name="ListPackagesFromUnityPackagesTest" fullname="UpliftTesting.UnitTesting.FileRepositoryTest.ListPackagesFromUnityPackagesTest" methodname="ListPackagesFromUnityPackagesTest" classname="UpliftTesting.UnitTesting.FileRepositoryTest" runstate="Runnable" seed="1996255845" result="Passed" start-time="2017-08-02 08:35:16Z" end-time="2017-08-02 08:35:16Z" duration="0.010270" asserts="3" />
        </test-suite>
        <test-suite type="TestFixture" id="0-1028" name="FileSystemUtilsTest" fullname="UpliftTesting.UnitTesting.FileSystemUtilsTest" classname="UpliftTesting.UnitTesting.FileSystemUtilsTest" runstate="Runnable" testcasecount="20" result="Passed" start-time="2017-08-02 08:35:16Z" end-time="2017-08-02 08:35:17Z" duration="0.871091" total="20" passed="18" failed="0" inconclusive="0" skipped="2" asserts="19">
          <test-case id="0-1046" name="CopyAndIgnoreDirectoryTest" fullname="UpliftTesting.UnitTesting.FileSystemUtilsTest.CopyAndIgnoreDirectoryTest" methodname="CopyAndIgnoreDirectoryTest" classname="UpliftTesting.UnitTesting.FileSystemUtilsTest" runstate="Runnable" seed="475822972" result="Passed" start-time="2017-08-02 08:35:16Z" end-time="2017-08-02 08:35:16Z" duration="0.010507" asserts="2" />
          <test-case id="0-1045" name="CopyDirectoryRecursivelyTest" fullname="UpliftTesting.UnitTesting.FileSystemUtilsTest.CopyDirectoryRecursivelyTest" methodname="CopyDirectoryRecursivelyTest" classname="UpliftTesting.UnitTesting.FileSystemUtilsTest" runstate="Runnable" seed="261623397" result="Passed" start-time="2017-08-02 08:35:16Z" end-time="2017-08-02 08:35:16Z" duration="0.008864" asserts="1" />
          <test-case id="0-1043" name="CopyDirectoryTest" fullname="UpliftTesting.UnitTesting.FileSystemUtilsTest.CopyDirectoryTest" methodname="CopyDirectoryTest" classname="UpliftTesting.UnitTesting.FileSystemUtilsTest" runstate="Runnable" seed="1607044745" result="Passed" start-time="2017-08-02 08:35:16Z" end-time="2017-08-02 08:35:16Z" duration="0.004825" asserts="1" />
          <test-case id="0-1044" name="CopyToExitstingDirectoryTest" fullname="UpliftTesting.UnitTesting.FileSystemUtilsTest.CopyToExitstingDirectoryTest" methodname="CopyToExitstingDirectoryTest" classname="UpliftTesting.UnitTesting.FileSystemUtilsTest" runstate="Runnable" seed="703196154" result="Passed" start-time="2017-08-02 08:35:17Z" end-time="2017-08-02 08:35:17Z" duration="0.004672" asserts="1" />
          <test-case id="0-1030" name="EnsureMissingParentExistsTest" fullname="UpliftTesting.UnitTesting.FileSystemUtilsTest.EnsureMissingParentExistsTest" methodname="EnsureMissingParentExistsTest" classname="UpliftTesting.UnitTesting.FileSystemUtilsTest" runstate="Runnable" seed="1279623108" result="Passed" start-time="2017-08-02 08:35:17Z" end-time="2017-08-02 08:35:17Z" duration="0.003518" asserts="1" />
          <test-case id="0-1031" name="EnsurePresentParentExistsTest" fullname="UpliftTesting.UnitTesting.FileSystemUtilsTest.EnsurePresentParentExistsTest" methodname="EnsurePresentParentExistsTest" classname="UpliftTesting.UnitTesting.FileSystemUtilsTest" runstate="Runnable" seed="1576799645" result="Passed" start-time="2017-08-02 08:35:17Z" end-time="2017-08-02 08:35:17Z" duration="0.002908" asserts="1" />
          <test-case id="0-1032" name="GetAbsolutePathTest" fullname="UpliftTesting.UnitTesting.FileSystemUtilsTest.GetAbsolutePathTest" methodname="GetAbsolutePathTest" classname="UpliftTesting.UnitTesting.FileSystemUtilsTest" runstate="Runnable" seed="445912935" result="Passed" start-time="2017-08-02 08:35:17Z" end-time="2017-08-02 08:35:17Z" duration="0.003860" asserts="1" />
          <test-case id="0-1033" name="GetAbsolutePathTestFail" fullname="UpliftTesting.UnitTesting.FileSystemUtilsTest.GetAbsolutePathTestFail" methodname="GetAbsolutePathTestFail" classname="UpliftTesting.UnitTesting.FileSystemUtilsTest" runstate="Runnable" seed="983039836" result="Passed" start-time="2017-08-02 08:35:17Z" end-time="2017-08-02 08:35:17Z" duration="0.002006" asserts="1" />
          <test-case id="0-1041" name="GetFilesEmptyTest" fullname="UpliftTesting.UnitTesting.FileSystemUtilsTest.GetFilesEmptyTest" methodname="GetFilesEmptyTest" classname="UpliftTesting.UnitTesting.FileSystemUtilsTest" runstate="Runnable" seed="177665475" result="Passed" start-time="2017-08-02 08:35:17Z" end-time="2017-08-02 08:35:17Z" duration="0.006959" asserts="1" />
          <test-case id="0-1042" name="GetFilesFromNonExistentDirectoryTest" fullname="UpliftTesting.UnitTesting.FileSystemUtilsTest.GetFilesFromNonExistentDirectoryTest" methodname="GetFilesFromNonExistentDirectoryTest" classname="UpliftTesting.UnitTesting.FileSystemUtilsTest" runstate="Runnable" seed="1772964173" result="Passed" start-time="2017-08-02 08:35:17Z" end-time="2017-08-02 08:35:17Z" duration="0.000722" asserts="1" />
          <test-case id="0-1040" name="GetFilesRecursivelyTest" fullname="UpliftTesting.UnitTesting.FileSystemUtilsTest.GetFilesRecursivelyTest" methodname="GetFilesRecursivelyTest" classname="UpliftTesting.UnitTesting.FileSystemUtilsTest" runstate="Runnable" seed="1060557026" result="Passed" start-time="2017-08-02 08:35:17Z" end-time="2017-08-02 08:35:17Z" duration="0.020556" asserts="1" />
          <test-case id="0-1039" name="GetFilesTest" fullname="UpliftTesting.UnitTesting.FileSystemUtilsTest.GetFilesTest" methodname="GetFilesTest" classname="UpliftTesting.UnitTesting.FileSystemUtilsTest" runstate="Runnable" seed="1722106284" result="Passed" start-time="2017-08-02 08:35:17Z" end-time="2017-08-02 08:35:17Z" duration="0.008811" asserts="1" />
          <test-case id="0-1029" name="JoinPathsTest" fullname="UpliftTesting.UnitTesting.FileSystemUtilsTest.JoinPathsTest" methodname="JoinPathsTest" classname="UpliftTesting.UnitTesting.FileSystemUtilsTest" runstate="Runnable" seed="634373947" result="Passed" start-time="2017-08-02 08:35:17Z" end-time="2017-08-02 08:35:17Z" duration="0.000710" asserts="1" />
          <test-case id="0-1035" name="ReadTxtInFileTest" fullname="UpliftTesting.UnitTesting.FileSystemUtilsTest.ReadTxtInFileTest" methodname="ReadTxtInFileTest" classname="UpliftTesting.UnitTesting.FileSystemUtilsTest" runstate="Runnable" seed="2067723541" result="Passed" start-time="2017-08-02 08:35:17Z" end-time="2017-08-02 08:35:17Z" duration="0.005178" asserts="1" />
          <test-case id="0-1037" name="RecursivelyDirPathsTestLinux" fullname="UpliftTesting.UnitTesting.FileSystemUtilsTest.RecursivelyDirPathsTestLinux" methodname="RecursivelyDirPathsTestLinux" classname="UpliftTesting.UnitTesting.FileSystemUtilsTest" runstate="Skipped" seed="278019996" result="Skipped" start-time="2017-08-02 08:35:17Z" end-time="2017-08-02 08:35:17Z" duration="0.002155" asserts="0">
            <properties>
              <property name="_SKIPREASON" value="Only supported on Linux" />
            </properties>
            <reason>
              <message><![CDATA[Only supported on Linux]]></message>
            </reason>
          </test-case>
          <test-case id="0-1038" name="RecursivelyDirPathsTestMac" fullname="UpliftTesting.UnitTesting.FileSystemUtilsTest.RecursivelyDirPathsTestMac" methodname="RecursivelyDirPathsTestMac" classname="UpliftTesting.UnitTesting.FileSystemUtilsTest" runstate="Skipped" seed="293304890" result="Skipped" start-time="2017-08-02 08:35:17Z" end-time="2017-08-02 08:35:17Z" duration="0.000053" asserts="0">
            <properties>
              <property name="_SKIPREASON" value="Not supported on Win,Linux" />
            </properties>
            <reason>
              <message><![CDATA[Not supported on Win,Linux]]></message>
            </reason>
          </test-case>
          <test-case id="0-1036" name="RecursivelyDirPathsTestWindows" fullname="UpliftTesting.UnitTesting.FileSystemUtilsTest.RecursivelyDirPathsTestWindows" methodname="RecursivelyDirPathsTestWindows" classname="UpliftTesting.UnitTesting.FileSystemUtilsTest" runstate="Runnable" seed="1847734360" result="Passed" start-time="2017-08-02 08:35:17Z" end-time="2017-08-02 08:35:17Z" duration="0.006404" asserts="1" />
          <test-case id="0-1048" name="RecursivelyListFilesRelativeTest" fullname="UpliftTesting.UnitTesting.FileSystemUtilsTest.RecursivelyListFilesRelativeTest" methodname="RecursivelyListFilesRelativeTest" classname="UpliftTesting.UnitTesting.FileSystemUtilsTest" runstate="Runnable" seed="42797943" result="Passed" start-time="2017-08-02 08:35:17Z" end-time="2017-08-02 08:35:17Z" duration="0.006799" asserts="1" />
          <test-case id="0-1047" name="RecursivelyListFilesTest" fullname="UpliftTesting.UnitTesting.FileSystemUtilsTest.RecursivelyListFilesTest" methodname="RecursivelyListFilesTest" classname="UpliftTesting.UnitTesting.FileSystemUtilsTest" runstate="Runnable" seed="251237323" result="Passed" start-time="2017-08-02 08:35:17Z" end-time="2017-08-02 08:35:17Z" duration="0.013096" asserts="1" />
          <test-case id="0-1034" name="SaveTxtInFileTest" fullname="UpliftTesting.UnitTesting.FileSystemUtilsTest.SaveTxtInFileTest" methodname="SaveTxtInFileTest" classname="UpliftTesting.UnitTesting.FileSystemUtilsTest" runstate="Runnable" seed="646621334" result="Passed" start-time="2017-08-02 08:35:17Z" end-time="2017-08-02 08:35:17Z" duration="0.005023" asserts="1" />
        </test-suite>
        <test-suite type="TestFixture" id="0-1006" name="GetterSetterTest" fullname="UpliftTesting.UnitTesting.GetterSetterTest" classname="UpliftTesting.UnitTesting.GetterSetterTest" runstate="Runnable" testcasecount="2" result="Passed" start-time="2017-08-02 08:35:17Z" end-time="2017-08-02 08:35:18Z" duration="0.578722" total="2" passed="2" failed="0" inconclusive="0" skipped="0" asserts="10">
          <test-case id="0-1007" name="ConfigurationPropertiesTest" fullname="UpliftTesting.UnitTesting.GetterSetterTest.ConfigurationPropertiesTest" methodname="ConfigurationPropertiesTest" classname="UpliftTesting.UnitTesting.GetterSetterTest" runstate="Runnable" seed="1678284008" result="Passed" start-time="2017-08-02 08:35:17Z" end-time="2017-08-02 08:35:18Z" duration="0.481931" asserts="6" />
          <test-case id="0-1008" name="DependencyDefinitionPropertiesTest" fullname="UpliftTesting.UnitTesting.GetterSetterTest.DependencyDefinitionPropertiesTest" methodname="DependencyDefinitionPropertiesTest" classname="UpliftTesting.UnitTesting.GetterSetterTest" runstate="Runnable" seed="1576961098" result="Passed" start-time="2017-08-02 08:35:18Z" end-time="2017-08-02 08:35:18Z" duration="0.015654" asserts="4" />
        </test-suite>
        <test-suite type="TestFixture" id="0-1009" name="InstalledPackagesTest" fullname="UpliftTesting.UnitTesting.InstalledPackagesTest" classname="UpliftTesting.UnitTesting.InstalledPackagesTest" runstate="Runnable" testcasecount="4" result="Passed" start-time="2017-08-02 08:35:18Z" end-time="2017-08-02 08:35:18Z" duration="0.228820" total="4" passed="4" failed="0" inconclusive="0" skipped="0" asserts="10">
          <test-case id="0-1012" name="NukeOtherInstallComplexTest" fullname="UpliftTesting.UnitTesting.InstalledPackagesTest.NukeOtherInstallComplexTest" methodname="NukeOtherInstallComplexTest" classname="UpliftTesting.UnitTesting.InstalledPackagesTest" runstate="Runnable" seed="1331411213" result="Passed" start-time="2017-08-02 08:35:18Z" end-time="2017-08-02 08:35:18Z" duration="0.029623" asserts="4" />
          <test-case id="0-1011" name="NukeOtherInstallSimpleFileTest" fullname="UpliftTesting.UnitTesting.InstalledPackagesTest.NukeOtherInstallSimpleFileTest" methodname="NukeOtherInstallSimpleFileTest" classname="UpliftTesting.UnitTesting.InstalledPackagesTest" runstate="Runnable" seed="1407233759" result="Passed" start-time="2017-08-02 08:35:18Z" end-time="2017-08-02 08:35:18Z" duration="0.029608" asserts="4" />
          <test-case id="0-1013" name="NukeOtherInstallWhenAbsentTest" fullname="UpliftTesting.UnitTesting.InstalledPackagesTest.NukeOtherInstallWhenAbsentTest" methodname="NukeOtherInstallWhenAbsentTest" classname="UpliftTesting.UnitTesting.InstalledPackagesTest" runstate="Runnable" seed="274242214" result="Passed" start-time="2017-08-02 08:35:18Z" end-time="2017-08-02 08:35:18Z" duration="0.015897" asserts="1" />
          <test-case id="0-1010" name="NukeRootInstallTest" fullname="UpliftTesting.UnitTesting.InstalledPackagesTest.NukeRootInstallTest" methodname="NukeRootInstallTest" classname="UpliftTesting.UnitTesting.InstalledPackagesTest" runstate="Runnable" seed="859522777" result="Passed" start-time="2017-08-02 08:35:18Z" end-time="2017-08-02 08:35:18Z" duration="0.003473" asserts="1" />
        </test-suite>
        <test-suite type="TestFixture" id="0-1014" name="LatestSelectionStrategyTest" fullname="UpliftTesting.UnitTesting.LatestSelectionStrategyTest" classname="UpliftTesting.UnitTesting.LatestSelectionStrategyTest" runstate="Runnable" testcasecount="1" result="Passed" start-time="2017-08-02 08:35:18Z" end-time="2017-08-02 08:35:18Z" duration="0.072059" total="1" passed="1" failed="0" inconclusive="0" skipped="0" asserts="1">
          <test-case id="0-1015" name="FilterTest" fullname="UpliftTesting.UnitTesting.LatestSelectionStrategyTest.FilterTest" methodname="FilterTest" classname="UpliftTesting.UnitTesting.LatestSelectionStrategyTest" runstate="Runnable" seed="467067111" result="Passed" start-time="2017-08-02 08:35:18Z" end-time="2017-08-02 08:35:18Z" duration="0.033396" asserts="1" />
        </test-suite>
        <test-suite type="TestFixture" id="0-1016" name="LocalHandlerTest" fullname="UpliftTesting.UnitTesting.LocalHandlerTest" classname="UpliftTesting.UnitTesting.LocalHandlerTest" runstate="Runnable" testcasecount="3" result="Passed" start-time="2017-08-02 08:35:18Z" end-time="2017-08-02 08:35:18Z" duration="0.158955" total="3" passed="3" failed="0" inconclusive="0" skipped="0" asserts="4">
          <test-case id="0-1019" name="GetPackageDirectory" fullname="UpliftTesting.UnitTesting.LocalHandlerTest.GetPackageDirectory" methodname="GetPackageDirectory" classname="UpliftTesting.UnitTesting.LocalHandlerTest" runstate="Runnable" seed="1762587684" result="Passed" start-time="2017-08-02 08:35:18Z" end-time="2017-08-02 08:35:18Z" duration="0.000505" asserts="1" />
          <test-case id="0-1018" name="GetRepositoryInstallPathTest" fullname="UpliftTesting.UnitTesting.LocalHandlerTest.GetRepositoryInstallPathTest" methodname="GetRepositoryInstallPathTest" classname="UpliftTesting.UnitTesting.LocalHandlerTest" runstate="Runnable" seed="675982822" result="Passed" start-time="2017-08-02 08:35:18Z" end-time="2017-08-02 08:35:18Z" duration="0.001067" asserts="1" />
          <test-case id="0-1017" name="NukeAllPackagesTest" fullname="UpliftTesting.UnitTesting.LocalHandlerTest.NukeAllPackagesTest" methodname="NukeAllPackagesTest" classname="UpliftTesting.UnitTesting.LocalHandlerTest" runstate="Runnable" seed="567410147" result="Passed" start-time="2017-08-02 08:35:18Z" end-time="2017-08-02 08:35:18Z" duration="0.042929" asserts="2" />
        </test-suite>
        <test-suite type="TestFixture" id="0-1049" name="PackageHandlerTest" fullname="UpliftTesting.UnitTesting.PackageHandlerTest" classname="UpliftTesting.UnitTesting.PackageHandlerTest" runstate="Runnable" testcasecount="9" result="Passed" start-time="2017-08-02 08:35:18Z" end-time="2017-08-02 08:35:19Z" duration="0.788252" total="9" passed="9" failed="0" inconclusive="0" skipped="0" asserts="24">
          <test-case id="0-1050" name="FindCandidateForDefinitionTest" fullname="UpliftTesting.UnitTesting.PackageHandlerTest.FindCandidateForDefinitionTest" methodname="FindCandidateForDefinitionTest" classname="UpliftTesting.UnitTesting.PackageHandlerTest" runstate="Runnable" seed="695606654" result="Passed" start-time="2017-08-02 08:35:18Z" end-time="2017-08-02 08:35:19Z" duration="0.285158" asserts="3" />
          <test-case id="0-1051" name="FindPackageAndRepositoryTest" fullname="UpliftTesting.UnitTesting.PackageHandlerTest.FindPackageAndRepositoryTest" methodname="FindPackageAndRepositoryTest" classname="UpliftTesting.UnitTesting.PackageHandlerTest" runstate="Runnable" seed="283402197" result="Passed" start-time="2017-08-02 08:35:19Z" end-time="2017-08-02 08:35:19Z" duration="0.004267" asserts="1" />
          <test-case id="0-1052" name="FindPackageAndRepositoryTestFail" fullname="UpliftTesting.UnitTesting.PackageHandlerTest.FindPackageAndRepositoryTestFail" methodname="FindPackageAndRepositoryTestFail" classname="UpliftTesting.UnitTesting.PackageHandlerTest" runstate="Runnable" seed="1482078356" result="Passed" start-time="2017-08-02 08:35:19Z" end-time="2017-08-02 08:35:19Z" duration="0.001131" asserts="1" />
          <test-case id="0-1058" name="PackageDependencyVersionComparison" fullname="UpliftTesting.UnitTesting.PackageHandlerTest.PackageDependencyVersionComparison" methodname="PackageDependencyVersionComparison" classname="UpliftTesting.UnitTesting.PackageHandlerTest" runstate="Runnable" seed="658395211" result="Passed" start-time="2017-08-02 08:35:19Z" end-time="2017-08-02 08:35:19Z" duration="0.001177" asserts="1" />
          <test-case id="0-1054" name="SelectCandidatesMultipleStrategies" fullname="UpliftTesting.UnitTesting.PackageHandlerTest.SelectCandidatesMultipleStrategies" methodname="SelectCandidatesMultipleStrategies" classname="UpliftTesting.UnitTesting.PackageHandlerTest" runstate="Runnable" seed="1854354914" result="Passed" start-time="2017-08-02 08:35:19Z" end-time="2017-08-02 08:35:19Z" duration="0.121308" asserts="3" />
          <test-case id="0-1053" name="SelectCandidatesSingleStrategy" fullname="UpliftTesting.UnitTesting.PackageHandlerTest.SelectCandidatesSingleStrategy" methodname="SelectCandidatesSingleStrategy" classname="UpliftTesting.UnitTesting.PackageHandlerTest" runstate="Runnable" seed="2028551405" result="Passed" start-time="2017-08-02 08:35:19Z" end-time="2017-08-02 08:35:19Z" duration="0.011337" asserts="3" />
          <test-case id="0-1057" name="VersionComparisonTest" fullname="UpliftTesting.UnitTesting.PackageHandlerTest.VersionComparisonTest" methodname="VersionComparisonTest" classname="UpliftTesting.UnitTesting.PackageHandlerTest" runstate="Runnable" seed="1591277039" result="Passed" start-time="2017-08-02 08:35:19Z" end-time="2017-08-02 08:35:19Z" duration="0.003308" asserts="7" />
          <test-case id="0-1056" name="VersionParsingFailureTest" fullname="UpliftTesting.UnitTesting.PackageHandlerTest.VersionParsingFailureTest" methodname="VersionParsingFailureTest" classname="UpliftTesting.UnitTesting.PackageHandlerTest" runstate="Runnable" seed="1134419388" result="Passed" start-time="2017-08-02 08:35:19Z" end-time="2017-08-02 08:35:19Z" duration="0.012224" asserts="1" />
          <test-case id="0-1055" name="VersionStringParsingTest" fullname="UpliftTesting.UnitTesting.PackageHandlerTest.VersionStringParsingTest" methodname="VersionStringParsingTest" classname="UpliftTesting.UnitTesting.PackageHandlerTest" runstate="Runnable" seed="1800285161" result="Passed" start-time="2017-08-02 08:35:19Z" end-time="2017-08-02 08:35:19Z" duration="0.001812" asserts="4" />
        </test-suite>
        <test-suite type="TestFixture" id="0-1020" name="PackageListTest" fullname="UpliftTesting.UnitTesting.PackageListTest" classname="UpliftTesting.UnitTesting.PackageListTest" runstate="Runnable" testcasecount="7" result="Passed" start-time="2017-08-02 08:35:19Z" end-time="2017-08-02 08:35:20Z" duration="0.312375" total="7" passed="7" failed="0" inconclusive="0" skipped="0" asserts="14">
          <test-case id="0-1022" name="GetEmptyPackagesTest" fullname="UpliftTesting.UnitTesting.PackageListTest.GetEmptyPackagesTest" methodname="GetEmptyPackagesTest" classname="UpliftTesting.UnitTesting.PackageListTest" runstate="Runnable" seed="1187216426" result="Passed" start-time="2017-08-02 08:35:19Z" end-time="2017-08-02 08:35:19Z" duration="0.002116" asserts="1" />
          <test-case id="0-1027" name="GetLatestPackageTest" fullname="UpliftTesting.UnitTesting.PackageListTest.GetLatestPackageTest" methodname="GetLatestPackageTest" classname="UpliftTesting.UnitTesting.PackageListTest" runstate="Runnable" seed="210921985" result="Passed" start-time="2017-08-02 08:35:19Z" end-time="2017-08-02 08:35:19Z" duration="0.009637" asserts="1" />
          <test-case id="0-1026" name="LoadPackagesForceRefreshTest" fullname="UpliftTesting.UnitTesting.PackageListTest.LoadPackagesForceRefreshTest" methodname="LoadPackagesForceRefreshTest" classname="UpliftTesting.UnitTesting.PackageListTest" runstate="Runnable" seed="2108609334" result="Passed" start-time="2017-08-02 08:35:19Z" end-time="2017-08-02 08:35:19Z" duration="0.021126" asserts="4" />
          <test-case id="0-1025" name="LoadPackagesMultipleRepoTest" fullname="UpliftTesting.UnitTesting.PackageListTest.LoadPackagesMultipleRepoTest" methodname="LoadPackagesMultipleRepoTest" classname="UpliftTesting.UnitTesting.PackageListTest" runstate="Runnable" seed="1690518479" result="Passed" start-time="2017-08-02 08:35:19Z" end-time="2017-08-02 08:35:19Z" duration="0.008186" asserts="4" />
          <test-case id="0-1023" name="LoadPackagesSingleRepoTest" fullname="UpliftTesting.UnitTesting.PackageListTest.LoadPackagesSingleRepoTest" methodname="LoadPackagesSingleRepoTest" classname="UpliftTesting.UnitTesting.PackageListTest" runstate="Runnable" seed="1928206303" result="Passed" start-time="2017-08-02 08:35:19Z" end-time="2017-08-02 08:35:19Z" duration="0.003962" asserts="1" />
          <test-case id="0-1021" name="PackageListUniqueInstanceTest" fullname="UpliftTesting.UnitTesting.PackageListTest.PackageListUniqueInstanceTest" methodname="PackageListUniqueInstanceTest" classname="UpliftTesting.UnitTesting.PackageListTest" runstate="Runnable" seed="1907966923" result="Passed" start-time="2017-08-02 08:35:20Z" end-time="2017-08-02 08:35:20Z" duration="0.001902" asserts="1" />
          <test-case id="0-1024" name="RefreshPackagesTest" fullname="UpliftTesting.UnitTesting.PackageListTest.RefreshPackagesTest" methodname="RefreshPackagesTest" classname="UpliftTesting.UnitTesting.PackageListTest" runstate="Runnable" seed="158556436" result="Passed" start-time="2017-08-02 08:35:20Z" end-time="2017-08-02 08:35:20Z" duration="0.004378" asserts="2" />
        </test-suite>
        <test-suite type="TestFixture" id="0-1059" name="UpbringTest" fullname="UpliftTesting.UnitTesting.UpbringTest" classname="UpliftTesting.UnitTesting.UpbringTest" runstate="Runnable" testcasecount="11" result="Passed" start-time="2017-08-02 08:35:20Z" end-time="2017-08-02 08:35:20Z" duration="0.450056" total="11" passed="11" failed="0" inconclusive="0" skipped="0" asserts="12">
          <test-case id="0-1062" name="AddExistingPackageTest" fullname="UpliftTesting.UnitTesting.UpbringTest.AddExistingPackageTest" methodname="AddExistingPackageTest" classname="UpliftTesting.UnitTesting.UpbringTest" runstate="Runnable" seed="1094254099" result="Passed" start-time="2017-08-02 08:35:20Z" end-time="2017-08-02 08:35:20Z" duration="0.003010" asserts="1" />
          <test-case id="0-1066" name="AddLocationNoMatchingPackage" fullname="UpliftTesting.UnitTesting.UpbringTest.AddLocationNoMatchingPackage" methodname="AddLocationNoMatchingPackage" classname="UpliftTesting.UnitTesting.UpbringTest" runstate="Runnable" seed="954188790" result="Passed" start-time="2017-08-02 08:35:20Z" end-time="2017-08-02 08:35:20Z" duration="0.001421" asserts="1" />
          <test-case id="0-1064" name="AddLocationWhenAnotherTest" fullname="UpliftTesting.UnitTesting.UpbringTest.AddLocationWhenAnotherTest" methodname="AddLocationWhenAnotherTest" classname="UpliftTesting.UnitTesting.UpbringTest" runstate="Runnable" seed="2121068738" result="Passed" start-time="2017-08-02 08:35:20Z" end-time="2017-08-02 08:35:20Z" duration="0.001232" asserts="1" />
          <test-case id="0-1065" name="AddLocationWhenExistingTest" fullname="UpliftTesting.UnitTesting.UpbringTest.AddLocationWhenExistingTest" methodname="AddLocationWhenExistingTest" classname="UpliftTesting.UnitTesting.UpbringTest" runstate="Runnable" seed="2059867321" result="Passed" start-time="2017-08-02 08:35:20Z" end-time="2017-08-02 08:35:20Z" duration="0.001242" asserts="1" />
          <test-case id="0-1063" name="AddLocationWhenNoneTest" fullname="UpliftTesting.UnitTesting.UpbringTest.AddLocationWhenNoneTest" methodname="AddLocationWhenNoneTest" classname="UpliftTesting.UnitTesting.UpbringTest" runstate="Runnable" seed="1841285590" result="Passed" start-time="2017-08-02 08:35:20Z" end-time="2017-08-02 08:35:20Z" duration="0.001011" asserts="1" />
          <test-case id="0-1061" name="AddPackageTest" fullname="UpliftTesting.UnitTesting.UpbringTest.AddPackageTest" methodname="AddPackageTest" classname="UpliftTesting.UnitTesting.UpbringTest" runstate="Runnable" seed="410765542" result="Passed" start-time="2017-08-02 08:35:20Z" end-time="2017-08-02 08:35:20Z" duration="0.001945" asserts="2" />
          <test-case id="0-1068" name="FromXmlWhenAbsentTest" fullname="UpliftTesting.UnitTesting.UpbringTest.FromXmlWhenAbsentTest" methodname="FromXmlWhenAbsentTest" classname="UpliftTesting.UnitTesting.UpbringTest" runstate="Runnable" seed="838891169" result="Passed" start-time="2017-08-02 08:35:20Z" end-time="2017-08-02 08:35:20Z" duration="0.005280" asserts="1" />
          <test-case id="0-1067" name="FromXmlWhenPresentTest" fullname="UpliftTesting.UnitTesting.UpbringTest.FromXmlWhenPresentTest" methodname="FromXmlWhenPresentTest" classname="UpliftTesting.UnitTesting.UpbringTest" runstate="Runnable" seed="105545518" result="Passed" start-time="2017-08-02 08:35:20Z" end-time="2017-08-02 08:35:20Z" duration="0.011023" asserts="1" />
          <test-case id="0-1060" name="GetInstalledPackageTest" fullname="UpliftTesting.UnitTesting.UpbringTest.GetInstalledPackageTest" methodname="GetInstalledPackageTest" classname="UpliftTesting.UnitTesting.UpbringTest" runstate="Runnable" seed="1341814710" result="Passed" start-time="2017-08-02 08:35:20Z" end-time="2017-08-02 08:35:20Z" duration="0.000772" asserts="1" />
          <test-case id="0-1070" name="RemoveFileTest" fullname="UpliftTesting.UnitTesting.UpbringTest.RemoveFileTest" methodname="RemoveFileTest" classname="UpliftTesting.UnitTesting.UpbringTest" runstate="Runnable" seed="1184602532" result="Passed" start-time="2017-08-02 08:35:20Z" end-time="2017-08-02 08:35:20Z" duration="0.006184" asserts="1" />
          <test-case id="0-1069" name="SaveFileTest" fullname="UpliftTesting.UnitTesting.UpbringTest.SaveFileTest" methodname="SaveFileTest" classname="UpliftTesting.UnitTesting.UpbringTest" runstate="Runnable" seed="663925161" result="Passed" start-time="2017-08-02 08:35:20Z" end-time="2017-08-02 08:35:20Z" duration="0.011548" asserts="1" />
        </test-suite>
        <test-suite type="TestFixture" id="0-1071" name="UpfileHandlerTest" fullname="UpliftTesting.UnitTesting.UpfileHandlerTest" classname="UpliftTesting.UnitTesting.UpfileHandlerTest" runstate="Runnable" testcasecount="13" result="Passed" start-time="2017-08-02 08:35:20Z" end-time="2017-08-02 08:35:21Z" duration="0.524829" total="13" passed="13" failed="0" inconclusive="0" skipped="0" asserts="17">
          <test-case id="0-1073" name="CheckForUpfileTest" fullname="UpliftTesting.UnitTesting.UpfileHandlerTest.CheckForUpfileTest" methodname="CheckForUpfileTest" classname="UpliftTesting.UnitTesting.UpfileHandlerTest" runstate="Runnable" seed="538748920" result="Passed" start-time="2017-08-02 08:35:20Z" end-time="2017-08-02 08:35:20Z" duration="0.005071" asserts="1" />
          <test-case id="0-1074" name="CheckForUpfileTestFail" fullname="UpliftTesting.UnitTesting.UpfileHandlerTest.CheckForUpfileTestFail" methodname="CheckForUpfileTestFail" classname="UpliftTesting.UnitTesting.UpfileHandlerTest" runstate="Runnable" seed="1426381490" result="Passed" start-time="2017-08-02 08:35:20Z" end-time="2017-08-02 08:35:20Z" duration="0.002845" asserts="1" />
          <test-case id="0-1082" name="GetDestinationDefaultTest" fullname="UpliftTesting.UnitTesting.UpfileHandlerTest.GetDestinationDefaultTest" methodname="GetDestinationDefaultTest" classname="UpliftTesting.UnitTesting.UpfileHandlerTest" runstate="Runnable" seed="68794957" result="Passed" start-time="2017-08-02 08:35:20Z" end-time="2017-08-02 08:35:20Z" duration="0.001045" asserts="1" />
          <test-case id="0-1078" name="GetDestinationForBaseTest" fullname="UpliftTesting.UnitTesting.UpfileHandlerTest.GetDestinationForBaseTest" methodname="GetDestinationForBaseTest" classname="UpliftTesting.UnitTesting.UpfileHandlerTest" runstate="Runnable" seed="542967016" result="Passed" start-time="2017-08-02 08:35:20Z" end-time="2017-08-02 08:35:20Z" duration="0.001013" asserts="1" />
          <test-case id="0-1079" name="GetDestinationForDocsTest" fullname="UpliftTesting.UnitTesting.UpfileHandlerTest.GetDestinationForDocsTest" methodname="GetDestinationForDocsTest" classname="UpliftTesting.UnitTesting.UpfileHandlerTest" runstate="Runnable" seed="648381091" result="Passed" start-time="2017-08-02 08:35:20Z" end-time="2017-08-02 08:35:20Z" duration="0.000984" asserts="1" />
          <test-case id="0-1080" name="GetDestinationForExamplesTest" fullname="UpliftTesting.UnitTesting.UpfileHandlerTest.GetDestinationForExamplesTest" methodname="GetDestinationForExamplesTest" classname="UpliftTesting.UnitTesting.UpfileHandlerTest" runstate="Runnable" seed="1131469919" result="Passed" start-time="2017-08-02 08:35:20Z" end-time="2017-08-02 08:35:20Z" duration="0.001061" asserts="1" />
          <test-case id="0-1083" name="GetDestinationForGenericPluginTest" fullname="UpliftTesting.UnitTesting.UpfileHandlerTest.GetDestinationForGenericPluginTest" methodname="GetDestinationForGenericPluginTest" classname="UpliftTesting.UnitTesting.UpfileHandlerTest" runstate="Runnable" seed="860421984" result="Passed" start-time="2017-08-02 08:35:20Z" end-time="2017-08-02 08:35:20Z" duration="0.002131" asserts="2" />
          <test-case id="0-1084" name="GetDestinationForIOSPluginTest" fullname="UpliftTesting.UnitTesting.UpfileHandlerTest.GetDestinationForIOSPluginTest" methodname="GetDestinationForIOSPluginTest" classname="UpliftTesting.UnitTesting.UpfileHandlerTest" runstate="Runnable" seed="1725778994" result="Passed" start-time="2017-08-02 08:35:20Z" end-time="2017-08-02 08:35:20Z" duration="0.001202" asserts="2" />
          <test-case id="0-1081" name="GetDestinationForMediaTest" fullname="UpliftTesting.UnitTesting.UpfileHandlerTest.GetDestinationForMediaTest" methodname="GetDestinationForMediaTest" classname="UpliftTesting.UnitTesting.UpfileHandlerTest" runstate="Runnable" seed="1989924484" result="Passed" start-time="2017-08-02 08:35:20Z" end-time="2017-08-02 08:35:20Z" duration="0.000987" asserts="1" />
          <test-case id="0-1077" name="GetPackagesRootPathTest" fullname="UpliftTesting.UnitTesting.UpfileHandlerTest.GetPackagesRootPathTest" methodname="GetPackagesRootPathTest" classname="UpliftTesting.UnitTesting.UpfileHandlerTest" runstate="Runnable" seed="1891029526" result="Passed" start-time="2017-08-02 08:35:20Z" end-time="2017-08-02 08:35:20Z" duration="0.000735" asserts="1" />
          <test-case id="0-1076" name="LoadPackagesListTest" fullname="UpliftTesting.UnitTesting.UpfileHandlerTest.LoadPackagesListTest" methodname="LoadPackagesListTest" classname="UpliftTesting.UnitTesting.UpfileHandlerTest" runstate="Runnable" seed="284726918" result="Passed" start-time="2017-08-02 08:35:21Z" end-time="2017-08-02 08:35:21Z" duration="0.004267" asserts="1" />
          <test-case id="0-1075" name="LoadUpfileTest" fullname="UpliftTesting.UnitTesting.UpfileHandlerTest.LoadUpfileTest" methodname="LoadUpfileTest" classname="UpliftTesting.UnitTesting.UpfileHandlerTest" runstate="Runnable" seed="1169584313" result="Passed" start-time="2017-08-02 08:35:21Z" end-time="2017-08-02 08:35:21Z" duration="0.021087" asserts="3" />
          <test-case id="0-1072" name="UpfileHandlerUniqueInstanceTest" fullname="UpliftTesting.UnitTesting.UpfileHandlerTest.UpfileHandlerUniqueInstanceTest" methodname="UpfileHandlerUniqueInstanceTest" classname="UpliftTesting.UnitTesting.UpfileHandlerTest" runstate="Runnable" seed="616045920" result="Passed" start-time="2017-08-02 08:35:21Z" end-time="2017-08-02 08:35:21Z" duration="0.000466" asserts="1" />
        </test-suite>
      </test-suite>
    </test-suite>
  </test-suite>
</test-run>