<?xml version="1.0" encoding="utf-8" standalone="no"?>
<test-run id="2" testcasecount="80" result="Passed" total="80" passed="78" failed="0" inconclusive="0" skipped="2" asserts="246" engine-version="3.7.0.0" clr-version="4.0.30319.42000" start-time="2017-08-01 13:46:39Z" end-time="2017-08-01 13:46:50Z" duration="10.490765">
  <command-line><![CDATA[..\packages\NUnit.ConsoleRunner.3.7.0\tools\nunit3-console.exe  ..\bin\Debug\UpliftTesting.dll --result=FullTest.xml]]></command-line>
  <test-suite type="Assembly" id="0-1093" name="UpliftTesting.dll" fullname="C:\Users\Paul\Documents\Work\uplift\UpliftTesting\bin\Debug\UpliftTesting.dll" runstate="Runnable" testcasecount="80" result="Passed" start-time="2017-08-01 13:46:41Z" end-time="2017-08-01 13:46:50Z" duration="8.389797" total="80" passed="78" failed="0" inconclusive="0" skipped="2" asserts="246">
    <environment framework-version="3.5.0.0" clr-version="4.0.30319.42000" os-version="Microsoft Windows NT 10.0.15063.0" platform="Win32NT" cwd="C:\Users\Paul\Documents\Work\uplift\UpliftTesting\TestResults" machine-name="PC_PAUL" user="Paul" user-domain="PC_PAUL" culture="fr-FR" uiculture="fr-FR" os-architecture="x64" />
    <settings>
      <setting name="DisposeRunners" value="True" />
      <setting name="WorkDirectory" value="C:\Users\Paul\Documents\Work\uplift\UpliftTesting\TestResults" />
      <setting name="ImageRuntimeVersion" value="4.0.30319" />
      <setting name="ImageTargetFrameworkName" value=".NETFramework,Version=v4.5" />
      <setting name="ImageRequiresX86" value="False" />
      <setting name="ImageRequiresDefaultAppDomainAssemblyResolver" value="False" />
    </settings>
    <properties>
      <property name="_PID" value="7380" />
      <property name="_APPDOMAIN" value="domain-" />
    </properties>
    <test-suite type="TestSuite" id="0-1094" name="UpliftTesting" fullname="UpliftTesting" runstate="Runnable" testcasecount="80" result="Passed" start-time="2017-08-01 13:46:42Z" end-time="2017-08-01 13:46:50Z" duration="8.191038" total="80" passed="78" failed="0" inconclusive="0" skipped="2" asserts="246">
      <test-suite type="TestSuite" id="0-1096" name="IntegrationTesting" fullname="UpliftTesting.IntegrationTesting" runstate="Runnable" testcasecount="5" result="Passed" start-time="2017-08-01 13:46:42Z" end-time="2017-08-01 13:46:45Z" duration="2.932872" total="5" passed="5" failed="0" inconclusive="0" skipped="0" asserts="120">
        <test-suite type="TestFixture" id="0-1089" name="BasicPackageInstallation" fullname="UpliftTesting.IntegrationTesting.BasicPackageInstallation" classname="UpliftTesting.IntegrationTesting.BasicPackageInstallation" runstate="Runnable" testcasecount="1" result="Passed" start-time="2017-08-01 13:46:42Z" end-time="2017-08-01 13:46:43Z" duration="1.843706" total="1" passed="1" failed="0" inconclusive="0" skipped="0" asserts="22">
          <test-case id="0-1090" name="WhenInstalling" fullname="UpliftTesting.IntegrationTesting.BasicPackageInstallation.WhenInstalling" methodname="WhenInstalling" classname="UpliftTesting.IntegrationTesting.BasicPackageInstallation" runstate="Runnable" seed="1377761390" result="Passed" start-time="2017-08-01 13:46:43Z" end-time="2017-08-01 13:46:43Z" duration="0.359629" asserts="22" />
        </test-suite>
        <test-suite type="TestFixture" id="0-1085" name="CustomizedFileLocation" fullname="UpliftTesting.IntegrationTesting.CustomizedFileLocation" classname="UpliftTesting.IntegrationTesting.CustomizedFileLocation" runstate="Runnable" testcasecount="3" result="Passed" start-time="2017-08-01 13:46:44Z" end-time="2017-08-01 13:46:44Z" duration="0.715441" total="3" passed="3" failed="0" inconclusive="0" skipped="0" asserts="77">
          <test-case id="0-1088" name="WhenUpfileModifiedAndSkip" fullname="UpliftTesting.IntegrationTesting.CustomizedFileLocation.WhenUpfileModifiedAndSkip" methodname="WhenUpfileModifiedAndSkip" classname="UpliftTesting.IntegrationTesting.CustomizedFileLocation" runstate="Runnable" seed="677100334" result="Passed" start-time="2017-08-01 13:46:44Z" end-time="2017-08-01 13:46:44Z" duration="0.192614" asserts="25" />
          <test-case id="0-1087" name="WhenUpfileModifiedNoSkip" fullname="UpliftTesting.IntegrationTesting.CustomizedFileLocation.WhenUpfileModifiedNoSkip" methodname="WhenUpfileModifiedNoSkip" classname="UpliftTesting.IntegrationTesting.CustomizedFileLocation" runstate="Runnable" seed="1295478664" result="Passed" start-time="2017-08-01 13:46:44Z" end-time="2017-08-01 13:46:44Z" duration="0.208742" asserts="27" />
          <test-case id="0-1086" name="WhenUpfileNotModified" fullname="UpliftTesting.IntegrationTesting.CustomizedFileLocation.WhenUpfileNotModified" methodname="WhenUpfileNotModified" classname="UpliftTesting.IntegrationTesting.CustomizedFileLocation" runstate="Runnable" seed="116399551" result="Passed" start-time="2017-08-01 13:46:44Z" end-time="2017-08-01 13:46:44Z" duration="0.191206" asserts="25" />
        </test-suite>
        <test-suite type="TestFixture" id="0-1091" name="PackageUpdating" fullname="UpliftTesting.IntegrationTesting.PackageUpdating" classname="UpliftTesting.IntegrationTesting.PackageUpdating" runstate="Runnable" testcasecount="1" result="Passed" start-time="2017-08-01 13:46:44Z" end-time="2017-08-01 13:46:44Z" duration="0.234059" total="1" passed="1" failed="0" inconclusive="0" skipped="0" asserts="21">
          <test-case id="0-1092" name="WhenUpdating" fullname="UpliftTesting.IntegrationTesting.PackageUpdating.WhenUpdating" methodname="WhenUpdating" classname="UpliftTesting.IntegrationTesting.PackageUpdating" runstate="Runnable" seed="715098269" result="Passed" start-time="2017-08-01 13:46:44Z" end-time="2017-08-01 13:46:44Z" duration="0.121262" asserts="21" />
        </test-suite>
      </test-suite>
      <test-suite type="TestSuite" id="0-1095" name="UnitTesting" fullname="UpliftTesting.UnitTesting" runstate="Runnable" testcasecount="75" result="Passed" start-time="2017-08-01 13:46:45Z" end-time="2017-08-01 13:46:50Z" duration="5.149933" total="75" passed="73" failed="0" inconclusive="0" skipped="2" asserts="126">
        <test-suite type="TestFixture" id="0-1000" name="FileRepositoryTest" fullname="UpliftTesting.UnitTesting.FileRepositoryTest" classname="UpliftTesting.UnitTesting.FileRepositoryTest" runstate="Runnable" testcasecount="5" result="Passed" start-time="2017-08-01 13:46:45Z" end-time="2017-08-01 13:46:45Z" duration="0.448965" total="5" passed="5" failed="0" inconclusive="0" skipped="0" asserts="15">
          <test-case id="0-1005" name="DownloadPackageFromBadFormatTest" fullname="UpliftTesting.UnitTesting.FileRepositoryTest.DownloadPackageFromBadFormatTest" methodname="DownloadPackageFromBadFormatTest" classname="UpliftTesting.UnitTesting.FileRepositoryTest" runstate="Runnable" seed="1073441749" result="Passed" start-time="2017-08-01 13:46:45Z" end-time="2017-08-01 13:46:45Z" duration="0.010241" asserts="2" />
          <test-case id="0-1003" name="DownloadPackageFromDirectoryTest" fullname="UpliftTesting.UnitTesting.FileRepositoryTest.DownloadPackageFromDirectoryTest" methodname="DownloadPackageFromDirectoryTest" classname="UpliftTesting.UnitTesting.FileRepositoryTest" runstate="Runnable" seed="2038899130" result="Passed" start-time="2017-08-01 13:46:45Z" end-time="2017-08-01 13:46:45Z" duration="0.035264" asserts="2" />
          <test-case id="0-1004" name="DownloadPackageFromUnityPackageTest" fullname="UpliftTesting.UnitTesting.FileRepositoryTest.DownloadPackageFromUnityPackageTest" methodname="DownloadPackageFromUnityPackageTest" classname="UpliftTesting.UnitTesting.FileRepositoryTest" runstate="Runnable" seed="208913942" result="Passed" start-time="2017-08-01 13:46:45Z" end-time="2017-08-01 13:46:45Z" duration="0.127730" asserts="4" />
          <test-case id="0-1002" name="ListPackagesFromDirectoriesTest" fullname="UpliftTesting.UnitTesting.FileRepositoryTest.ListPackagesFromDirectoriesTest" methodname="ListPackagesFromDirectoriesTest" classname="UpliftTesting.UnitTesting.FileRepositoryTest" runstate="Runnable" seed="1764780642" result="Passed" start-time="2017-08-01 13:46:45Z" end-time="2017-08-01 13:46:45Z" duration="0.030870" asserts="4" />
          <test-case id="0-1001" name="ListPackagesFromUnityPackagesTest" fullname="UpliftTesting.UnitTesting.FileRepositoryTest.ListPackagesFromUnityPackagesTest" methodname="ListPackagesFromUnityPackagesTest" classname="UpliftTesting.UnitTesting.FileRepositoryTest" runstate="Runnable" seed="526780307" result="Passed" start-time="2017-08-01 13:46:45Z" end-time="2017-08-01 13:46:45Z" duration="0.010766" asserts="3" />
        </test-suite>
        <test-suite type="TestFixture" id="0-1028" name="FileSystemUtilsTest" fullname="UpliftTesting.UnitTesting.FileSystemUtilsTest" classname="UpliftTesting.UnitTesting.FileSystemUtilsTest" runstate="Runnable" testcasecount="20" result="Passed" start-time="2017-08-01 13:46:45Z" end-time="2017-08-01 13:46:46Z" duration="0.974526" total="20" passed="18" failed="0" inconclusive="0" skipped="2" asserts="19">
          <test-case id="0-1046" name="CopyAndIgnoreDirectoryTest" fullname="UpliftTesting.UnitTesting.FileSystemUtilsTest.CopyAndIgnoreDirectoryTest" methodname="CopyAndIgnoreDirectoryTest" classname="UpliftTesting.UnitTesting.FileSystemUtilsTest" runstate="Runnable" seed="129452078" result="Passed" start-time="2017-08-01 13:46:45Z" end-time="2017-08-01 13:46:45Z" duration="0.012556" asserts="2" />
          <test-case id="0-1045" name="CopyDirectoryRecursivelyTest" fullname="UpliftTesting.UnitTesting.FileSystemUtilsTest.CopyDirectoryRecursivelyTest" methodname="CopyDirectoryRecursivelyTest" classname="UpliftTesting.UnitTesting.FileSystemUtilsTest" runstate="Runnable" seed="1529818933" result="Passed" start-time="2017-08-01 13:46:45Z" end-time="2017-08-01 13:46:45Z" duration="0.012860" asserts="1" />
          <test-case id="0-1043" name="CopyDirectoryTest" fullname="UpliftTesting.UnitTesting.FileSystemUtilsTest.CopyDirectoryTest" methodname="CopyDirectoryTest" classname="UpliftTesting.UnitTesting.FileSystemUtilsTest" runstate="Runnable" seed="982608404" result="Passed" start-time="2017-08-01 13:46:45Z" end-time="2017-08-01 13:46:45Z" duration="0.004669" asserts="1" />
          <test-case id="0-1044" name="CopyToExitstingDirectoryTest" fullname="UpliftTesting.UnitTesting.FileSystemUtilsTest.CopyToExitstingDirectoryTest" methodname="CopyToExitstingDirectoryTest" classname="UpliftTesting.UnitTesting.FileSystemUtilsTest" runstate="Runnable" seed="1578631965" result="Passed" start-time="2017-08-01 13:46:45Z" end-time="2017-08-01 13:46:45Z" duration="0.005765" asserts="1" />
          <test-case id="0-1030" name="EnsureMissingParentExistsTest" fullname="UpliftTesting.UnitTesting.FileSystemUtilsTest.EnsureMissingParentExistsTest" methodname="EnsureMissingParentExistsTest" classname="UpliftTesting.UnitTesting.FileSystemUtilsTest" runstate="Runnable" seed="1545088015" result="Passed" start-time="2017-08-01 13:46:45Z" end-time="2017-08-01 13:46:45Z" duration="0.003643" asserts="1" />
          <test-case id="0-1031" name="EnsurePresentParentExistsTest" fullname="UpliftTesting.UnitTesting.FileSystemUtilsTest.EnsurePresentParentExistsTest" methodname="EnsurePresentParentExistsTest" classname="UpliftTesting.UnitTesting.FileSystemUtilsTest" runstate="Runnable" seed="2061581079" result="Passed" start-time="2017-08-01 13:46:45Z" end-time="2017-08-01 13:46:45Z" duration="0.003363" asserts="1" />
          <test-case id="0-1032" name="GetAbsolutePathTest" fullname="UpliftTesting.UnitTesting.FileSystemUtilsTest.GetAbsolutePathTest" methodname="GetAbsolutePathTest" classname="UpliftTesting.UnitTesting.FileSystemUtilsTest" runstate="Runnable" seed="359938047" result="Passed" start-time="2017-08-01 13:46:45Z" end-time="2017-08-01 13:46:45Z" duration="0.003950" asserts="1" />
          <test-case id="0-1033" name="GetAbsolutePathTestFail" fullname="UpliftTesting.UnitTesting.FileSystemUtilsTest.GetAbsolutePathTestFail" methodname="GetAbsolutePathTestFail" classname="UpliftTesting.UnitTesting.FileSystemUtilsTest" runstate="Runnable" seed="1485180270" result="Passed" start-time="2017-08-01 13:46:45Z" end-time="2017-08-01 13:46:45Z" duration="0.002039" asserts="1" />
          <test-case id="0-1041" name="GetFilesEmptyTest" fullname="UpliftTesting.UnitTesting.FileSystemUtilsTest.GetFilesEmptyTest" methodname="GetFilesEmptyTest" classname="UpliftTesting.UnitTesting.FileSystemUtilsTest" runstate="Runnable" seed="1735698724" result="Passed" start-time="2017-08-01 13:46:46Z" end-time="2017-08-01 13:46:46Z" duration="0.010935" asserts="1" />
          <test-case id="0-1042" name="GetFilesFromNonExistentDirectoryTest" fullname="UpliftTesting.UnitTesting.FileSystemUtilsTest.GetFilesFromNonExistentDirectoryTest" methodname="GetFilesFromNonExistentDirectoryTest" classname="UpliftTesting.UnitTesting.FileSystemUtilsTest" runstate="Runnable" seed="687322704" result="Passed" start-time="2017-08-01 13:46:46Z" end-time="2017-08-01 13:46:46Z" duration="0.000779" asserts="1" />
          <test-case id="0-1040" name="GetFilesRecursivelyTest" fullname="UpliftTesting.UnitTesting.FileSystemUtilsTest.GetFilesRecursivelyTest" methodname="GetFilesRecursivelyTest" classname="UpliftTesting.UnitTesting.FileSystemUtilsTest" runstate="Runnable" seed="192706195" result="Passed" start-time="2017-08-01 13:46:46Z" end-time="2017-08-01 13:46:46Z" duration="0.019974" asserts="1" />
          <test-case id="0-1039" name="GetFilesTest" fullname="UpliftTesting.UnitTesting.FileSystemUtilsTest.GetFilesTest" methodname="GetFilesTest" classname="UpliftTesting.UnitTesting.FileSystemUtilsTest" runstate="Runnable" seed="831474469" result="Passed" start-time="2017-08-01 13:46:46Z" end-time="2017-08-01 13:46:46Z" duration="0.009955" asserts="1" />
          <test-case id="0-1029" name="JoinPathsTest" fullname="UpliftTesting.UnitTesting.FileSystemUtilsTest.JoinPathsTest" methodname="JoinPathsTest" classname="UpliftTesting.UnitTesting.FileSystemUtilsTest" runstate="Runnable" seed="899523720" result="Passed" start-time="2017-08-01 13:46:46Z" end-time="2017-08-01 13:46:46Z" duration="0.000761" asserts="1" />
          <test-case id="0-1035" name="ReadTxtInFileTest" fullname="UpliftTesting.UnitTesting.FileSystemUtilsTest.ReadTxtInFileTest" methodname="ReadTxtInFileTest" classname="UpliftTesting.UnitTesting.FileSystemUtilsTest" runstate="Runnable" seed="910160096" result="Passed" start-time="2017-08-01 13:46:46Z" end-time="2017-08-01 13:46:46Z" duration="0.005315" asserts="1" />
          <test-case id="0-1037" name="RecursivelyDirPathsTestLinux" fullname="UpliftTesting.UnitTesting.FileSystemUtilsTest.RecursivelyDirPathsTestLinux" methodname="RecursivelyDirPathsTestLinux" classname="UpliftTesting.UnitTesting.FileSystemUtilsTest" runstate="Skipped" seed="2076603488" result="Skipped" start-time="2017-08-01 13:46:46Z" end-time="2017-08-01 13:46:46Z" duration="0.002174" asserts="0">
            <properties>
              <property name="_SKIPREASON" value="Only supported on Linux" />
            </properties>
            <reason>
              <message><![CDATA[Only supported on Linux]]></message>
            </reason>
          </test-case>
          <test-case id="0-1038" name="RecursivelyDirPathsTestMac" fullname="UpliftTesting.UnitTesting.FileSystemUtilsTest.RecursivelyDirPathsTestMac" methodname="RecursivelyDirPathsTestMac" classname="UpliftTesting.UnitTesting.FileSystemUtilsTest" runstate="Skipped" seed="754659931" result="Skipped" start-time="2017-08-01 13:46:46Z" end-time="2017-08-01 13:46:46Z" duration="0.000057" asserts="0">
            <properties>
              <property name="_SKIPREASON" value="Not supported on Win,Linux" />
            </properties>
            <reason>
              <message><![CDATA[Not supported on Win,Linux]]></message>
            </reason>
          </test-case>
          <test-case id="0-1036" name="RecursivelyDirPathsTestWindows" fullname="UpliftTesting.UnitTesting.FileSystemUtilsTest.RecursivelyDirPathsTestWindows" methodname="RecursivelyDirPathsTestWindows" classname="UpliftTesting.UnitTesting.FileSystemUtilsTest" runstate="Runnable" seed="476707657" result="Passed" start-time="2017-08-01 13:46:46Z" end-time="2017-08-01 13:46:46Z" duration="0.007183" asserts="1" />
          <test-case id="0-1048" name="RecursivelyListFilesRelativeTest" fullname="UpliftTesting.UnitTesting.FileSystemUtilsTest.RecursivelyListFilesRelativeTest" methodname="RecursivelyListFilesRelativeTest" classname="UpliftTesting.UnitTesting.FileSystemUtilsTest" runstate="Runnable" seed="1639182424" result="Passed" start-time="2017-08-01 13:46:46Z" end-time="2017-08-01 13:46:46Z" duration="0.006885" asserts="1" />
          <test-case id="0-1047" name="RecursivelyListFilesTest" fullname="UpliftTesting.UnitTesting.FileSystemUtilsTest.RecursivelyListFilesTest" methodname="RecursivelyListFilesTest" classname="UpliftTesting.UnitTesting.FileSystemUtilsTest" runstate="Runnable" seed="1176176792" result="Passed" start-time="2017-08-01 13:46:46Z" end-time="2017-08-01 13:46:46Z" duration="0.013394" asserts="1" />
          <test-case id="0-1034" name="SaveTxtInFileTest" fullname="UpliftTesting.UnitTesting.FileSystemUtilsTest.SaveTxtInFileTest" methodname="SaveTxtInFileTest" classname="UpliftTesting.UnitTesting.FileSystemUtilsTest" runstate="Runnable" seed="1453228841" result="Passed" start-time="2017-08-01 13:46:46Z" end-time="2017-08-01 13:46:46Z" duration="0.005077" asserts="1" />
        </test-suite>
        <test-suite type="TestFixture" id="0-1006" name="GetterSetterTest" fullname="UpliftTesting.UnitTesting.GetterSetterTest" classname="UpliftTesting.UnitTesting.GetterSetterTest" runstate="Runnable" testcasecount="2" result="Passed" start-time="2017-08-01 13:46:46Z" end-time="2017-08-01 13:46:47Z" duration="0.592092" total="2" passed="2" failed="0" inconclusive="0" skipped="0" asserts="10">
          <test-case id="0-1007" name="ConfigurationPropertiesTest" fullname="UpliftTesting.UnitTesting.GetterSetterTest.ConfigurationPropertiesTest" methodname="ConfigurationPropertiesTest" classname="UpliftTesting.UnitTesting.GetterSetterTest" runstate="Runnable" seed="397226289" result="Passed" start-time="2017-08-01 13:46:46Z" end-time="2017-08-01 13:46:47Z" duration="0.497790" asserts="6" />
          <test-case id="0-1008" name="DependencyDefinitionPropertiesTest" fullname="UpliftTesting.UnitTesting.GetterSetterTest.DependencyDefinitionPropertiesTest" methodname="DependencyDefinitionPropertiesTest" classname="UpliftTesting.UnitTesting.GetterSetterTest" runstate="Runnable" seed="207752829" result="Passed" start-time="2017-08-01 13:46:47Z" end-time="2017-08-01 13:46:47Z" duration="0.015779" asserts="4" />
        </test-suite>
        <test-suite type="TestFixture" id="0-1009" name="InstalledPackagesTest" fullname="UpliftTesting.UnitTesting.InstalledPackagesTest" classname="UpliftTesting.UnitTesting.InstalledPackagesTest" runstate="Runnable" testcasecount="4" result="Passed" start-time="2017-08-01 13:46:47Z" end-time="2017-08-01 13:46:47Z" duration="0.259547" total="4" passed="4" failed="0" inconclusive="0" skipped="0" asserts="10">
          <test-case id="0-1012" name="NukeOtherInstallComplexTest" fullname="UpliftTesting.UnitTesting.InstalledPackagesTest.NukeOtherInstallComplexTest" methodname="NukeOtherInstallComplexTest" classname="UpliftTesting.UnitTesting.InstalledPackagesTest" runstate="Runnable" seed="956091985" result="Passed" start-time="2017-08-01 13:46:47Z" end-time="2017-08-01 13:46:47Z" duration="0.043864" asserts="4" />
          <test-case id="0-1011" name="NukeOtherInstallSimpleFileTest" fullname="UpliftTesting.UnitTesting.InstalledPackagesTest.NukeOtherInstallSimpleFileTest" methodname="NukeOtherInstallSimpleFileTest" classname="UpliftTesting.UnitTesting.InstalledPackagesTest" runstate="Runnable" seed="2017321813" result="Passed" start-time="2017-08-01 13:46:47Z" end-time="2017-08-01 13:46:47Z" duration="0.032372" asserts="4" />
          <test-case id="0-1013" name="NukeOtherInstallWhenAbsentTest" fullname="UpliftTesting.UnitTesting.InstalledPackagesTest.NukeOtherInstallWhenAbsentTest" methodname="NukeOtherInstallWhenAbsentTest" classname="UpliftTesting.UnitTesting.InstalledPackagesTest" runstate="Runnable" seed="480709627" result="Passed" start-time="2017-08-01 13:46:47Z" end-time="2017-08-01 13:46:47Z" duration="0.016275" asserts="1" />
          <test-case id="0-1010" name="NukeRootInstallTest" fullname="UpliftTesting.UnitTesting.InstalledPackagesTest.NukeRootInstallTest" methodname="NukeRootInstallTest" classname="UpliftTesting.UnitTesting.InstalledPackagesTest" runstate="Runnable" seed="396084350" result="Passed" start-time="2017-08-01 13:46:47Z" end-time="2017-08-01 13:46:47Z" duration="0.003299" asserts="1" />
        </test-suite>
        <test-suite type="TestFixture" id="0-1014" name="LatestSelectionStrategyTest" fullname="UpliftTesting.UnitTesting.LatestSelectionStrategyTest" classname="UpliftTesting.UnitTesting.LatestSelectionStrategyTest" runstate="Runnable" testcasecount="1" result="Passed" start-time="2017-08-01 13:46:47Z" end-time="2017-08-01 13:46:47Z" duration="0.124847" total="1" passed="1" failed="0" inconclusive="0" skipped="0" asserts="1">
          <test-case id="0-1015" name="FilterTest" fullname="UpliftTesting.UnitTesting.LatestSelectionStrategyTest.FilterTest" methodname="FilterTest" classname="UpliftTesting.UnitTesting.LatestSelectionStrategyTest" runstate="Runnable" seed="2055964760" result="Passed" start-time="2017-08-01 13:46:47Z" end-time="2017-08-01 13:46:47Z" duration="0.071065" asserts="1" />
        </test-suite>
        <test-suite type="TestFixture" id="0-1016" name="LocalHandlerTest" fullname="UpliftTesting.UnitTesting.LocalHandlerTest" classname="UpliftTesting.UnitTesting.LocalHandlerTest" runstate="Runnable" testcasecount="3" result="Passed" start-time="2017-08-01 13:46:47Z" end-time="2017-08-01 13:46:47Z" duration="0.160891" total="3" passed="3" failed="0" inconclusive="0" skipped="0" asserts="4">
          <test-case id="0-1019" name="GetPackageDirectory" fullname="UpliftTesting.UnitTesting.LocalHandlerTest.GetPackageDirectory" methodname="GetPackageDirectory" classname="UpliftTesting.UnitTesting.LocalHandlerTest" runstate="Runnable" seed="502361787" result="Passed" start-time="2017-08-01 13:46:47Z" end-time="2017-08-01 13:46:47Z" duration="0.000545" asserts="1" />
          <test-case id="0-1018" name="GetRepositoryInstallPathTest" fullname="UpliftTesting.UnitTesting.LocalHandlerTest.GetRepositoryInstallPathTest" methodname="GetRepositoryInstallPathTest" classname="UpliftTesting.UnitTesting.LocalHandlerTest" runstate="Runnable" seed="1388402060" result="Passed" start-time="2017-08-01 13:46:47Z" end-time="2017-08-01 13:46:47Z" duration="0.001037" asserts="1" />
          <test-case id="0-1017" name="NukeAllPackagesTest" fullname="UpliftTesting.UnitTesting.LocalHandlerTest.NukeAllPackagesTest" methodname="NukeAllPackagesTest" classname="UpliftTesting.UnitTesting.LocalHandlerTest" runstate="Runnable" seed="1356375221" result="Passed" start-time="2017-08-01 13:46:47Z" end-time="2017-08-01 13:46:47Z" duration="0.042447" asserts="2" />
        </test-suite>
        <test-suite type="TestFixture" id="0-1049" name="PackageHandlerTest" fullname="UpliftTesting.UnitTesting.PackageHandlerTest" classname="UpliftTesting.UnitTesting.PackageHandlerTest" runstate="Runnable" testcasecount="9" result="Passed" start-time="2017-08-01 13:46:47Z" end-time="2017-08-01 13:46:48Z" duration="0.810988" total="9" passed="9" failed="0" inconclusive="0" skipped="0" asserts="24">
          <test-case id="0-1050" name="FindCandidateForDefinitionTest" fullname="UpliftTesting.UnitTesting.PackageHandlerTest.FindCandidateForDefinitionTest" methodname="FindCandidateForDefinitionTest" classname="UpliftTesting.UnitTesting.PackageHandlerTest" runstate="Runnable" seed="719033047" result="Passed" start-time="2017-08-01 13:46:47Z" end-time="2017-08-01 13:46:48Z" duration="0.303710" asserts="3" />
          <test-case id="0-1051" name="FindPackageAndRepositoryTest" fullname="UpliftTesting.UnitTesting.PackageHandlerTest.FindPackageAndRepositoryTest" methodname="FindPackageAndRepositoryTest" classname="UpliftTesting.UnitTesting.PackageHandlerTest" runstate="Runnable" seed="1088059124" result="Passed" start-time="2017-08-01 13:46:48Z" end-time="2017-08-01 13:46:48Z" duration="0.004351" asserts="1" />
          <test-case id="0-1052" name="FindPackageAndRepositoryTestFail" fullname="UpliftTesting.UnitTesting.PackageHandlerTest.FindPackageAndRepositoryTestFail" methodname="FindPackageAndRepositoryTestFail" classname="UpliftTesting.UnitTesting.PackageHandlerTest" runstate="Runnable" seed="704585974" result="Passed" start-time="2017-08-01 13:46:48Z" end-time="2017-08-01 13:46:48Z" duration="0.000826" asserts="1" />
          <test-case id="0-1058" name="PackageDependencyVersionComparison" fullname="UpliftTesting.UnitTesting.PackageHandlerTest.PackageDependencyVersionComparison" methodname="PackageDependencyVersionComparison" classname="UpliftTesting.UnitTesting.PackageHandlerTest" runstate="Runnable" seed="114134290" result="Passed" start-time="2017-08-01 13:46:48Z" end-time="2017-08-01 13:46:48Z" duration="0.001146" asserts="1" />
          <test-case id="0-1054" name="SelectCandidatesMultipleStrategies" fullname="UpliftTesting.UnitTesting.PackageHandlerTest.SelectCandidatesMultipleStrategies" methodname="SelectCandidatesMultipleStrategies" classname="UpliftTesting.UnitTesting.PackageHandlerTest" runstate="Runnable" seed="1782432938" result="Passed" start-time="2017-08-01 13:46:48Z" end-time="2017-08-01 13:46:48Z" duration="0.122650" asserts="3" />
          <test-case id="0-1053" name="SelectCandidatesSingleStrategy" fullname="UpliftTesting.UnitTesting.PackageHandlerTest.SelectCandidatesSingleStrategy" methodname="SelectCandidatesSingleStrategy" classname="UpliftTesting.UnitTesting.PackageHandlerTest" runstate="Runnable" seed="1277125663" result="Passed" start-time="2017-08-01 13:46:48Z" end-time="2017-08-01 13:46:48Z" duration="0.011570" asserts="3" />
          <test-case id="0-1057" name="VersionComparisonTest" fullname="UpliftTesting.UnitTesting.PackageHandlerTest.VersionComparisonTest" methodname="VersionComparisonTest" classname="UpliftTesting.UnitTesting.PackageHandlerTest" runstate="Runnable" seed="784436544" result="Passed" start-time="2017-08-01 13:46:48Z" end-time="2017-08-01 13:46:48Z" duration="0.003126" asserts="7" />
          <test-case id="0-1056" name="VersionParsingFailureTest" fullname="UpliftTesting.UnitTesting.PackageHandlerTest.VersionParsingFailureTest" methodname="VersionParsingFailureTest" classname="UpliftTesting.UnitTesting.PackageHandlerTest" runstate="Runnable" seed="2057567069" result="Passed" start-time="2017-08-01 13:46:48Z" end-time="2017-08-01 13:46:48Z" duration="0.012366" asserts="1" />
          <test-case id="0-1055" name="VersionStringParsingTest" fullname="UpliftTesting.UnitTesting.PackageHandlerTest.VersionStringParsingTest" methodname="VersionStringParsingTest" classname="UpliftTesting.UnitTesting.PackageHandlerTest" runstate="Runnable" seed="1053694799" result="Passed" start-time="2017-08-01 13:46:48Z" end-time="2017-08-01 13:46:48Z" duration="0.001741" asserts="4" />
        </test-suite>
        <test-suite type="TestFixture" id="0-1020" name="PackageListTest" fullname="UpliftTesting.UnitTesting.PackageListTest" classname="UpliftTesting.UnitTesting.PackageListTest" runstate="Runnable" testcasecount="7" result="Passed" start-time="2017-08-01 13:46:48Z" end-time="2017-08-01 13:46:49Z" duration="0.319807" total="7" passed="7" failed="0" inconclusive="0" skipped="0" asserts="14">
          <test-case id="0-1022" name="GetEmptyPackagesTest" fullname="UpliftTesting.UnitTesting.PackageListTest.GetEmptyPackagesTest" methodname="GetEmptyPackagesTest" classname="UpliftTesting.UnitTesting.PackageListTest" runstate="Runnable" seed="587076332" result="Passed" start-time="2017-08-01 13:46:48Z" end-time="2017-08-01 13:46:48Z" duration="0.002108" asserts="1" />
          <test-case id="0-1027" name="GetLatestPackageTest" fullname="UpliftTesting.UnitTesting.PackageListTest.GetLatestPackageTest" methodname="GetLatestPackageTest" classname="UpliftTesting.UnitTesting.PackageListTest" runstate="Runnable" seed="1797616742" result="Passed" start-time="2017-08-01 13:46:48Z" end-time="2017-08-01 13:46:48Z" duration="0.008926" asserts="1" />
          <test-case id="0-1026" name="LoadPackagesForceRefreshTest" fullname="UpliftTesting.UnitTesting.PackageListTest.LoadPackagesForceRefreshTest" methodname="LoadPackagesForceRefreshTest" classname="UpliftTesting.UnitTesting.PackageListTest" runstate="Runnable" seed="699034432" result="Passed" start-time="2017-08-01 13:46:48Z" end-time="2017-08-01 13:46:48Z" duration="0.021400" asserts="4" />
          <test-case id="0-1025" name="LoadPackagesMultipleRepoTest" fullname="UpliftTesting.UnitTesting.PackageListTest.LoadPackagesMultipleRepoTest" methodname="LoadPackagesMultipleRepoTest" classname="UpliftTesting.UnitTesting.PackageListTest" runstate="Runnable" seed="689577681" result="Passed" start-time="2017-08-01 13:46:48Z" end-time="2017-08-01 13:46:48Z" duration="0.008304" asserts="4" />
          <test-case id="0-1023" name="LoadPackagesSingleRepoTest" fullname="UpliftTesting.UnitTesting.PackageListTest.LoadPackagesSingleRepoTest" methodname="LoadPackagesSingleRepoTest" classname="UpliftTesting.UnitTesting.PackageListTest" runstate="Runnable" seed="2107928751" result="Passed" start-time="2017-08-01 13:46:49Z" end-time="2017-08-01 13:46:49Z" duration="0.004095" asserts="1" />
          <test-case id="0-1021" name="PackageListUniqueInstanceTest" fullname="UpliftTesting.UnitTesting.PackageListTest.PackageListUniqueInstanceTest" methodname="PackageListUniqueInstanceTest" classname="UpliftTesting.UnitTesting.PackageListTest" runstate="Runnable" seed="1030507261" result="Passed" start-time="2017-08-01 13:46:49Z" end-time="2017-08-01 13:46:49Z" duration="0.001971" asserts="1" />
          <test-case id="0-1024" name="RefreshPackagesTest" fullname="UpliftTesting.UnitTesting.PackageListTest.RefreshPackagesTest" methodname="RefreshPackagesTest" classname="UpliftTesting.UnitTesting.PackageListTest" runstate="Runnable" seed="1378098519" result="Passed" start-time="2017-08-01 13:46:49Z" end-time="2017-08-01 13:46:49Z" duration="0.004654" asserts="2" />
        </test-suite>
        <test-suite type="TestFixture" id="0-1059" name="UpbringTest" fullname="UpliftTesting.UnitTesting.UpbringTest" classname="UpliftTesting.UnitTesting.UpbringTest" runstate="Runnable" testcasecount="11" result="Passed" start-time="2017-08-01 13:46:49Z" end-time="2017-08-01 13:46:49Z" duration="0.492712" total="11" passed="11" failed="0" inconclusive="0" skipped="0" asserts="12">
          <test-case id="0-1062" name="AddExistingPackageTest" fullname="UpliftTesting.UnitTesting.UpbringTest.AddExistingPackageTest" methodname="AddExistingPackageTest" classname="UpliftTesting.UnitTesting.UpbringTest" runstate="Runnable" seed="1352900531" result="Passed" start-time="2017-08-01 13:46:49Z" end-time="2017-08-01 13:46:49Z" duration="0.003077" asserts="1" />
          <test-case id="0-1066" name="AddLocationNoMatchingPackage" fullname="UpliftTesting.UnitTesting.UpbringTest.AddLocationNoMatchingPackage" methodname="AddLocationNoMatchingPackage" classname="UpliftTesting.UnitTesting.UpbringTest" runstate="Runnable" seed="831537910" result="Passed" start-time="2017-08-01 13:46:49Z" end-time="2017-08-01 13:46:49Z" duration="0.001522" asserts="1" />
          <test-case id="0-1064" name="AddLocationWhenAnotherTest" fullname="UpliftTesting.UnitTesting.UpbringTest.AddLocationWhenAnotherTest" methodname="AddLocationWhenAnotherTest" classname="UpliftTesting.UnitTesting.UpbringTest" runstate="Runnable" seed="399942905" result="Passed" start-time="2017-08-01 13:46:49Z" end-time="2017-08-01 13:46:49Z" duration="0.001282" asserts="1" />
          <test-case id="0-1065" name="AddLocationWhenExistingTest" fullname="UpliftTesting.UnitTesting.UpbringTest.AddLocationWhenExistingTest" methodname="AddLocationWhenExistingTest" classname="UpliftTesting.UnitTesting.UpbringTest" runstate="Runnable" seed="33370172" result="Passed" start-time="2017-08-01 13:46:49Z" end-time="2017-08-01 13:46:49Z" duration="0.001233" asserts="1" />
          <test-case id="0-1063" name="AddLocationWhenNoneTest" fullname="UpliftTesting.UnitTesting.UpbringTest.AddLocationWhenNoneTest" methodname="AddLocationWhenNoneTest" classname="UpliftTesting.UnitTesting.UpbringTest" runstate="Runnable" seed="1614310452" result="Passed" start-time="2017-08-01 13:46:49Z" end-time="2017-08-01 13:46:49Z" duration="0.001066" asserts="1" />
          <test-case id="0-1061" name="AddPackageTest" fullname="UpliftTesting.UnitTesting.UpbringTest.AddPackageTest" methodname="AddPackageTest" classname="UpliftTesting.UnitTesting.UpbringTest" runstate="Runnable" seed="820697741" result="Passed" start-time="2017-08-01 13:46:49Z" end-time="2017-08-01 13:46:49Z" duration="0.002039" asserts="2" />
          <test-case id="0-1068" name="FromXmlWhenAbsentTest" fullname="UpliftTesting.UnitTesting.UpbringTest.FromXmlWhenAbsentTest" methodname="FromXmlWhenAbsentTest" classname="UpliftTesting.UnitTesting.UpbringTest" runstate="Runnable" seed="530108550" result="Passed" start-time="2017-08-01 13:46:49Z" end-time="2017-08-01 13:46:49Z" duration="0.004991" asserts="1" />
          <test-case id="0-1067" name="FromXmlWhenPresentTest" fullname="UpliftTesting.UnitTesting.UpbringTest.FromXmlWhenPresentTest" methodname="FromXmlWhenPresentTest" classname="UpliftTesting.UnitTesting.UpbringTest" runstate="Runnable" seed="340828709" result="Passed" start-time="2017-08-01 13:46:49Z" end-time="2017-08-01 13:46:49Z" duration="0.012134" asserts="1" />
          <test-case id="0-1060" name="GetInstalledPackageTest" fullname="UpliftTesting.UnitTesting.UpbringTest.GetInstalledPackageTest" methodname="GetInstalledPackageTest" classname="UpliftTesting.UnitTesting.UpbringTest" runstate="Runnable" seed="1988569295" result="Passed" start-time="2017-08-01 13:46:49Z" end-time="2017-08-01 13:46:49Z" duration="0.003770" asserts="1" />
          <test-case id="0-1070" name="RemoveFileTest" fullname="UpliftTesting.UnitTesting.UpbringTest.RemoveFileTest" methodname="RemoveFileTest" classname="UpliftTesting.UnitTesting.UpbringTest" runstate="Runnable" seed="386036733" result="Passed" start-time="2017-08-01 13:46:49Z" end-time="2017-08-01 13:46:49Z" duration="0.006197" asserts="1" />
          <test-case id="0-1069" name="SaveFileTest" fullname="UpliftTesting.UnitTesting.UpbringTest.SaveFileTest" methodname="SaveFileTest" classname="UpliftTesting.UnitTesting.UpbringTest" runstate="Runnable" seed="1494192049" result="Passed" start-time="2017-08-01 13:46:49Z" end-time="2017-08-01 13:46:49Z" duration="0.011508" asserts="1" />
        </test-suite>
        <test-suite type="TestFixture" id="0-1071" name="UpfileHandlerTest" fullname="UpliftTesting.UnitTesting.UpfileHandlerTest" classname="UpliftTesting.UnitTesting.UpfileHandlerTest" runstate="Runnable" testcasecount="13" result="Passed" start-time="2017-08-01 13:46:49Z" end-time="2017-08-01 13:46:50Z" duration="0.534350" total="13" passed="13" failed="0" inconclusive="0" skipped="0" asserts="17">
          <test-case id="0-1073" name="CheckForUpfileTest" fullname="UpliftTesting.UnitTesting.UpfileHandlerTest.CheckForUpfileTest" methodname="CheckForUpfileTest" classname="UpliftTesting.UnitTesting.UpfileHandlerTest" runstate="Runnable" seed="860054228" result="Passed" start-time="2017-08-01 13:46:49Z" end-time="2017-08-01 13:46:49Z" duration="0.005724" asserts="1" />
          <test-case id="0-1074" name="CheckForUpfileTestFail" fullname="UpliftTesting.UnitTesting.UpfileHandlerTest.CheckForUpfileTestFail" methodname="CheckForUpfileTestFail" classname="UpliftTesting.UnitTesting.UpfileHandlerTest" runstate="Runnable" seed="1707705623" result="Passed" start-time="2017-08-01 13:46:49Z" end-time="2017-08-01 13:46:49Z" duration="0.003041" asserts="1" />
          <test-case id="0-1082" name="GetDestinationDefaultTest" fullname="UpliftTesting.UnitTesting.UpfileHandlerTest.GetDestinationDefaultTest" methodname="GetDestinationDefaultTest" classname="UpliftTesting.UnitTesting.UpfileHandlerTest" runstate="Runnable" seed="640385618" result="Passed" start-time="2017-08-01 13:46:49Z" end-time="2017-08-01 13:46:49Z" duration="0.001015" asserts="1" />
          <test-case id="0-1078" name="GetDestinationForBaseTest" fullname="UpliftTesting.UnitTesting.UpfileHandlerTest.GetDestinationForBaseTest" methodname="GetDestinationForBaseTest" classname="UpliftTesting.UnitTesting.UpfileHandlerTest" runstate="Runnable" seed="1703618397" result="Passed" start-time="2017-08-01 13:46:49Z" end-time="2017-08-01 13:46:49Z" duration="0.001014" asserts="1" />
          <test-case id="0-1079" name="GetDestinationForDocsTest" fullname="UpliftTesting.UnitTesting.UpfileHandlerTest.GetDestinationForDocsTest" methodname="GetDestinationForDocsTest" classname="UpliftTesting.UnitTesting.UpfileHandlerTest" runstate="Runnable" seed="1059852485" result="Passed" start-time="2017-08-01 13:46:49Z" end-time="2017-08-01 13:46:49Z" duration="0.001005" asserts="1" />
          <test-case id="0-1080" name="GetDestinationForExamplesTest" fullname="UpliftTesting.UnitTesting.UpfileHandlerTest.GetDestinationForExamplesTest" methodname="GetDestinationForExamplesTest" classname="UpliftTesting.UnitTesting.UpfileHandlerTest" runstate="Runnable" seed="1850184737" result="Passed" start-time="2017-08-01 13:46:49Z" end-time="2017-08-01 13:46:49Z" duration="0.000969" asserts="1" />
          <test-case id="0-1083" name="GetDestinationForGenericPluginTest" fullname="UpliftTesting.UnitTesting.UpfileHandlerTest.GetDestinationForGenericPluginTest" methodname="GetDestinationForGenericPluginTest" classname="UpliftTesting.UnitTesting.UpfileHandlerTest" runstate="Runnable" seed="271481880" result="Passed" start-time="2017-08-01 13:46:49Z" end-time="2017-08-01 13:46:49Z" duration="0.002080" asserts="2" />
          <test-case id="0-1084" name="GetDestinationForIOSPluginTest" fullname="UpliftTesting.UnitTesting.UpfileHandlerTest.GetDestinationForIOSPluginTest" methodname="GetDestinationForIOSPluginTest" classname="UpliftTesting.UnitTesting.UpfileHandlerTest" runstate="Runnable" seed="412356355" result="Passed" start-time="2017-08-01 13:46:49Z" end-time="2017-08-01 13:46:49Z" duration="0.001181" asserts="2" />
          <test-case id="0-1081" name="GetDestinationForMediaTest" fullname="UpliftTesting.UnitTesting.UpfileHandlerTest.GetDestinationForMediaTest" methodname="GetDestinationForMediaTest" classname="UpliftTesting.UnitTesting.UpfileHandlerTest" runstate="Runnable" seed="1418304028" result="Passed" start-time="2017-08-01 13:46:50Z" end-time="2017-08-01 13:46:50Z" duration="0.001036" asserts="1" />
          <test-case id="0-1077" name="GetPackagesRootPathTest" fullname="UpliftTesting.UnitTesting.UpfileHandlerTest.GetPackagesRootPathTest" methodname="GetPackagesRootPathTest" classname="UpliftTesting.UnitTesting.UpfileHandlerTest" runstate="Runnable" seed="220851314" result="Passed" start-time="2017-08-01 13:46:50Z" end-time="2017-08-01 13:46:50Z" duration="0.000804" asserts="1" />
          <test-case id="0-1076" name="LoadPackagesListTest" fullname="UpliftTesting.UnitTesting.UpfileHandlerTest.LoadPackagesListTest" methodname="LoadPackagesListTest" classname="UpliftTesting.UnitTesting.UpfileHandlerTest" runstate="Runnable" seed="2095368302" result="Passed" start-time="2017-08-01 13:46:50Z" end-time="2017-08-01 13:46:50Z" duration="0.004295" asserts="1" />
          <test-case id="0-1075" name="LoadUpfileTest" fullname="UpliftTesting.UnitTesting.UpfileHandlerTest.LoadUpfileTest" methodname="LoadUpfileTest" classname="UpliftTesting.UnitTesting.UpfileHandlerTest" runstate="Runnable" seed="106322623" result="Passed" start-time="2017-08-01 13:46:50Z" end-time="2017-08-01 13:46:50Z" duration="0.020889" asserts="3" />
          <test-case id="0-1072" name="UpfileHandlerUniqueInstanceTest" fullname="UpliftTesting.UnitTesting.UpfileHandlerTest.UpfileHandlerUniqueInstanceTest" methodname="UpfileHandlerUniqueInstanceTest" classname="UpliftTesting.UnitTesting.UpfileHandlerTest" runstate="Runnable" seed="1821814482" result="Passed" start-time="2017-08-01 13:46:50Z" end-time="2017-08-01 13:46:50Z" duration="0.000475" asserts="1" />
        </test-suite>
      </test-suite>
    </test-suite>
  </test-suite>
</test-run>