<?xml version="1.0" encoding="utf-8" standalone="no"?>
<test-run id="2" testcasecount="80" result="Passed" total="5" passed="5" failed="0" inconclusive="0" skipped="0" asserts="121" engine-version="3.7.0.0" clr-version="4.0.30319.42000" start-time="2017-08-01 10:17:45Z" end-time="2017-08-01 10:17:51Z" duration="5.839434">
  <command-line><![CDATA[..\packages\NUnit.ConsoleRunner.3.7.0\tools\nunit3-console.exe  ..\bin\Debug\UpliftTesting.dll --result=IntegrationTest.xml --where "test =~ /IntegrationTesting/"]]></command-line>
  <filter>
    <test re="1">IntegrationTesting</test>
  </filter>
  <test-suite type="Assembly" id="0-1093" name="UpliftTesting.dll" fullname="C:\Users\Paul\Documents\Work\uplift\UpliftTesting\bin\Debug\UpliftTesting.dll" runstate="Runnable" testcasecount="80" result="Passed" start-time="2017-08-01 10:17:48Z" end-time="2017-08-01 10:17:51Z" duration="3.348168" total="5" passed="5" failed="0" inconclusive="0" skipped="0" asserts="121">
    <environment framework-version="3.5.0.0" clr-version="4.0.30319.42000" os-version="Microsoft Windows NT 10.0.15063.0" platform="Win32NT" cwd="C:\Users\Paul\Documents\Work\uplift\UpliftTesting\TestResults" machine-name="PC_PAUL" user="Paul" user-domain="PC_PAUL" culture="fr-FR" uiculture="fr-FR" os-architecture="x64" />
    <settings>
      <setting name="DisposeRunners" value="True" />
      <setting name="WorkDirectory" value="C:\Users\Paul\Documents\Work\uplift\UpliftTesting\TestResults" />
      <setting name="ImageRuntimeVersion" value="4.0.30319" />
      <setting name="ImageTargetFrameworkName" value=".NETFramework,Version=v4.5" />
      <setting name="ImageRequiresX86" value="False" />
      <setting name="ImageRequiresDefaultAppDomainAssemblyResolver" value="False" />
    </settings>
    <properties>
      <property name="_PID" value="252" />
      <property name="_APPDOMAIN" value="domain-" />
    </properties>
    <test-suite type="TestSuite" id="0-1094" name="UpliftTesting" fullname="UpliftTesting" runstate="Runnable" testcasecount="80" result="Passed" start-time="2017-08-01 10:17:48Z" end-time="2017-08-01 10:17:51Z" duration="3.132614" total="5" passed="5" failed="0" inconclusive="0" skipped="0" asserts="121">
      <test-suite type="TestSuite" id="0-1096" name="IntegrationTesting" fullname="UpliftTesting.IntegrationTesting" runstate="Runnable" testcasecount="5" result="Passed" start-time="2017-08-01 10:17:48Z" end-time="2017-08-01 10:17:51Z" duration="3.083044" total="5" passed="5" failed="0" inconclusive="0" skipped="0" asserts="121">
        <test-suite type="TestFixture" id="0-1089" name="BasicPackageInstallation" fullname="UpliftTesting.IntegrationTesting.BasicPackageInstallation" classname="UpliftTesting.IntegrationTesting.BasicPackageInstallation" runstate="Runnable" testcasecount="1" result="Passed" start-time="2017-08-01 10:17:48Z" end-time="2017-08-01 10:17:50Z" duration="1.933921" total="1" passed="1" failed="0" inconclusive="0" skipped="0" asserts="23">
          <test-case id="0-1090" name="WhenInstalling" fullname="UpliftTesting.IntegrationTesting.BasicPackageInstallation.WhenInstalling" methodname="WhenInstalling" classname="UpliftTesting.IntegrationTesting.BasicPackageInstallation" runstate="Runnable" seed="1295795288" result="Passed" start-time="2017-08-01 10:17:50Z" end-time="2017-08-01 10:17:50Z" duration="0.394602" asserts="23" />
        </test-suite>
        <test-suite type="TestFixture" id="0-1085" name="CustomizedFileLocation" fullname="UpliftTesting.IntegrationTesting.CustomizedFileLocation" classname="UpliftTesting.IntegrationTesting.CustomizedFileLocation" runstate="Runnable" testcasecount="3" result="Passed" start-time="2017-08-01 10:17:50Z" end-time="2017-08-01 10:17:51Z" duration="0.784864" total="3" passed="3" failed="0" inconclusive="0" skipped="0" asserts="77">
          <test-case id="0-1088" name="WhenUpfileModifiedAndSkip" fullname="UpliftTesting.IntegrationTesting.CustomizedFileLocation.WhenUpfileModifiedAndSkip" methodname="WhenUpfileModifiedAndSkip" classname="UpliftTesting.IntegrationTesting.CustomizedFileLocation" runstate="Runnable" seed="1108485794" result="Passed" start-time="2017-08-01 10:17:50Z" end-time="2017-08-01 10:17:50Z" duration="0.222213" asserts="25" />
          <test-case id="0-1087" name="WhenUpfileModifiedNoSkip" fullname="UpliftTesting.IntegrationTesting.CustomizedFileLocation.WhenUpfileModifiedNoSkip" methodname="WhenUpfileModifiedNoSkip" classname="UpliftTesting.IntegrationTesting.CustomizedFileLocation" runstate="Runnable" seed="160152694" result="Passed" start-time="2017-08-01 10:17:50Z" end-time="2017-08-01 10:17:51Z" duration="0.232685" asserts="27" />
          <test-case id="0-1086" name="WhenUpfileNotModified" fullname="UpliftTesting.IntegrationTesting.CustomizedFileLocation.WhenUpfileNotModified" methodname="WhenUpfileNotModified" classname="UpliftTesting.IntegrationTesting.CustomizedFileLocation" runstate="Runnable" seed="207149047" result="Passed" start-time="2017-08-01 10:17:51Z" end-time="2017-08-01 10:17:51Z" duration="0.200693" asserts="25" />
        </test-suite>
        <test-suite type="TestFixture" id="0-1091" name="PackageUpdating" fullname="UpliftTesting.IntegrationTesting.PackageUpdating" classname="UpliftTesting.IntegrationTesting.PackageUpdating" runstate="Runnable" testcasecount="1" result="Passed" start-time="2017-08-01 10:17:51Z" end-time="2017-08-01 10:17:51Z" duration="0.224209" total="1" passed="1" failed="0" inconclusive="0" skipped="0" asserts="21">
          <test-case id="0-1092" name="WhenUpdating" fullname="UpliftTesting.IntegrationTesting.PackageUpdating.WhenUpdating" methodname="WhenUpdating" classname="UpliftTesting.IntegrationTesting.PackageUpdating" runstate="Runnable" seed="1209359446" result="Passed" start-time="2017-08-01 10:17:51Z" end-time="2017-08-01 10:17:51Z" duration="0.109120" asserts="21" />
        </test-suite>
      </test-suite>
    </test-suite>
  </test-suite>
</test-run>