<?xml version="1.0" encoding="utf-8" standalone="no"?>
<test-run id="2" testcasecount="80" result="Passed" total="5" passed="5" failed="0" inconclusive="0" skipped="0" asserts="120" engine-version="3.7.0.0" clr-version="4.0.30319.42000" start-time="2017-08-01 13:44:37Z" end-time="2017-08-01 13:44:43Z" duration="6.304384">
  <command-line><![CDATA[..\packages\NUnit.ConsoleRunner.3.7.0\tools\nunit3-console.exe  ..\bin\Debug\UpliftTesting.dll --result=IntegrationTest.xml --where "test =~ /IntegrationTesting/"]]></command-line>
  <filter>
    <test re="1">IntegrationTesting</test>
  </filter>
  <test-suite type="Assembly" id="0-1093" name="UpliftTesting.dll" fullname="C:\Users\Paul\Documents\Work\uplift\UpliftTesting\bin\Debug\UpliftTesting.dll" runstate="Runnable" testcasecount="80" result="Passed" start-time="2017-08-01 13:44:39Z" end-time="2017-08-01 13:44:43Z" duration="3.276767" total="5" passed="5" failed="0" inconclusive="0" skipped="0" asserts="120">
    <environment framework-version="3.5.0.0" clr-version="4.0.30319.42000" os-version="Microsoft Windows NT 10.0.15063.0" platform="Win32NT" cwd="C:\Users\Paul\Documents\Work\uplift\UpliftTesting\TestResults" machine-name="PC_PAUL" user="Paul" user-domain="PC_PAUL" culture="fr-FR" uiculture="fr-FR" os-architecture="x64" />
    <settings>
      <setting name="DisposeRunners" value="True" />
      <setting name="WorkDirectory" value="C:\Users\Paul\Documents\Work\uplift\UpliftTesting\TestResults" />
      <setting name="ImageRuntimeVersion" value="4.0.30319" />
      <setting name="ImageTargetFrameworkName" value=".NETFramework,Version=v4.5" />
      <setting name="ImageRequiresX86" value="False" />
      <setting name="ImageRequiresDefaultAppDomainAssemblyResolver" value="False" />
    </settings>
    <properties>
      <property name="_PID" value="4064" />
      <property name="_APPDOMAIN" value="domain-" />
    </properties>
    <test-suite type="TestSuite" id="0-1094" name="UpliftTesting" fullname="UpliftTesting" runstate="Runnable" testcasecount="80" result="Passed" start-time="2017-08-01 13:44:40Z" end-time="2017-08-01 13:44:43Z" duration="3.049236" total="5" passed="5" failed="0" inconclusive="0" skipped="0" asserts="120">
      <test-suite type="TestSuite" id="0-1096" name="IntegrationTesting" fullname="UpliftTesting.IntegrationTesting" runstate="Runnable" testcasecount="5" result="Passed" start-time="2017-08-01 13:44:40Z" end-time="2017-08-01 13:44:43Z" duration="2.990927" total="5" passed="5" failed="0" inconclusive="0" skipped="0" asserts="120">
        <test-suite type="TestFixture" id="0-1089" name="BasicPackageInstallation" fullname="UpliftTesting.IntegrationTesting.BasicPackageInstallation" classname="UpliftTesting.IntegrationTesting.BasicPackageInstallation" runstate="Runnable" testcasecount="1" result="Passed" start-time="2017-08-01 13:44:40Z" end-time="2017-08-01 13:44:42Z" duration="1.858461" total="1" passed="1" failed="0" inconclusive="0" skipped="0" asserts="22">
          <test-case id="0-1090" name="WhenInstalling" fullname="UpliftTesting.IntegrationTesting.BasicPackageInstallation.WhenInstalling" methodname="WhenInstalling" classname="UpliftTesting.IntegrationTesting.BasicPackageInstallation" runstate="Runnable" seed="1304428748" result="Passed" start-time="2017-08-01 13:44:41Z" end-time="2017-08-01 13:44:42Z" duration="0.376427" asserts="22" />
        </test-suite>
        <test-suite type="TestFixture" id="0-1085" name="CustomizedFileLocation" fullname="UpliftTesting.IntegrationTesting.CustomizedFileLocation" classname="UpliftTesting.IntegrationTesting.CustomizedFileLocation" runstate="Runnable" testcasecount="3" result="Passed" start-time="2017-08-01 13:44:42Z" end-time="2017-08-01 13:44:42Z" duration="0.736445" total="3" passed="3" failed="0" inconclusive="0" skipped="0" asserts="77">
          <test-case id="0-1088" name="WhenUpfileModifiedAndSkip" fullname="UpliftTesting.IntegrationTesting.CustomizedFileLocation.WhenUpfileModifiedAndSkip" methodname="WhenUpfileModifiedAndSkip" classname="UpliftTesting.IntegrationTesting.CustomizedFileLocation" runstate="Runnable" seed="2109973046" result="Passed" start-time="2017-08-01 13:44:42Z" end-time="2017-08-01 13:44:42Z" duration="0.204868" asserts="25" />
          <test-case id="0-1087" name="WhenUpfileModifiedNoSkip" fullname="UpliftTesting.IntegrationTesting.CustomizedFileLocation.WhenUpfileModifiedNoSkip" methodname="WhenUpfileModifiedNoSkip" classname="UpliftTesting.IntegrationTesting.CustomizedFileLocation" runstate="Runnable" seed="1403435856" result="Passed" start-time="2017-08-01 13:44:42Z" end-time="2017-08-01 13:44:42Z" duration="0.220569" asserts="27" />
          <test-case id="0-1086" name="WhenUpfileNotModified" fullname="UpliftTesting.IntegrationTesting.CustomizedFileLocation.WhenUpfileNotModified" methodname="WhenUpfileNotModified" classname="UpliftTesting.IntegrationTesting.CustomizedFileLocation" runstate="Runnable" seed="880469000" result="Passed" start-time="2017-08-01 13:44:42Z" end-time="2017-08-01 13:44:42Z" duration="0.191660" asserts="25" />
        </test-suite>
        <test-suite type="TestFixture" id="0-1091" name="PackageUpdating" fullname="UpliftTesting.IntegrationTesting.PackageUpdating" classname="UpliftTesting.IntegrationTesting.PackageUpdating" runstate="Runnable" testcasecount="1" result="Passed" start-time="2017-08-01 13:44:42Z" end-time="2017-08-01 13:44:43Z" duration="0.251251" total="1" passed="1" failed="0" inconclusive="0" skipped="0" asserts="21">
          <test-case id="0-1092" name="WhenUpdating" fullname="UpliftTesting.IntegrationTesting.PackageUpdating.WhenUpdating" methodname="WhenUpdating" classname="UpliftTesting.IntegrationTesting.PackageUpdating" runstate="Runnable" seed="222020070" result="Passed" start-time="2017-08-01 13:44:42Z" end-time="2017-08-01 13:44:43Z" duration="0.114867" asserts="21" />
        </test-suite>
      </test-suite>
    </test-suite>
  </test-suite>
</test-run>