<?xml version="1.0" encoding="utf-8" standalone="no"?>
<test-run id="2" testcasecount="82" result="Passed" total="7" passed="7" failed="0" inconclusive="0" skipped="0" asserts="122" engine-version="3.7.0.0" clr-version="4.0.30319.42000" start-time="2017-08-02 08:34:56Z" end-time="2017-08-02 08:35:03Z" duration="6.831839">
  <command-line><![CDATA[..\packages\NUnit.ConsoleRunner.3.7.0\tools\nunit3-console.exe  ..\bin\Debug\UpliftTesting.dll --result=IntegrationTest.xml --where "test =~ /IntegrationTesting/"]]></command-line>
  <filter>
    <test re="1">IntegrationTesting</test>
  </filter>
  <test-suite type="Assembly" id="0-1096" name="UpliftTesting.dll" fullname="C:\Users\Paul\Documents\Work\uplift\UpliftTesting\bin\Debug\UpliftTesting.dll" runstate="Runnable" testcasecount="82" result="Passed" start-time="2017-08-02 08:34:59Z" end-time="2017-08-02 08:35:03Z" duration="3.656481" total="7" passed="7" failed="0" inconclusive="0" skipped="0" asserts="122">
    <environment framework-version="3.5.0.0" clr-version="4.0.30319.42000" os-version="Microsoft Windows NT 10.0.15063.0" platform="Win32NT" cwd="C:\Users\Paul\Documents\Work\uplift\UpliftTesting\TestResults" machine-name="PC_PAUL" user="Paul" user-domain="PC_PAUL" culture="fr-FR" uiculture="fr-FR" os-architecture="x64" />
    <settings>
      <setting name="DisposeRunners" value="True" />
      <setting name="WorkDirectory" value="C:\Users\Paul\Documents\Work\uplift\UpliftTesting\TestResults" />
      <setting name="ImageRuntimeVersion" value="4.0.30319" />
      <setting name="ImageTargetFrameworkName" value=".NETFramework,Version=v4.5" />
      <setting name="ImageRequiresX86" value="False" />
      <setting name="ImageRequiresDefaultAppDomainAssemblyResolver" value="False" />
    </settings>
    <properties>
      <property name="_PID" value="14696" />
      <property name="_APPDOMAIN" value="domain-" />
    </properties>
    <test-suite type="TestSuite" id="0-1097" name="UpliftTesting" fullname="UpliftTesting" runstate="Runnable" testcasecount="82" result="Passed" start-time="2017-08-02 08:35:00Z" end-time="2017-08-02 08:35:03Z" duration="3.445320" total="7" passed="7" failed="0" inconclusive="0" skipped="0" asserts="122">
      <test-suite type="TestSuite" id="0-1099" name="IntegrationTesting" fullname="UpliftTesting.IntegrationTesting" runstate="Runnable" testcasecount="7" result="Passed" start-time="2017-08-02 08:35:00Z" end-time="2017-08-02 08:35:03Z" duration="3.392225" total="7" passed="7" failed="0" inconclusive="0" skipped="0" asserts="122">
        <test-suite type="TestFixture" id="0-1089" name="BasicPackageInstallation" fullname="UpliftTesting.IntegrationTesting.BasicPackageInstallation" classname="UpliftTesting.IntegrationTesting.BasicPackageInstallation" runstate="Runnable" testcasecount="1" result="Passed" start-time="2017-08-02 08:35:00Z" end-time="2017-08-02 08:35:01Z" duration="1.837381" total="1" passed="1" failed="0" inconclusive="0" skipped="0" asserts="22">
          <test-case id="0-1090" name="WhenInstalling" fullname="UpliftTesting.IntegrationTesting.BasicPackageInstallation.WhenInstalling" methodname="WhenInstalling" classname="UpliftTesting.IntegrationTesting.BasicPackageInstallation" runstate="Runnable" seed="357926590" result="Passed" start-time="2017-08-02 08:35:01Z" end-time="2017-08-02 08:35:01Z" duration="0.360355" asserts="22" />
        </test-suite>
        <test-suite type="TestFixture" id="0-1085" name="CustomizedFileLocation" fullname="UpliftTesting.IntegrationTesting.CustomizedFileLocation" classname="UpliftTesting.IntegrationTesting.CustomizedFileLocation" runstate="Runnable" testcasecount="3" result="Passed" start-time="2017-08-02 08:35:01Z" end-time="2017-08-02 08:35:02Z" duration="0.702424" total="3" passed="3" failed="0" inconclusive="0" skipped="0" asserts="77">
          <test-case id="0-1088" name="WhenUpfileModifiedAndSkip" fullname="UpliftTesting.IntegrationTesting.CustomizedFileLocation.WhenUpfileModifiedAndSkip" methodname="WhenUpfileModifiedAndSkip" classname="UpliftTesting.IntegrationTesting.CustomizedFileLocation" runstate="Runnable" seed="2130222723" result="Passed" start-time="2017-08-02 08:35:01Z" end-time="2017-08-02 08:35:02Z" duration="0.192976" asserts="25" />
          <test-case id="0-1087" name="WhenUpfileModifiedNoSkip" fullname="UpliftTesting.IntegrationTesting.CustomizedFileLocation.WhenUpfileModifiedNoSkip" methodname="WhenUpfileModifiedNoSkip" classname="UpliftTesting.IntegrationTesting.CustomizedFileLocation" runstate="Runnable" seed="1997209878" result="Passed" start-time="2017-08-02 08:35:02Z" end-time="2017-08-02 08:35:02Z" duration="0.218253" asserts="27" />
          <test-case id="0-1086" name="WhenUpfileNotModified" fullname="UpliftTesting.IntegrationTesting.CustomizedFileLocation.WhenUpfileNotModified" methodname="WhenUpfileNotModified" classname="UpliftTesting.IntegrationTesting.CustomizedFileLocation" runstate="Runnable" seed="1293594598" result="Passed" start-time="2017-08-02 08:35:02Z" end-time="2017-08-02 08:35:02Z" duration="0.178005" asserts="25" />
        </test-suite>
        <test-suite type="TestFixture" id="0-1091" name="PackageNuking" fullname="UpliftTesting.IntegrationTesting.PackageNuking" classname="UpliftTesting.IntegrationTesting.PackageNuking" runstate="Runnable" testcasecount="2" result="Passed" start-time="2017-08-02 08:35:02Z" end-time="2017-08-02 08:35:03Z" duration="0.467970" total="2" passed="2" failed="0" inconclusive="0" skipped="0" asserts="2">
          <test-case id="0-1093" name="WhenFilesAreAdded" fullname="UpliftTesting.IntegrationTesting.PackageNuking.WhenFilesAreAdded" methodname="WhenFilesAreAdded" classname="UpliftTesting.IntegrationTesting.PackageNuking" runstate="Runnable" seed="391033355" result="Passed" start-time="2017-08-02 08:35:02Z" end-time="2017-08-02 08:35:02Z" duration="0.168181" asserts="1" />
          <test-case id="0-1092" name="WhenNoFileIsAdded" fullname="UpliftTesting.IntegrationTesting.PackageNuking.WhenNoFileIsAdded" methodname="WhenNoFileIsAdded" classname="UpliftTesting.IntegrationTesting.PackageNuking" runstate="Runnable" seed="1825155147" result="Passed" start-time="2017-08-02 08:35:02Z" end-time="2017-08-02 08:35:03Z" duration="0.124952" asserts="1" />
        </test-suite>
        <test-suite type="TestFixture" id="0-1094" name="PackageUpdating" fullname="UpliftTesting.IntegrationTesting.PackageUpdating" classname="UpliftTesting.IntegrationTesting.PackageUpdating" runstate="Runnable" testcasecount="1" result="Passed" start-time="2017-08-02 08:35:03Z" end-time="2017-08-02 08:35:03Z" duration="0.220081" total="1" passed="1" failed="0" inconclusive="0" skipped="0" asserts="21">
          <test-case id="0-1095" name="WhenUpdating" fullname="UpliftTesting.IntegrationTesting.PackageUpdating.WhenUpdating" methodname="WhenUpdating" classname="UpliftTesting.IntegrationTesting.PackageUpdating" runstate="Runnable" seed="490699632" result="Passed" start-time="2017-08-02 08:35:03Z" end-time="2017-08-02 08:35:03Z" duration="0.111621" asserts="21" />
        </test-suite>
      </test-suite>
    </test-suite>
  </test-suite>
</test-run>