<?xml version="1.0" encoding="utf-8" standalone="no"?>
<test-run id="2" testcasecount="80" result="Passed" total="75" passed="73" failed="0" inconclusive="0" skipped="2" asserts="126" engine-version="3.7.0.0" clr-version="4.0.30319.42000" start-time="2017-08-01 13:46:17Z" end-time="2017-08-01 13:46:27Z" duration="9.806511">
  <command-line><![CDATA[..\packages\NUnit.ConsoleRunner.3.7.0\tools\nunit3-console.exe  ..\bin\Debug\UpliftTesting.dll --result=UnitTest.xml --where "test =~ /UnitTesting/"]]></command-line>
  <filter>
    <test re="1">UnitTesting</test>
  </filter>
  <test-suite type="Assembly" id="0-1093" name="UpliftTesting.dll" fullname="C:\Users\Paul\Documents\Work\uplift\UpliftTesting\bin\Debug\UpliftTesting.dll" runstate="Runnable" testcasecount="80" result="Passed" start-time="2017-08-01 13:46:19Z" end-time="2017-08-01 13:46:27Z" duration="7.637582" total="75" passed="73" failed="0" inconclusive="0" skipped="2" asserts="126">
    <environment framework-version="3.5.0.0" clr-version="4.0.30319.42000" os-version="Microsoft Windows NT 10.0.15063.0" platform="Win32NT" cwd="C:\Users\Paul\Documents\Work\uplift\UpliftTesting\TestResults" machine-name="PC_PAUL" user="Paul" user-domain="PC_PAUL" culture="fr-FR" uiculture="fr-FR" os-architecture="x64" />
    <settings>
      <setting name="DisposeRunners" value="True" />
      <setting name="WorkDirectory" value="C:\Users\Paul\Documents\Work\uplift\UpliftTesting\TestResults" />
      <setting name="ImageRuntimeVersion" value="4.0.30319" />
      <setting name="ImageTargetFrameworkName" value=".NETFramework,Version=v4.5" />
      <setting name="ImageRequiresX86" value="False" />
      <setting name="ImageRequiresDefaultAppDomainAssemblyResolver" value="False" />
    </settings>
    <properties>
      <property name="_PID" value="15776" />
      <property name="_APPDOMAIN" value="domain-" />
    </properties>
    <test-suite type="TestSuite" id="0-1094" name="UpliftTesting" fullname="UpliftTesting" runstate="Runnable" testcasecount="80" result="Passed" start-time="2017-08-01 13:46:19Z" end-time="2017-08-01 13:46:27Z" duration="7.433325" total="75" passed="73" failed="0" inconclusive="0" skipped="2" asserts="126">
      <test-suite type="TestSuite" id="0-1095" name="UnitTesting" fullname="UpliftTesting.UnitTesting" runstate="Runnable" testcasecount="75" result="Passed" start-time="2017-08-01 13:46:19Z" end-time="2017-08-01 13:46:27Z" duration="7.386752" total="75" passed="73" failed="0" inconclusive="0" skipped="2" asserts="126">
        <test-suite type="TestFixture" id="0-1000" name="FileRepositoryTest" fullname="UpliftTesting.UnitTesting.FileRepositoryTest" classname="UpliftTesting.UnitTesting.FileRepositoryTest" runstate="Runnable" testcasecount="5" result="Passed" start-time="2017-08-01 13:46:19Z" end-time="2017-08-01 13:46:22Z" duration="2.217025" total="5" passed="5" failed="0" inconclusive="0" skipped="0" asserts="15">
          <test-case id="0-1005" name="DownloadPackageFromBadFormatTest" fullname="UpliftTesting.UnitTesting.FileRepositoryTest.DownloadPackageFromBadFormatTest" methodname="DownloadPackageFromBadFormatTest" classname="UpliftTesting.UnitTesting.FileRepositoryTest" runstate="Runnable" seed="1511077741" result="Passed" start-time="2017-08-01 13:46:19Z" end-time="2017-08-01 13:46:19Z" duration="0.060887" asserts="2" />
          <test-case id="0-1003" name="DownloadPackageFromDirectoryTest" fullname="UpliftTesting.UnitTesting.FileRepositoryTest.DownloadPackageFromDirectoryTest" methodname="DownloadPackageFromDirectoryTest" classname="UpliftTesting.UnitTesting.FileRepositoryTest" runstate="Runnable" seed="1257410114" result="Passed" start-time="2017-08-01 13:46:20Z" end-time="2017-08-01 13:46:20Z" duration="0.055254" asserts="2" />
          <test-case id="0-1004" name="DownloadPackageFromUnityPackageTest" fullname="UpliftTesting.UnitTesting.FileRepositoryTest.DownloadPackageFromUnityPackageTest" methodname="DownloadPackageFromUnityPackageTest" classname="UpliftTesting.UnitTesting.FileRepositoryTest" runstate="Runnable" seed="916608462" result="Passed" start-time="2017-08-01 13:46:20Z" end-time="2017-08-01 13:46:20Z" duration="0.143307" asserts="4" />
          <test-case id="0-1002" name="ListPackagesFromDirectoriesTest" fullname="UpliftTesting.UnitTesting.FileRepositoryTest.ListPackagesFromDirectoriesTest" methodname="ListPackagesFromDirectoriesTest" classname="UpliftTesting.UnitTesting.FileRepositoryTest" runstate="Runnable" seed="205285931" result="Passed" start-time="2017-08-01 13:46:20Z" end-time="2017-08-01 13:46:22Z" duration="1.683702" asserts="4" />
          <test-case id="0-1001" name="ListPackagesFromUnityPackagesTest" fullname="UpliftTesting.UnitTesting.FileRepositoryTest.ListPackagesFromUnityPackagesTest" methodname="ListPackagesFromUnityPackagesTest" classname="UpliftTesting.UnitTesting.FileRepositoryTest" runstate="Runnable" seed="1344412184" result="Passed" start-time="2017-08-01 13:46:22Z" end-time="2017-08-01 13:46:22Z" duration="0.012834" asserts="3" />
        </test-suite>
        <test-suite type="TestFixture" id="0-1028" name="FileSystemUtilsTest" fullname="UpliftTesting.UnitTesting.FileSystemUtilsTest" classname="UpliftTesting.UnitTesting.FileSystemUtilsTest" runstate="Runnable" testcasecount="20" result="Passed" start-time="2017-08-01 13:46:22Z" end-time="2017-08-01 13:46:23Z" duration="1.073303" total="20" passed="18" failed="0" inconclusive="0" skipped="2" asserts="19">
          <test-case id="0-1046" name="CopyAndIgnoreDirectoryTest" fullname="UpliftTesting.UnitTesting.FileSystemUtilsTest.CopyAndIgnoreDirectoryTest" methodname="CopyAndIgnoreDirectoryTest" classname="UpliftTesting.UnitTesting.FileSystemUtilsTest" runstate="Runnable" seed="394857998" result="Passed" start-time="2017-08-01 13:46:22Z" end-time="2017-08-01 13:46:22Z" duration="0.014035" asserts="2" />
          <test-case id="0-1045" name="CopyDirectoryRecursivelyTest" fullname="UpliftTesting.UnitTesting.FileSystemUtilsTest.CopyDirectoryRecursivelyTest" methodname="CopyDirectoryRecursivelyTest" classname="UpliftTesting.UnitTesting.FileSystemUtilsTest" runstate="Runnable" seed="305439245" result="Passed" start-time="2017-08-01 13:46:22Z" end-time="2017-08-01 13:46:22Z" duration="0.010770" asserts="1" />
          <test-case id="0-1043" name="CopyDirectoryTest" fullname="UpliftTesting.UnitTesting.FileSystemUtilsTest.CopyDirectoryTest" methodname="CopyDirectoryTest" classname="UpliftTesting.UnitTesting.FileSystemUtilsTest" runstate="Runnable" seed="693075892" result="Passed" start-time="2017-08-01 13:46:22Z" end-time="2017-08-01 13:46:22Z" duration="0.005783" asserts="1" />
          <test-case id="0-1044" name="CopyToExitstingDirectoryTest" fullname="UpliftTesting.UnitTesting.FileSystemUtilsTest.CopyToExitstingDirectoryTest" methodname="CopyToExitstingDirectoryTest" classname="UpliftTesting.UnitTesting.FileSystemUtilsTest" runstate="Runnable" seed="1929967981" result="Passed" start-time="2017-08-01 13:46:22Z" end-time="2017-08-01 13:46:22Z" duration="0.005276" asserts="1" />
          <test-case id="0-1030" name="EnsureMissingParentExistsTest" fullname="UpliftTesting.UnitTesting.FileSystemUtilsTest.EnsureMissingParentExistsTest" methodname="EnsureMissingParentExistsTest" classname="UpliftTesting.UnitTesting.FileSystemUtilsTest" runstate="Runnable" seed="1075553765" result="Passed" start-time="2017-08-01 13:46:22Z" end-time="2017-08-01 13:46:22Z" duration="0.003690" asserts="1" />
          <test-case id="0-1031" name="EnsurePresentParentExistsTest" fullname="UpliftTesting.UnitTesting.FileSystemUtilsTest.EnsurePresentParentExistsTest" methodname="EnsurePresentParentExistsTest" classname="UpliftTesting.UnitTesting.FileSystemUtilsTest" runstate="Runnable" seed="610185356" result="Passed" start-time="2017-08-01 13:46:22Z" end-time="2017-08-01 13:46:22Z" duration="0.003603" asserts="1" />
          <test-case id="0-1032" name="GetAbsolutePathTest" fullname="UpliftTesting.UnitTesting.FileSystemUtilsTest.GetAbsolutePathTest" methodname="GetAbsolutePathTest" classname="UpliftTesting.UnitTesting.FileSystemUtilsTest" runstate="Runnable" seed="1304034186" result="Passed" start-time="2017-08-01 13:46:22Z" end-time="2017-08-01 13:46:22Z" duration="0.004714" asserts="1" />
          <test-case id="0-1033" name="GetAbsolutePathTestFail" fullname="UpliftTesting.UnitTesting.FileSystemUtilsTest.GetAbsolutePathTestFail" methodname="GetAbsolutePathTestFail" classname="UpliftTesting.UnitTesting.FileSystemUtilsTest" runstate="Runnable" seed="46689869" result="Passed" start-time="2017-08-01 13:46:22Z" end-time="2017-08-01 13:46:22Z" duration="0.002426" asserts="1" />
          <test-case id="0-1041" name="GetFilesEmptyTest" fullname="UpliftTesting.UnitTesting.FileSystemUtilsTest.GetFilesEmptyTest" methodname="GetFilesEmptyTest" classname="UpliftTesting.UnitTesting.FileSystemUtilsTest" runstate="Runnable" seed="281564101" result="Passed" start-time="2017-08-01 13:46:22Z" end-time="2017-08-01 13:46:22Z" duration="0.012730" asserts="1" />
          <test-case id="0-1042" name="GetFilesFromNonExistentDirectoryTest" fullname="UpliftTesting.UnitTesting.FileSystemUtilsTest.GetFilesFromNonExistentDirectoryTest" methodname="GetFilesFromNonExistentDirectoryTest" classname="UpliftTesting.UnitTesting.FileSystemUtilsTest" runstate="Runnable" seed="607786072" result="Passed" start-time="2017-08-01 13:46:22Z" end-time="2017-08-01 13:46:22Z" duration="0.000799" asserts="1" />
          <test-case id="0-1040" name="GetFilesRecursivelyTest" fullname="UpliftTesting.UnitTesting.FileSystemUtilsTest.GetFilesRecursivelyTest" methodname="GetFilesRecursivelyTest" classname="UpliftTesting.UnitTesting.FileSystemUtilsTest" runstate="Runnable" seed="490783273" result="Passed" start-time="2017-08-01 13:46:22Z" end-time="2017-08-01 13:46:22Z" duration="0.021688" asserts="1" />
          <test-case id="0-1039" name="GetFilesTest" fullname="UpliftTesting.UnitTesting.FileSystemUtilsTest.GetFilesTest" methodname="GetFilesTest" classname="UpliftTesting.UnitTesting.FileSystemUtilsTest" runstate="Runnable" seed="459294609" result="Passed" start-time="2017-08-01 13:46:22Z" end-time="2017-08-01 13:46:22Z" duration="0.013807" asserts="1" />
          <test-case id="0-1029" name="JoinPathsTest" fullname="UpliftTesting.UnitTesting.FileSystemUtilsTest.JoinPathsTest" methodname="JoinPathsTest" classname="UpliftTesting.UnitTesting.FileSystemUtilsTest" runstate="Runnable" seed="3939370" result="Passed" start-time="2017-08-01 13:46:22Z" end-time="2017-08-01 13:46:22Z" duration="0.001000" asserts="1" />
          <test-case id="0-1035" name="ReadTxtInFileTest" fullname="UpliftTesting.UnitTesting.FileSystemUtilsTest.ReadTxtInFileTest" methodname="ReadTxtInFileTest" classname="UpliftTesting.UnitTesting.FileSystemUtilsTest" runstate="Runnable" seed="1612564840" result="Passed" start-time="2017-08-01 13:46:22Z" end-time="2017-08-01 13:46:22Z" duration="0.005257" asserts="1" />
          <test-case id="0-1037" name="RecursivelyDirPathsTestLinux" fullname="UpliftTesting.UnitTesting.FileSystemUtilsTest.RecursivelyDirPathsTestLinux" methodname="RecursivelyDirPathsTestLinux" classname="UpliftTesting.UnitTesting.FileSystemUtilsTest" runstate="Skipped" seed="1795640493" result="Skipped" start-time="2017-08-01 13:46:22Z" end-time="2017-08-01 13:46:22Z" duration="0.002452" asserts="0">
            <properties>
              <property name="_SKIPREASON" value="Only supported on Linux" />
            </properties>
            <reason>
              <message><![CDATA[Only supported on Linux]]></message>
            </reason>
          </test-case>
          <test-case id="0-1038" name="RecursivelyDirPathsTestMac" fullname="UpliftTesting.UnitTesting.FileSystemUtilsTest.RecursivelyDirPathsTestMac" methodname="RecursivelyDirPathsTestMac" classname="UpliftTesting.UnitTesting.FileSystemUtilsTest" runstate="Skipped" seed="834289622" result="Skipped" start-time="2017-08-01 13:46:23Z" end-time="2017-08-01 13:46:23Z" duration="0.000047" asserts="0">
            <properties>
              <property name="_SKIPREASON" value="Not supported on Win,Linux" />
            </properties>
            <reason>
              <message><![CDATA[Not supported on Win,Linux]]></message>
            </reason>
          </test-case>
          <test-case id="0-1036" name="RecursivelyDirPathsTestWindows" fullname="UpliftTesting.UnitTesting.FileSystemUtilsTest.RecursivelyDirPathsTestWindows" methodname="RecursivelyDirPathsTestWindows" classname="UpliftTesting.UnitTesting.FileSystemUtilsTest" runstate="Runnable" seed="1144266713" result="Passed" start-time="2017-08-01 13:46:23Z" end-time="2017-08-01 13:46:23Z" duration="0.007746" asserts="1" />
          <test-case id="0-1048" name="RecursivelyListFilesRelativeTest" fullname="UpliftTesting.UnitTesting.FileSystemUtilsTest.RecursivelyListFilesRelativeTest" methodname="RecursivelyListFilesRelativeTest" classname="UpliftTesting.UnitTesting.FileSystemUtilsTest" runstate="Runnable" seed="869314128" result="Passed" start-time="2017-08-01 13:46:23Z" end-time="2017-08-01 13:46:23Z" duration="0.015358" asserts="1" />
          <test-case id="0-1047" name="RecursivelyListFilesTest" fullname="UpliftTesting.UnitTesting.FileSystemUtilsTest.RecursivelyListFilesTest" methodname="RecursivelyListFilesTest" classname="UpliftTesting.UnitTesting.FileSystemUtilsTest" runstate="Runnable" seed="1724861289" result="Passed" start-time="2017-08-01 13:46:23Z" end-time="2017-08-01 13:46:23Z" duration="0.015268" asserts="1" />
          <test-case id="0-1034" name="SaveTxtInFileTest" fullname="UpliftTesting.UnitTesting.FileSystemUtilsTest.SaveTxtInFileTest" methodname="SaveTxtInFileTest" classname="UpliftTesting.UnitTesting.FileSystemUtilsTest" runstate="Runnable" seed="1281205850" result="Passed" start-time="2017-08-01 13:46:23Z" end-time="2017-08-01 13:46:23Z" duration="0.006368" asserts="1" />
        </test-suite>
        <test-suite type="TestFixture" id="0-1006" name="GetterSetterTest" fullname="UpliftTesting.UnitTesting.GetterSetterTest" classname="UpliftTesting.UnitTesting.GetterSetterTest" runstate="Runnable" testcasecount="2" result="Passed" start-time="2017-08-01 13:46:23Z" end-time="2017-08-01 13:46:24Z" duration="0.741298" total="2" passed="2" failed="0" inconclusive="0" skipped="0" asserts="10">
          <test-case id="0-1007" name="ConfigurationPropertiesTest" fullname="UpliftTesting.UnitTesting.GetterSetterTest.ConfigurationPropertiesTest" methodname="ConfigurationPropertiesTest" classname="UpliftTesting.UnitTesting.GetterSetterTest" runstate="Runnable" seed="557540378" result="Passed" start-time="2017-08-01 13:46:23Z" end-time="2017-08-01 13:46:23Z" duration="0.641973" asserts="6" />
          <test-case id="0-1008" name="DependencyDefinitionPropertiesTest" fullname="UpliftTesting.UnitTesting.GetterSetterTest.DependencyDefinitionPropertiesTest" methodname="DependencyDefinitionPropertiesTest" classname="UpliftTesting.UnitTesting.GetterSetterTest" runstate="Runnable" seed="161929535" result="Passed" start-time="2017-08-01 13:46:23Z" end-time="2017-08-01 13:46:24Z" duration="0.017501" asserts="4" />
        </test-suite>
        <test-suite type="TestFixture" id="0-1009" name="InstalledPackagesTest" fullname="UpliftTesting.UnitTesting.InstalledPackagesTest" classname="UpliftTesting.UnitTesting.InstalledPackagesTest" runstate="Runnable" testcasecount="4" result="Passed" start-time="2017-08-01 13:46:24Z" end-time="2017-08-01 13:46:24Z" duration="0.277059" total="4" passed="4" failed="0" inconclusive="0" skipped="0" asserts="10">
          <test-case id="0-1012" name="NukeOtherInstallComplexTest" fullname="UpliftTesting.UnitTesting.InstalledPackagesTest.NukeOtherInstallComplexTest" methodname="NukeOtherInstallComplexTest" classname="UpliftTesting.UnitTesting.InstalledPackagesTest" runstate="Runnable" seed="45020009" result="Passed" start-time="2017-08-01 13:46:24Z" end-time="2017-08-01 13:46:24Z" duration="0.050498" asserts="4" />
          <test-case id="0-1011" name="NukeOtherInstallSimpleFileTest" fullname="UpliftTesting.UnitTesting.InstalledPackagesTest.NukeOtherInstallSimpleFileTest" methodname="NukeOtherInstallSimpleFileTest" classname="UpliftTesting.UnitTesting.InstalledPackagesTest" runstate="Runnable" seed="552264690" result="Passed" start-time="2017-08-01 13:46:24Z" end-time="2017-08-01 13:46:24Z" duration="0.035583" asserts="4" />
          <test-case id="0-1013" name="NukeOtherInstallWhenAbsentTest" fullname="UpliftTesting.UnitTesting.InstalledPackagesTest.NukeOtherInstallWhenAbsentTest" methodname="NukeOtherInstallWhenAbsentTest" classname="UpliftTesting.UnitTesting.InstalledPackagesTest" runstate="Runnable" seed="308411027" result="Passed" start-time="2017-08-01 13:46:24Z" end-time="2017-08-01 13:46:24Z" duration="0.018087" asserts="1" />
          <test-case id="0-1010" name="NukeRootInstallTest" fullname="UpliftTesting.UnitTesting.InstalledPackagesTest.NukeRootInstallTest" methodname="NukeRootInstallTest" classname="UpliftTesting.UnitTesting.InstalledPackagesTest" runstate="Runnable" seed="1991622811" result="Passed" start-time="2017-08-01 13:46:24Z" end-time="2017-08-01 13:46:24Z" duration="0.003034" asserts="1" />
        </test-suite>
        <test-suite type="TestFixture" id="0-1014" name="LatestSelectionStrategyTest" fullname="UpliftTesting.UnitTesting.LatestSelectionStrategyTest" classname="UpliftTesting.UnitTesting.LatestSelectionStrategyTest" runstate="Runnable" testcasecount="1" result="Passed" start-time="2017-08-01 13:46:24Z" end-time="2017-08-01 13:46:24Z" duration="0.104443" total="1" passed="1" failed="0" inconclusive="0" skipped="0" asserts="1">
          <test-case id="0-1015" name="FilterTest" fullname="UpliftTesting.UnitTesting.LatestSelectionStrategyTest.FilterTest" methodname="FilterTest" classname="UpliftTesting.UnitTesting.LatestSelectionStrategyTest" runstate="Runnable" seed="1957183509" result="Passed" start-time="2017-08-01 13:46:24Z" end-time="2017-08-01 13:46:24Z" duration="0.063949" asserts="1" />
        </test-suite>
        <test-suite type="TestFixture" id="0-1016" name="LocalHandlerTest" fullname="UpliftTesting.UnitTesting.LocalHandlerTest" classname="UpliftTesting.UnitTesting.LocalHandlerTest" runstate="Runnable" testcasecount="3" result="Passed" start-time="2017-08-01 13:46:24Z" end-time="2017-08-01 13:46:24Z" duration="0.238552" total="3" passed="3" failed="0" inconclusive="0" skipped="0" asserts="4">
          <test-case id="0-1019" name="GetPackageDirectory" fullname="UpliftTesting.UnitTesting.LocalHandlerTest.GetPackageDirectory" methodname="GetPackageDirectory" classname="UpliftTesting.UnitTesting.LocalHandlerTest" runstate="Runnable" seed="130934231" result="Passed" start-time="2017-08-01 13:46:24Z" end-time="2017-08-01 13:46:24Z" duration="0.000922" asserts="1" />
          <test-case id="0-1018" name="GetRepositoryInstallPathTest" fullname="UpliftTesting.UnitTesting.LocalHandlerTest.GetRepositoryInstallPathTest" methodname="GetRepositoryInstallPathTest" classname="UpliftTesting.UnitTesting.LocalHandlerTest" runstate="Runnable" seed="1019777865" result="Passed" start-time="2017-08-01 13:46:24Z" end-time="2017-08-01 13:46:24Z" duration="0.003880" asserts="1" />
          <test-case id="0-1017" name="NukeAllPackagesTest" fullname="UpliftTesting.UnitTesting.LocalHandlerTest.NukeAllPackagesTest" methodname="NukeAllPackagesTest" classname="UpliftTesting.UnitTesting.LocalHandlerTest" runstate="Runnable" seed="2004176560" result="Passed" start-time="2017-08-01 13:46:24Z" end-time="2017-08-01 13:46:24Z" duration="0.119477" asserts="2" />
        </test-suite>
        <test-suite type="TestFixture" id="0-1049" name="PackageHandlerTest" fullname="UpliftTesting.UnitTesting.PackageHandlerTest" classname="UpliftTesting.UnitTesting.PackageHandlerTest" runstate="Runnable" testcasecount="9" result="Passed" start-time="2017-08-01 13:46:24Z" end-time="2017-08-01 13:46:25Z" duration="0.844444" total="9" passed="9" failed="0" inconclusive="0" skipped="0" asserts="24">
          <test-case id="0-1050" name="FindCandidateForDefinitionTest" fullname="UpliftTesting.UnitTesting.PackageHandlerTest.FindCandidateForDefinitionTest" methodname="FindCandidateForDefinitionTest" classname="UpliftTesting.UnitTesting.PackageHandlerTest" runstate="Runnable" seed="1335491280" result="Passed" start-time="2017-08-01 13:46:24Z" end-time="2017-08-01 13:46:25Z" duration="0.330550" asserts="3" />
          <test-case id="0-1051" name="FindPackageAndRepositoryTest" fullname="UpliftTesting.UnitTesting.PackageHandlerTest.FindPackageAndRepositoryTest" methodname="FindPackageAndRepositoryTest" classname="UpliftTesting.UnitTesting.PackageHandlerTest" runstate="Runnable" seed="256851476" result="Passed" start-time="2017-08-01 13:46:25Z" end-time="2017-08-01 13:46:25Z" duration="0.005558" asserts="1" />
          <test-case id="0-1052" name="FindPackageAndRepositoryTestFail" fullname="UpliftTesting.UnitTesting.PackageHandlerTest.FindPackageAndRepositoryTestFail" methodname="FindPackageAndRepositoryTestFail" classname="UpliftTesting.UnitTesting.PackageHandlerTest" runstate="Runnable" seed="1115502142" result="Passed" start-time="2017-08-01 13:46:25Z" end-time="2017-08-01 13:46:25Z" duration="0.000891" asserts="1" />
          <test-case id="0-1058" name="PackageDependencyVersionComparison" fullname="UpliftTesting.UnitTesting.PackageHandlerTest.PackageDependencyVersionComparison" methodname="PackageDependencyVersionComparison" classname="UpliftTesting.UnitTesting.PackageHandlerTest" runstate="Runnable" seed="1624032157" result="Passed" start-time="2017-08-01 13:46:25Z" end-time="2017-08-01 13:46:25Z" duration="0.001176" asserts="1" />
          <test-case id="0-1054" name="SelectCandidatesMultipleStrategies" fullname="UpliftTesting.UnitTesting.PackageHandlerTest.SelectCandidatesMultipleStrategies" methodname="SelectCandidatesMultipleStrategies" classname="UpliftTesting.UnitTesting.PackageHandlerTest" runstate="Runnable" seed="416890667" result="Passed" start-time="2017-08-01 13:46:25Z" end-time="2017-08-01 13:46:25Z" duration="0.123500" asserts="3" />
          <test-case id="0-1053" name="SelectCandidatesSingleStrategy" fullname="UpliftTesting.UnitTesting.PackageHandlerTest.SelectCandidatesSingleStrategy" methodname="SelectCandidatesSingleStrategy" classname="UpliftTesting.UnitTesting.PackageHandlerTest" runstate="Runnable" seed="411753648" result="Passed" start-time="2017-08-01 13:46:25Z" end-time="2017-08-01 13:46:25Z" duration="0.010944" asserts="3" />
          <test-case id="0-1057" name="VersionComparisonTest" fullname="UpliftTesting.UnitTesting.PackageHandlerTest.VersionComparisonTest" methodname="VersionComparisonTest" classname="UpliftTesting.UnitTesting.PackageHandlerTest" runstate="Runnable" seed="2088445923" result="Passed" start-time="2017-08-01 13:46:25Z" end-time="2017-08-01 13:46:25Z" duration="0.003379" asserts="7" />
          <test-case id="0-1056" name="VersionParsingFailureTest" fullname="UpliftTesting.UnitTesting.PackageHandlerTest.VersionParsingFailureTest" methodname="VersionParsingFailureTest" classname="UpliftTesting.UnitTesting.PackageHandlerTest" runstate="Runnable" seed="1425268058" result="Passed" start-time="2017-08-01 13:46:25Z" end-time="2017-08-01 13:46:25Z" duration="0.015038" asserts="1" />
          <test-case id="0-1055" name="VersionStringParsingTest" fullname="UpliftTesting.UnitTesting.PackageHandlerTest.VersionStringParsingTest" methodname="VersionStringParsingTest" classname="UpliftTesting.UnitTesting.PackageHandlerTest" runstate="Runnable" seed="2010786367" result="Passed" start-time="2017-08-01 13:46:25Z" end-time="2017-08-01 13:46:25Z" duration="0.001760" asserts="4" />
        </test-suite>
        <test-suite type="TestFixture" id="0-1020" name="PackageListTest" fullname="UpliftTesting.UnitTesting.PackageListTest" classname="UpliftTesting.UnitTesting.PackageListTest" runstate="Runnable" testcasecount="7" result="Passed" start-time="2017-08-01 13:46:25Z" end-time="2017-08-01 13:46:26Z" duration="0.356884" total="7" passed="7" failed="0" inconclusive="0" skipped="0" asserts="14">
          <test-case id="0-1022" name="GetEmptyPackagesTest" fullname="UpliftTesting.UnitTesting.PackageListTest.GetEmptyPackagesTest" methodname="GetEmptyPackagesTest" classname="UpliftTesting.UnitTesting.PackageListTest" runstate="Runnable" seed="586800723" result="Passed" start-time="2017-08-01 13:46:25Z" end-time="2017-08-01 13:46:25Z" duration="0.002588" asserts="1" />
          <test-case id="0-1027" name="GetLatestPackageTest" fullname="UpliftTesting.UnitTesting.PackageListTest.GetLatestPackageTest" methodname="GetLatestPackageTest" classname="UpliftTesting.UnitTesting.PackageListTest" runstate="Runnable" seed="1908126987" result="Passed" start-time="2017-08-01 13:46:25Z" end-time="2017-08-01 13:46:25Z" duration="0.009219" asserts="1" />
          <test-case id="0-1026" name="LoadPackagesForceRefreshTest" fullname="UpliftTesting.UnitTesting.PackageListTest.LoadPackagesForceRefreshTest" methodname="LoadPackagesForceRefreshTest" classname="UpliftTesting.UnitTesting.PackageListTest" runstate="Runnable" seed="1518855278" result="Passed" start-time="2017-08-01 13:46:25Z" end-time="2017-08-01 13:46:25Z" duration="0.022708" asserts="4" />
          <test-case id="0-1025" name="LoadPackagesMultipleRepoTest" fullname="UpliftTesting.UnitTesting.PackageListTest.LoadPackagesMultipleRepoTest" methodname="LoadPackagesMultipleRepoTest" classname="UpliftTesting.UnitTesting.PackageListTest" runstate="Runnable" seed="862128451" result="Passed" start-time="2017-08-01 13:46:25Z" end-time="2017-08-01 13:46:25Z" duration="0.008534" asserts="4" />
          <test-case id="0-1023" name="LoadPackagesSingleRepoTest" fullname="UpliftTesting.UnitTesting.PackageListTest.LoadPackagesSingleRepoTest" methodname="LoadPackagesSingleRepoTest" classname="UpliftTesting.UnitTesting.PackageListTest" runstate="Runnable" seed="1220510968" result="Passed" start-time="2017-08-01 13:46:25Z" end-time="2017-08-01 13:46:25Z" duration="0.004131" asserts="1" />
          <test-case id="0-1021" name="PackageListUniqueInstanceTest" fullname="UpliftTesting.UnitTesting.PackageListTest.PackageListUniqueInstanceTest" methodname="PackageListUniqueInstanceTest" classname="UpliftTesting.UnitTesting.PackageListTest" runstate="Runnable" seed="1557925686" result="Passed" start-time="2017-08-01 13:46:25Z" end-time="2017-08-01 13:46:25Z" duration="0.001878" asserts="1" />
          <test-case id="0-1024" name="RefreshPackagesTest" fullname="UpliftTesting.UnitTesting.PackageListTest.RefreshPackagesTest" methodname="RefreshPackagesTest" classname="UpliftTesting.UnitTesting.PackageListTest" runstate="Runnable" seed="523158016" result="Passed" start-time="2017-08-01 13:46:26Z" end-time="2017-08-01 13:46:26Z" duration="0.004420" asserts="2" />
        </test-suite>
        <test-suite type="TestFixture" id="0-1059" name="UpbringTest" fullname="UpliftTesting.UnitTesting.UpbringTest" classname="UpliftTesting.UnitTesting.UpbringTest" runstate="Runnable" testcasecount="11" result="Passed" start-time="2017-08-01 13:46:26Z" end-time="2017-08-01 13:46:26Z" duration="0.499870" total="11" passed="11" failed="0" inconclusive="0" skipped="0" asserts="12">
          <test-case id="0-1062" name="AddExistingPackageTest" fullname="UpliftTesting.UnitTesting.UpbringTest.AddExistingPackageTest" methodname="AddExistingPackageTest" classname="UpliftTesting.UnitTesting.UpbringTest" runstate="Runnable" seed="1517542856" result="Passed" start-time="2017-08-01 13:46:26Z" end-time="2017-08-01 13:46:26Z" duration="0.004648" asserts="1" />
          <test-case id="0-1066" name="AddLocationNoMatchingPackage" fullname="UpliftTesting.UnitTesting.UpbringTest.AddLocationNoMatchingPackage" methodname="AddLocationNoMatchingPackage" classname="UpliftTesting.UnitTesting.UpbringTest" runstate="Runnable" seed="35433487" result="Passed" start-time="2017-08-01 13:46:26Z" end-time="2017-08-01 13:46:26Z" duration="0.003135" asserts="1" />
          <test-case id="0-1064" name="AddLocationWhenAnotherTest" fullname="UpliftTesting.UnitTesting.UpbringTest.AddLocationWhenAnotherTest" methodname="AddLocationWhenAnotherTest" classname="UpliftTesting.UnitTesting.UpbringTest" runstate="Runnable" seed="410723503" result="Passed" start-time="2017-08-01 13:46:26Z" end-time="2017-08-01 13:46:26Z" duration="0.002076" asserts="1" />
          <test-case id="0-1065" name="AddLocationWhenExistingTest" fullname="UpliftTesting.UnitTesting.UpbringTest.AddLocationWhenExistingTest" methodname="AddLocationWhenExistingTest" classname="UpliftTesting.UnitTesting.UpbringTest" runstate="Runnable" seed="820703598" result="Passed" start-time="2017-08-01 13:46:26Z" end-time="2017-08-01 13:46:26Z" duration="0.001314" asserts="1" />
          <test-case id="0-1063" name="AddLocationWhenNoneTest" fullname="UpliftTesting.UnitTesting.UpbringTest.AddLocationWhenNoneTest" methodname="AddLocationWhenNoneTest" classname="UpliftTesting.UnitTesting.UpbringTest" runstate="Runnable" seed="1173731969" result="Passed" start-time="2017-08-01 13:46:26Z" end-time="2017-08-01 13:46:26Z" duration="0.001094" asserts="1" />
          <test-case id="0-1061" name="AddPackageTest" fullname="UpliftTesting.UnitTesting.UpbringTest.AddPackageTest" methodname="AddPackageTest" classname="UpliftTesting.UnitTesting.UpbringTest" runstate="Runnable" seed="1959763968" result="Passed" start-time="2017-08-01 13:46:26Z" end-time="2017-08-01 13:46:26Z" duration="0.002452" asserts="2" />
          <test-case id="0-1068" name="FromXmlWhenAbsentTest" fullname="UpliftTesting.UnitTesting.UpbringTest.FromXmlWhenAbsentTest" methodname="FromXmlWhenAbsentTest" classname="UpliftTesting.UnitTesting.UpbringTest" runstate="Runnable" seed="973836306" result="Passed" start-time="2017-08-01 13:46:26Z" end-time="2017-08-01 13:46:26Z" duration="0.005452" asserts="1" />
          <test-case id="0-1067" name="FromXmlWhenPresentTest" fullname="UpliftTesting.UnitTesting.UpbringTest.FromXmlWhenPresentTest" methodname="FromXmlWhenPresentTest" classname="UpliftTesting.UnitTesting.UpbringTest" runstate="Runnable" seed="2115561029" result="Passed" start-time="2017-08-01 13:46:26Z" end-time="2017-08-01 13:46:26Z" duration="0.014347" asserts="1" />
          <test-case id="0-1060" name="GetInstalledPackageTest" fullname="UpliftTesting.UnitTesting.UpbringTest.GetInstalledPackageTest" methodname="GetInstalledPackageTest" classname="UpliftTesting.UnitTesting.UpbringTest" runstate="Runnable" seed="1068721472" result="Passed" start-time="2017-08-01 13:46:26Z" end-time="2017-08-01 13:46:26Z" duration="0.003785" asserts="1" />
          <test-case id="0-1070" name="RemoveFileTest" fullname="UpliftTesting.UnitTesting.UpbringTest.RemoveFileTest" methodname="RemoveFileTest" classname="UpliftTesting.UnitTesting.UpbringTest" runstate="Runnable" seed="192414865" result="Passed" start-time="2017-08-01 13:46:26Z" end-time="2017-08-01 13:46:26Z" duration="0.006377" asserts="1" />
          <test-case id="0-1069" name="SaveFileTest" fullname="UpliftTesting.UnitTesting.UpbringTest.SaveFileTest" methodname="SaveFileTest" classname="UpliftTesting.UnitTesting.UpbringTest" runstate="Runnable" seed="806640903" result="Passed" start-time="2017-08-01 13:46:26Z" end-time="2017-08-01 13:46:26Z" duration="0.013700" asserts="1" />
        </test-suite>
        <test-suite type="TestFixture" id="0-1071" name="UpfileHandlerTest" fullname="UpliftTesting.UnitTesting.UpfileHandlerTest" classname="UpliftTesting.UnitTesting.UpfileHandlerTest" runstate="Runnable" testcasecount="13" result="Passed" start-time="2017-08-01 13:46:26Z" end-time="2017-08-01 13:46:27Z" duration="0.608741" total="13" passed="13" failed="0" inconclusive="0" skipped="0" asserts="17">
          <test-case id="0-1073" name="CheckForUpfileTest" fullname="UpliftTesting.UnitTesting.UpfileHandlerTest.CheckForUpfileTest" methodname="CheckForUpfileTest" classname="UpliftTesting.UnitTesting.UpfileHandlerTest" runstate="Runnable" seed="2054830974" result="Passed" start-time="2017-08-01 13:46:26Z" end-time="2017-08-01 13:46:26Z" duration="0.005736" asserts="1" />
          <test-case id="0-1074" name="CheckForUpfileTestFail" fullname="UpliftTesting.UnitTesting.UpfileHandlerTest.CheckForUpfileTestFail" methodname="CheckForUpfileTestFail" classname="UpliftTesting.UnitTesting.UpfileHandlerTest" runstate="Runnable" seed="1333476654" result="Passed" start-time="2017-08-01 13:46:26Z" end-time="2017-08-01 13:46:26Z" duration="0.003073" asserts="1" />
          <test-case id="0-1082" name="GetDestinationDefaultTest" fullname="UpliftTesting.UnitTesting.UpfileHandlerTest.GetDestinationDefaultTest" methodname="GetDestinationDefaultTest" classname="UpliftTesting.UnitTesting.UpfileHandlerTest" runstate="Runnable" seed="393429003" result="Passed" start-time="2017-08-01 13:46:26Z" end-time="2017-08-01 13:46:26Z" duration="0.002181" asserts="1" />
          <test-case id="0-1078" name="GetDestinationForBaseTest" fullname="UpliftTesting.UnitTesting.UpfileHandlerTest.GetDestinationForBaseTest" methodname="GetDestinationForBaseTest" classname="UpliftTesting.UnitTesting.UpfileHandlerTest" runstate="Runnable" seed="1868788847" result="Passed" start-time="2017-08-01 13:46:26Z" end-time="2017-08-01 13:46:26Z" duration="0.001007" asserts="1" />
          <test-case id="0-1079" name="GetDestinationForDocsTest" fullname="UpliftTesting.UnitTesting.UpfileHandlerTest.GetDestinationForDocsTest" methodname="GetDestinationForDocsTest" classname="UpliftTesting.UnitTesting.UpfileHandlerTest" runstate="Runnable" seed="512755989" result="Passed" start-time="2017-08-01 13:46:26Z" end-time="2017-08-01 13:46:26Z" duration="0.000970" asserts="1" />
          <test-case id="0-1080" name="GetDestinationForExamplesTest" fullname="UpliftTesting.UnitTesting.UpfileHandlerTest.GetDestinationForExamplesTest" methodname="GetDestinationForExamplesTest" classname="UpliftTesting.UnitTesting.UpfileHandlerTest" runstate="Runnable" seed="398039561" result="Passed" start-time="2017-08-01 13:46:26Z" end-time="2017-08-01 13:46:26Z" duration="0.001039" asserts="1" />
          <test-case id="0-1083" name="GetDestinationForGenericPluginTest" fullname="UpliftTesting.UnitTesting.UpfileHandlerTest.GetDestinationForGenericPluginTest" methodname="GetDestinationForGenericPluginTest" classname="UpliftTesting.UnitTesting.UpfileHandlerTest" runstate="Runnable" seed="1768222538" result="Passed" start-time="2017-08-01 13:46:26Z" end-time="2017-08-01 13:46:26Z" duration="0.002381" asserts="2" />
          <test-case id="0-1084" name="GetDestinationForIOSPluginTest" fullname="UpliftTesting.UnitTesting.UpfileHandlerTest.GetDestinationForIOSPluginTest" methodname="GetDestinationForIOSPluginTest" classname="UpliftTesting.UnitTesting.UpfileHandlerTest" runstate="Runnable" seed="1380795469" result="Passed" start-time="2017-08-01 13:46:26Z" end-time="2017-08-01 13:46:26Z" duration="0.001213" asserts="2" />
          <test-case id="0-1081" name="GetDestinationForMediaTest" fullname="UpliftTesting.UnitTesting.UpfileHandlerTest.GetDestinationForMediaTest" methodname="GetDestinationForMediaTest" classname="UpliftTesting.UnitTesting.UpfileHandlerTest" runstate="Runnable" seed="123013852" result="Passed" start-time="2017-08-01 13:46:26Z" end-time="2017-08-01 13:46:26Z" duration="0.000993" asserts="1" />
          <test-case id="0-1077" name="GetPackagesRootPathTest" fullname="UpliftTesting.UnitTesting.UpfileHandlerTest.GetPackagesRootPathTest" methodname="GetPackagesRootPathTest" classname="UpliftTesting.UnitTesting.UpfileHandlerTest" runstate="Runnable" seed="651654004" result="Passed" start-time="2017-08-01 13:46:27Z" end-time="2017-08-01 13:46:27Z" duration="0.000775" asserts="1" />
          <test-case id="0-1076" name="LoadPackagesListTest" fullname="UpliftTesting.UnitTesting.UpfileHandlerTest.LoadPackagesListTest" methodname="LoadPackagesListTest" classname="UpliftTesting.UnitTesting.UpfileHandlerTest" runstate="Runnable" seed="1001418289" result="Passed" start-time="2017-08-01 13:46:27Z" end-time="2017-08-01 13:46:27Z" duration="0.004854" asserts="1" />
          <test-case id="0-1075" name="LoadUpfileTest" fullname="UpliftTesting.UnitTesting.UpfileHandlerTest.LoadUpfileTest" methodname="LoadUpfileTest" classname="UpliftTesting.UnitTesting.UpfileHandlerTest" runstate="Runnable" seed="361519610" result="Passed" start-time="2017-08-01 13:46:27Z" end-time="2017-08-01 13:46:27Z" duration="0.091321" asserts="3" />
          <test-case id="0-1072" name="UpfileHandlerUniqueInstanceTest" fullname="UpliftTesting.UnitTesting.UpfileHandlerTest.UpfileHandlerUniqueInstanceTest" methodname="UpfileHandlerUniqueInstanceTest" classname="UpliftTesting.UnitTesting.UpfileHandlerTest" runstate="Runnable" seed="483540890" result="Passed" start-time="2017-08-01 13:46:27Z" end-time="2017-08-01 13:46:27Z" duration="0.000492" asserts="1" />
        </test-suite>
      </test-suite>
    </test-suite>
  </test-suite>
</test-run>