<?xml version="1.0" encoding="utf-8" standalone="no"?>
<test-run id="2" testcasecount="66" result="Failed" total="59" passed="53" failed="4" inconclusive="0" skipped="2" asserts="95" engine-version="3.7.0.0" clr-version="4.0.30319.42000" start-time="2017-08-18 12:23:00Z" end-time="2017-08-18 12:23:06Z" duration="5.517291">
  <command-line><![CDATA[..\packages\NUnit.ConsoleRunner.3.7.0\tools\nunit3-console.exe  ..\bin\Debug\UpliftTesting.dll --result=UnitTest.xml --where "test =~ /UnitTesting/"]]></command-line>
  <filter>
    <test re="1">UnitTesting</test>
  </filter>
  <test-suite type="Assembly" id="0-1080" name="UpliftTesting.dll" fullname="C:\Users\Paul\Documents\Work\uplift\UpliftTesting\bin\Debug\UpliftTesting.dll" runstate="Runnable" testcasecount="66" result="Failed" site="Child" start-time="2017-08-18 12:23:02Z" end-time="2017-08-18 12:23:06Z" duration="3.356023" total="59" passed="53" failed="4" warnings="0" inconclusive="0" skipped="2" asserts="95">
    <environment framework-version="3.7.1.0" clr-version="4.0.30319.42000" os-version="Microsoft Windows NT 10.0.15063.0" platform="Win32NT" cwd="C:\Users\Paul\Documents\Work\uplift\UpliftTesting\TestResults" machine-name="PC_PAUL" user="Paul" user-domain="PC_PAUL" culture="fr-FR" uiculture="fr-FR" os-architecture="x64" />
    <settings>
      <setting name="DisposeRunners" value="True" />
      <setting name="WorkDirectory" value="C:\Users\Paul\Documents\Work\uplift\UpliftTesting\TestResults" />
      <setting name="ImageRuntimeVersion" value="4.0.30319" />
      <setting name="ImageTargetFrameworkName" value=".NETFramework,Version=v4.5.2" />
      <setting name="ImageRequiresX86" value="False" />
      <setting name="ImageRequiresDefaultAppDomainAssemblyResolver" value="False" />
      <setting name="NumberOfTestWorkers" value="8" />
    </settings>
    <properties>
      <property name="_PID" value="8728" />
      <property name="_APPDOMAIN" value="domain-" />
    </properties>
    <failure>
      <message><![CDATA[One or more child tests had errors]]></message>
    </failure>
    <test-suite type="SetUpFixture" id="0-1000" name="UpliftTesting" fullname="UpliftTesting.TestSetup" classname="UpliftTesting.TestSetup" runstate="Runnable" testcasecount="66" result="Failed" site="Child" start-time="2017-08-18 12:23:02Z" end-time="2017-08-18 12:23:06Z" duration="3.286191" total="59" passed="53" failed="4" warnings="0" inconclusive="0" skipped="2" asserts="95">
      <failure>
        <message><![CDATA[One or more child tests had errors]]></message>
      </failure>
      <test-suite type="TestSuite" id="0-1082" name="UnitTesting" fullname="UpliftTesting.UnitTesting" runstate="Runnable" testcasecount="59" result="Failed" site="Child" start-time="2017-08-18 12:23:03Z" end-time="2017-08-18 12:23:06Z" duration="3.252673" total="59" passed="53" failed="4" warnings="0" inconclusive="0" skipped="2" asserts="95">
        <failure>
          <message><![CDATA[One or more child tests had errors]]></message>
        </failure>
        <test-suite type="TestFixture" id="0-1001" name="FileRepositoryTest" fullname="UpliftTesting.UnitTesting.FileRepositoryTest" classname="UpliftTesting.UnitTesting.FileRepositoryTest" runstate="Runnable" testcasecount="5" result="Passed" start-time="2017-08-18 12:23:03Z" end-time="2017-08-18 12:23:04Z" duration="1.704660" total="5" passed="5" failed="0" warnings="0" inconclusive="0" skipped="0" asserts="15">
          <test-case id="0-1006" name="DownloadPackageFromBadFormatTest" fullname="UpliftTesting.UnitTesting.FileRepositoryTest.DownloadPackageFromBadFormatTest" methodname="DownloadPackageFromBadFormatTest" classname="UpliftTesting.UnitTesting.FileRepositoryTest" runstate="Runnable" seed="1620293979" result="Passed" start-time="2017-08-18 12:23:03Z" end-time="2017-08-18 12:23:03Z" duration="0.059354" asserts="2" />
          <test-case id="0-1004" name="DownloadPackageFromDirectoryTest" fullname="UpliftTesting.UnitTesting.FileRepositoryTest.DownloadPackageFromDirectoryTest" methodname="DownloadPackageFromDirectoryTest" classname="UpliftTesting.UnitTesting.FileRepositoryTest" runstate="Runnable" seed="367763154" result="Passed" start-time="2017-08-18 12:23:03Z" end-time="2017-08-18 12:23:03Z" duration="0.045195" asserts="2" />
          <test-case id="0-1005" name="DownloadPackageFromUnityPackageTest" fullname="UpliftTesting.UnitTesting.FileRepositoryTest.DownloadPackageFromUnityPackageTest" methodname="DownloadPackageFromUnityPackageTest" classname="UpliftTesting.UnitTesting.FileRepositoryTest" runstate="Runnable" seed="1035307746" result="Passed" start-time="2017-08-18 12:23:03Z" end-time="2017-08-18 12:23:03Z" duration="0.143367" asserts="4" />
          <test-case id="0-1003" name="ListPackagesFromDirectoriesTest" fullname="UpliftTesting.UnitTesting.FileRepositoryTest.ListPackagesFromDirectoriesTest" methodname="ListPackagesFromDirectoriesTest" classname="UpliftTesting.UnitTesting.FileRepositoryTest" runstate="Runnable" seed="1446095153" result="Passed" start-time="2017-08-18 12:23:03Z" end-time="2017-08-18 12:23:04Z" duration="1.415479" asserts="4" />
          <test-case id="0-1002" name="ListPackagesFromUnityPackagesTest" fullname="UpliftTesting.UnitTesting.FileRepositoryTest.ListPackagesFromUnityPackagesTest" methodname="ListPackagesFromUnityPackagesTest" classname="UpliftTesting.UnitTesting.FileRepositoryTest" runstate="Runnable" seed="1809351485" result="Passed" start-time="2017-08-18 12:23:04Z" end-time="2017-08-18 12:23:04Z" duration="0.011312" asserts="3" />
        </test-suite>
        <test-suite type="TestFixture" id="0-1007" name="FileSystemUtilsTest" fullname="UpliftTesting.UnitTesting.FileSystemUtilsTest" classname="UpliftTesting.UnitTesting.FileSystemUtilsTest" runstate="Runnable" testcasecount="20" result="Passed" start-time="2017-08-18 12:23:04Z" end-time="2017-08-18 12:23:04Z" duration="0.201362" total="20" passed="18" failed="0" warnings="0" inconclusive="0" skipped="2" asserts="19">
          <test-case id="0-1025" name="CopyAndIgnoreDirectoryTest" fullname="UpliftTesting.UnitTesting.FileSystemUtilsTest.CopyAndIgnoreDirectoryTest" methodname="CopyAndIgnoreDirectoryTest" classname="UpliftTesting.UnitTesting.FileSystemUtilsTest" runstate="Runnable" seed="1516827996" result="Passed" start-time="2017-08-18 12:23:04Z" end-time="2017-08-18 12:23:04Z" duration="0.014905" asserts="2" />
          <test-case id="0-1024" name="CopyDirectoryRecursivelyTest" fullname="UpliftTesting.UnitTesting.FileSystemUtilsTest.CopyDirectoryRecursivelyTest" methodname="CopyDirectoryRecursivelyTest" classname="UpliftTesting.UnitTesting.FileSystemUtilsTest" runstate="Runnable" seed="527691127" result="Passed" start-time="2017-08-18 12:23:04Z" end-time="2017-08-18 12:23:04Z" duration="0.009009" asserts="1" />
          <test-case id="0-1022" name="CopyDirectoryTest" fullname="UpliftTesting.UnitTesting.FileSystemUtilsTest.CopyDirectoryTest" methodname="CopyDirectoryTest" classname="UpliftTesting.UnitTesting.FileSystemUtilsTest" runstate="Runnable" seed="1099241269" result="Passed" start-time="2017-08-18 12:23:04Z" end-time="2017-08-18 12:23:04Z" duration="0.005076" asserts="1" />
          <test-case id="0-1023" name="CopyToExitstingDirectoryTest" fullname="UpliftTesting.UnitTesting.FileSystemUtilsTest.CopyToExitstingDirectoryTest" methodname="CopyToExitstingDirectoryTest" classname="UpliftTesting.UnitTesting.FileSystemUtilsTest" runstate="Runnable" seed="1539646359" result="Passed" start-time="2017-08-18 12:23:04Z" end-time="2017-08-18 12:23:04Z" duration="0.006048" asserts="1" />
          <test-case id="0-1009" name="EnsureMissingParentExistsTest" fullname="UpliftTesting.UnitTesting.FileSystemUtilsTest.EnsureMissingParentExistsTest" methodname="EnsureMissingParentExistsTest" classname="UpliftTesting.UnitTesting.FileSystemUtilsTest" runstate="Runnable" seed="12907993" result="Passed" start-time="2017-08-18 12:23:04Z" end-time="2017-08-18 12:23:04Z" duration="0.003206" asserts="1" />
          <test-case id="0-1010" name="EnsurePresentParentExistsTest" fullname="UpliftTesting.UnitTesting.FileSystemUtilsTest.EnsurePresentParentExistsTest" methodname="EnsurePresentParentExistsTest" classname="UpliftTesting.UnitTesting.FileSystemUtilsTest" runstate="Runnable" seed="1072478671" result="Passed" start-time="2017-08-18 12:23:04Z" end-time="2017-08-18 12:23:04Z" duration="0.003274" asserts="1" />
          <test-case id="0-1011" name="GetAbsolutePathTest" fullname="UpliftTesting.UnitTesting.FileSystemUtilsTest.GetAbsolutePathTest" methodname="GetAbsolutePathTest" classname="UpliftTesting.UnitTesting.FileSystemUtilsTest" runstate="Runnable" seed="1862393607" result="Passed" start-time="2017-08-18 12:23:04Z" end-time="2017-08-18 12:23:04Z" duration="0.003856" asserts="1" />
          <test-case id="0-1012" name="GetAbsolutePathTestFail" fullname="UpliftTesting.UnitTesting.FileSystemUtilsTest.GetAbsolutePathTestFail" methodname="GetAbsolutePathTestFail" classname="UpliftTesting.UnitTesting.FileSystemUtilsTest" runstate="Runnable" seed="430935649" result="Passed" start-time="2017-08-18 12:23:04Z" end-time="2017-08-18 12:23:04Z" duration="0.002299" asserts="1" />
          <test-case id="0-1020" name="GetFilesEmptyTest" fullname="UpliftTesting.UnitTesting.FileSystemUtilsTest.GetFilesEmptyTest" methodname="GetFilesEmptyTest" classname="UpliftTesting.UnitTesting.FileSystemUtilsTest" runstate="Runnable" seed="1203492979" result="Passed" start-time="2017-08-18 12:23:04Z" end-time="2017-08-18 12:23:04Z" duration="0.011704" asserts="1" />
          <test-case id="0-1021" name="GetFilesFromNonExistentDirectoryTest" fullname="UpliftTesting.UnitTesting.FileSystemUtilsTest.GetFilesFromNonExistentDirectoryTest" methodname="GetFilesFromNonExistentDirectoryTest" classname="UpliftTesting.UnitTesting.FileSystemUtilsTest" runstate="Runnable" seed="1967908969" result="Passed" start-time="2017-08-18 12:23:04Z" end-time="2017-08-18 12:23:04Z" duration="0.000864" asserts="1" />
          <test-case id="0-1019" name="GetFilesRecursivelyTest" fullname="UpliftTesting.UnitTesting.FileSystemUtilsTest.GetFilesRecursivelyTest" methodname="GetFilesRecursivelyTest" classname="UpliftTesting.UnitTesting.FileSystemUtilsTest" runstate="Runnable" seed="1173545622" result="Passed" start-time="2017-08-18 12:23:04Z" end-time="2017-08-18 12:23:04Z" duration="0.015913" asserts="1" />
          <test-case id="0-1018" name="GetFilesTest" fullname="UpliftTesting.UnitTesting.FileSystemUtilsTest.GetFilesTest" methodname="GetFilesTest" classname="UpliftTesting.UnitTesting.FileSystemUtilsTest" runstate="Runnable" seed="1174197166" result="Passed" start-time="2017-08-18 12:23:04Z" end-time="2017-08-18 12:23:04Z" duration="0.009346" asserts="1" />
          <test-case id="0-1008" name="JoinPathsTest" fullname="UpliftTesting.UnitTesting.FileSystemUtilsTest.JoinPathsTest" methodname="JoinPathsTest" classname="UpliftTesting.UnitTesting.FileSystemUtilsTest" runstate="Runnable" seed="535177467" result="Passed" start-time="2017-08-18 12:23:04Z" end-time="2017-08-18 12:23:04Z" duration="0.001443" asserts="1" />
          <test-case id="0-1014" name="ReadTxtInFileTest" fullname="UpliftTesting.UnitTesting.FileSystemUtilsTest.ReadTxtInFileTest" methodname="ReadTxtInFileTest" classname="UpliftTesting.UnitTesting.FileSystemUtilsTest" runstate="Runnable" seed="707538389" result="Passed" start-time="2017-08-18 12:23:04Z" end-time="2017-08-18 12:23:04Z" duration="0.007044" asserts="1" />
          <test-case id="0-1016" name="RecursivelyDirPathsTestLinux" fullname="UpliftTesting.UnitTesting.FileSystemUtilsTest.RecursivelyDirPathsTestLinux" methodname="RecursivelyDirPathsTestLinux" classname="UpliftTesting.UnitTesting.FileSystemUtilsTest" runstate="Skipped" seed="710557680" result="Skipped" start-time="2017-08-18 12:23:04Z" end-time="2017-08-18 12:23:04Z" duration="0.002390" asserts="0">
            <properties>
              <property name="_SKIPREASON" value="Only supported on Linux" />
            </properties>
            <reason>
              <message><![CDATA[Only supported on Linux]]></message>
            </reason>
          </test-case>
          <test-case id="0-1017" name="RecursivelyDirPathsTestMac" fullname="UpliftTesting.UnitTesting.FileSystemUtilsTest.RecursivelyDirPathsTestMac" methodname="RecursivelyDirPathsTestMac" classname="UpliftTesting.UnitTesting.FileSystemUtilsTest" runstate="Skipped" seed="2132636315" result="Skipped" start-time="2017-08-18 12:23:04Z" end-time="2017-08-18 12:23:04Z" duration="0.000047" asserts="0">
            <properties>
              <property name="_SKIPREASON" value="Not supported on Win,Linux" />
            </properties>
            <reason>
              <message><![CDATA[Not supported on Win,Linux]]></message>
            </reason>
          </test-case>
          <test-case id="0-1015" name="RecursivelyDirPathsTestWindows" fullname="UpliftTesting.UnitTesting.FileSystemUtilsTest.RecursivelyDirPathsTestWindows" methodname="RecursivelyDirPathsTestWindows" classname="UpliftTesting.UnitTesting.FileSystemUtilsTest" runstate="Runnable" seed="1041578337" result="Passed" start-time="2017-08-18 12:23:04Z" end-time="2017-08-18 12:23:04Z" duration="0.004985" asserts="1" />
          <test-case id="0-1027" name="RecursivelyListFilesRelativeTest" fullname="UpliftTesting.UnitTesting.FileSystemUtilsTest.RecursivelyListFilesRelativeTest" methodname="RecursivelyListFilesRelativeTest" classname="UpliftTesting.UnitTesting.FileSystemUtilsTest" runstate="Runnable" seed="1705570403" result="Passed" start-time="2017-08-18 12:23:04Z" end-time="2017-08-18 12:23:04Z" duration="0.014647" asserts="1" />
          <test-case id="0-1026" name="RecursivelyListFilesTest" fullname="UpliftTesting.UnitTesting.FileSystemUtilsTest.RecursivelyListFilesTest" methodname="RecursivelyListFilesTest" classname="UpliftTesting.UnitTesting.FileSystemUtilsTest" runstate="Runnable" seed="2048219456" result="Passed" start-time="2017-08-18 12:23:04Z" end-time="2017-08-18 12:23:04Z" duration="0.014537" asserts="1" />
          <test-case id="0-1013" name="SaveTxtInFileTest" fullname="UpliftTesting.UnitTesting.FileSystemUtilsTest.SaveTxtInFileTest" methodname="SaveTxtInFileTest" classname="UpliftTesting.UnitTesting.FileSystemUtilsTest" runstate="Runnable" seed="1323581903" result="Passed" start-time="2017-08-18 12:23:04Z" end-time="2017-08-18 12:23:04Z" duration="0.005590" asserts="1" />
        </test-suite>
        <test-suite type="TestFixture" id="0-1028" name="GetterSetterTest" fullname="UpliftTesting.UnitTesting.GetterSetterTest" classname="UpliftTesting.UnitTesting.GetterSetterTest" runstate="Runnable" testcasecount="2" result="Passed" start-time="2017-08-18 12:23:04Z" end-time="2017-08-18 12:23:05Z" duration="0.508382" total="2" passed="2" failed="0" warnings="0" inconclusive="0" skipped="0" asserts="10">
          <test-case id="0-1029" name="ConfigurationPropertiesTest" fullname="UpliftTesting.UnitTesting.GetterSetterTest.ConfigurationPropertiesTest" methodname="ConfigurationPropertiesTest" classname="UpliftTesting.UnitTesting.GetterSetterTest" runstate="Runnable" seed="299604406" result="Passed" start-time="2017-08-18 12:23:04Z" end-time="2017-08-18 12:23:05Z" duration="0.484633" asserts="6" />
          <test-case id="0-1030" name="DependencyDefinitionPropertiesTest" fullname="UpliftTesting.UnitTesting.GetterSetterTest.DependencyDefinitionPropertiesTest" methodname="DependencyDefinitionPropertiesTest" classname="UpliftTesting.UnitTesting.GetterSetterTest" runstate="Runnable" seed="15686455" result="Passed" start-time="2017-08-18 12:23:05Z" end-time="2017-08-18 12:23:05Z" duration="0.016798" asserts="4" />
        </test-suite>
        <test-suite type="TestFixture" id="0-1031" name="InstalledPackagesTest" fullname="UpliftTesting.UnitTesting.InstalledPackagesTest" classname="UpliftTesting.UnitTesting.InstalledPackagesTest" runstate="Runnable" testcasecount="4" result="Failed" site="Child" start-time="2017-08-18 12:23:05Z" end-time="2017-08-18 12:23:05Z" duration="0.036246" total="4" passed="0" failed="4" warnings="0" inconclusive="0" skipped="0" asserts="0">
          <failure>
            <message><![CDATA[One or more child tests had errors]]></message>
          </failure>
          <test-case id="0-1034" name="NukeOtherInstallComplexTest" fullname="UpliftTesting.UnitTesting.InstalledPackagesTest.NukeOtherInstallComplexTest" methodname="NukeOtherInstallComplexTest" classname="UpliftTesting.UnitTesting.InstalledPackagesTest" runstate="Runnable" seed="1391828309" result="Failed" label="Error" start-time="2017-08-18 12:23:05Z" end-time="2017-08-18 12:23:05Z" duration="0.018337" asserts="0">
            <failure>
              <message><![CDATA[System.NotSupportedException : Nuking from tests is not currently supported]]></message>
              <stack-trace><![CDATA[   à UpliftTesting.UnitTesting.InstalledPackagesTest.NukeOtherInstallComplexTest() dans C:\Users\Paul\Documents\Work\uplift\UpliftTesting\UnitTesting\InstalledPackagesTest.cs:ligne 86]]></stack-trace>
            </failure>
          </test-case>
          <test-case id="0-1033" name="NukeOtherInstallSimpleFileTest" fullname="UpliftTesting.UnitTesting.InstalledPackagesTest.NukeOtherInstallSimpleFileTest" methodname="NukeOtherInstallSimpleFileTest" classname="UpliftTesting.UnitTesting.InstalledPackagesTest" runstate="Runnable" seed="87663432" result="Failed" label="Error" start-time="2017-08-18 12:23:05Z" end-time="2017-08-18 12:23:05Z" duration="0.001581" asserts="0">
            <failure>
              <message><![CDATA[System.NotSupportedException : Nuking from tests is not currently supported]]></message>
              <stack-trace><![CDATA[   à UpliftTesting.UnitTesting.InstalledPackagesTest.NukeOtherInstallSimpleFileTest() dans C:\Users\Paul\Documents\Work\uplift\UpliftTesting\UnitTesting\InstalledPackagesTest.cs:ligne 48]]></stack-trace>
            </failure>
          </test-case>
          <test-case id="0-1035" name="NukeOtherInstallWhenAbsentTest" fullname="UpliftTesting.UnitTesting.InstalledPackagesTest.NukeOtherInstallWhenAbsentTest" methodname="NukeOtherInstallWhenAbsentTest" classname="UpliftTesting.UnitTesting.InstalledPackagesTest" runstate="Runnable" seed="192393424" result="Failed" label="Error" start-time="2017-08-18 12:23:05Z" end-time="2017-08-18 12:23:05Z" duration="0.001501" asserts="0">
            <failure>
              <message><![CDATA[System.NotSupportedException : Nuking from tests is not currently supported]]></message>
              <stack-trace><![CDATA[   à UpliftTesting.UnitTesting.InstalledPackagesTest.NukeOtherInstallWhenAbsentTest() dans C:\Users\Paul\Documents\Work\uplift\UpliftTesting\UnitTesting\InstalledPackagesTest.cs:ligne 124]]></stack-trace>
            </failure>
          </test-case>
          <test-case id="0-1032" name="NukeRootInstallTest" fullname="UpliftTesting.UnitTesting.InstalledPackagesTest.NukeRootInstallTest" methodname="NukeRootInstallTest" classname="UpliftTesting.UnitTesting.InstalledPackagesTest" runstate="Runnable" seed="1318478888" result="Failed" label="Error" start-time="2017-08-18 12:23:05Z" end-time="2017-08-18 12:23:05Z" duration="0.001577" asserts="0">
            <failure>
              <message><![CDATA[System.NotSupportedException : Nuking from tests is not currently supported]]></message>
              <stack-trace><![CDATA[   à UpliftTesting.UnitTesting.InstalledPackagesTest.NukeRootInstallTest() dans C:\Users\Paul\Documents\Work\uplift\UpliftTesting\UnitTesting\InstalledPackagesTest.cs:ligne 22]]></stack-trace>
            </failure>
          </test-case>
        </test-suite>
        <test-suite type="TestFixture" id="0-1036" name="LatestSelectionStrategyTest" fullname="UpliftTesting.UnitTesting.LatestSelectionStrategyTest" classname="UpliftTesting.UnitTesting.LatestSelectionStrategyTest" runstate="Runnable" testcasecount="1" result="Passed" start-time="2017-08-18 12:23:05Z" end-time="2017-08-18 12:23:05Z" duration="0.042552" total="1" passed="1" failed="0" warnings="0" inconclusive="0" skipped="0" asserts="1">
          <test-case id="0-1037" name="FilterTest" fullname="UpliftTesting.UnitTesting.LatestSelectionStrategyTest.FilterTest" methodname="FilterTest" classname="UpliftTesting.UnitTesting.LatestSelectionStrategyTest" runstate="Runnable" seed="620449643" result="Passed" start-time="2017-08-18 12:23:05Z" end-time="2017-08-18 12:23:05Z" duration="0.039082" asserts="1" />
        </test-suite>
        <test-suite type="TestFixture" id="0-1038" name="PackageHandlerTest" fullname="UpliftTesting.UnitTesting.PackageHandlerTest" classname="UpliftTesting.UnitTesting.PackageHandlerTest" runstate="Runnable" testcasecount="9" result="Passed" start-time="2017-08-18 12:23:05Z" end-time="2017-08-18 12:23:06Z" duration="0.496138" total="9" passed="9" failed="0" warnings="0" inconclusive="0" skipped="0" asserts="24">
          <test-case id="0-1039" name="FindCandidateForDefinitionTest" fullname="UpliftTesting.UnitTesting.PackageHandlerTest.FindCandidateForDefinitionTest" methodname="FindCandidateForDefinitionTest" classname="UpliftTesting.UnitTesting.PackageHandlerTest" runstate="Runnable" seed="123626435" result="Passed" start-time="2017-08-18 12:23:05Z" end-time="2017-08-18 12:23:05Z" duration="0.314961" asserts="3" />
          <test-case id="0-1040" name="FindPackageAndRepositoryTest" fullname="UpliftTesting.UnitTesting.PackageHandlerTest.FindPackageAndRepositoryTest" methodname="FindPackageAndRepositoryTest" classname="UpliftTesting.UnitTesting.PackageHandlerTest" runstate="Runnable" seed="673792788" result="Passed" start-time="2017-08-18 12:23:05Z" end-time="2017-08-18 12:23:05Z" duration="0.005316" asserts="1" />
          <test-case id="0-1041" name="FindPackageAndRepositoryTestFail" fullname="UpliftTesting.UnitTesting.PackageHandlerTest.FindPackageAndRepositoryTestFail" methodname="FindPackageAndRepositoryTestFail" classname="UpliftTesting.UnitTesting.PackageHandlerTest" runstate="Runnable" seed="331720876" result="Passed" start-time="2017-08-18 12:23:05Z" end-time="2017-08-18 12:23:05Z" duration="0.001170" asserts="1" />
          <test-case id="0-1047" name="PackageDependencyVersionComparison" fullname="UpliftTesting.UnitTesting.PackageHandlerTest.PackageDependencyVersionComparison" methodname="PackageDependencyVersionComparison" classname="UpliftTesting.UnitTesting.PackageHandlerTest" runstate="Runnable" seed="1763615612" result="Passed" start-time="2017-08-18 12:23:05Z" end-time="2017-08-18 12:23:05Z" duration="0.001187" asserts="1" />
          <test-case id="0-1043" name="SelectCandidatesMultipleStrategies" fullname="UpliftTesting.UnitTesting.PackageHandlerTest.SelectCandidatesMultipleStrategies" methodname="SelectCandidatesMultipleStrategies" classname="UpliftTesting.UnitTesting.PackageHandlerTest" runstate="Runnable" seed="84019692" result="Passed" start-time="2017-08-18 12:23:05Z" end-time="2017-08-18 12:23:05Z" duration="0.128254" asserts="3" />
          <test-case id="0-1042" name="SelectCandidatesSingleStrategy" fullname="UpliftTesting.UnitTesting.PackageHandlerTest.SelectCandidatesSingleStrategy" methodname="SelectCandidatesSingleStrategy" classname="UpliftTesting.UnitTesting.PackageHandlerTest" runstate="Runnable" seed="908949482" result="Passed" start-time="2017-08-18 12:23:05Z" end-time="2017-08-18 12:23:06Z" duration="0.012022" asserts="3" />
          <test-case id="0-1046" name="VersionComparisonTest" fullname="UpliftTesting.UnitTesting.PackageHandlerTest.VersionComparisonTest" methodname="VersionComparisonTest" classname="UpliftTesting.UnitTesting.PackageHandlerTest" runstate="Runnable" seed="2047945181" result="Passed" start-time="2017-08-18 12:23:06Z" end-time="2017-08-18 12:23:06Z" duration="0.003309" asserts="7" />
          <test-case id="0-1045" name="VersionParsingFailureTest" fullname="UpliftTesting.UnitTesting.PackageHandlerTest.VersionParsingFailureTest" methodname="VersionParsingFailureTest" classname="UpliftTesting.UnitTesting.PackageHandlerTest" runstate="Runnable" seed="1666806528" result="Passed" start-time="2017-08-18 12:23:06Z" end-time="2017-08-18 12:23:06Z" duration="0.001312" asserts="1" />
          <test-case id="0-1044" name="VersionStringParsingTest" fullname="UpliftTesting.UnitTesting.PackageHandlerTest.VersionStringParsingTest" methodname="VersionStringParsingTest" classname="UpliftTesting.UnitTesting.PackageHandlerTest" runstate="Runnable" seed="2140372512" result="Passed" start-time="2017-08-18 12:23:06Z" end-time="2017-08-18 12:23:06Z" duration="0.001678" asserts="4" />
        </test-suite>
        <test-suite type="TestFixture" id="0-1048" name="PackageListTest" fullname="UpliftTesting.UnitTesting.PackageListTest" classname="UpliftTesting.UnitTesting.PackageListTest" runstate="Runnable" testcasecount="7" result="Passed" start-time="2017-08-18 12:23:06Z" end-time="2017-08-18 12:23:06Z" duration="0.079079" total="7" passed="7" failed="0" warnings="0" inconclusive="0" skipped="0" asserts="14">
          <test-case id="0-1050" name="GetEmptyPackagesTest" fullname="UpliftTesting.UnitTesting.PackageListTest.GetEmptyPackagesTest" methodname="GetEmptyPackagesTest" classname="UpliftTesting.UnitTesting.PackageListTest" runstate="Runnable" seed="879823637" result="Passed" start-time="2017-08-18 12:23:06Z" end-time="2017-08-18 12:23:06Z" duration="0.002847" asserts="1" />
          <test-case id="0-1055" name="GetLatestPackageTest" fullname="UpliftTesting.UnitTesting.PackageListTest.GetLatestPackageTest" methodname="GetLatestPackageTest" classname="UpliftTesting.UnitTesting.PackageListTest" runstate="Runnable" seed="1101208556" result="Passed" start-time="2017-08-18 12:23:06Z" end-time="2017-08-18 12:23:06Z" duration="0.009276" asserts="1" />
          <test-case id="0-1054" name="LoadPackagesForceRefreshTest" fullname="UpliftTesting.UnitTesting.PackageListTest.LoadPackagesForceRefreshTest" methodname="LoadPackagesForceRefreshTest" classname="UpliftTesting.UnitTesting.PackageListTest" runstate="Runnable" seed="1012489406" result="Passed" start-time="2017-08-18 12:23:06Z" end-time="2017-08-18 12:23:06Z" duration="0.023523" asserts="4" />
          <test-case id="0-1053" name="LoadPackagesMultipleRepoTest" fullname="UpliftTesting.UnitTesting.PackageListTest.LoadPackagesMultipleRepoTest" methodname="LoadPackagesMultipleRepoTest" classname="UpliftTesting.UnitTesting.PackageListTest" runstate="Runnable" seed="955152801" result="Passed" start-time="2017-08-18 12:23:06Z" end-time="2017-08-18 12:23:06Z" duration="0.008153" asserts="4" />
          <test-case id="0-1051" name="LoadPackagesSingleRepoTest" fullname="UpliftTesting.UnitTesting.PackageListTest.LoadPackagesSingleRepoTest" methodname="LoadPackagesSingleRepoTest" classname="UpliftTesting.UnitTesting.PackageListTest" runstate="Runnable" seed="1975012411" result="Passed" start-time="2017-08-18 12:23:06Z" end-time="2017-08-18 12:23:06Z" duration="0.005662" asserts="1" />
          <test-case id="0-1049" name="PackageListUniqueInstanceTest" fullname="UpliftTesting.UnitTesting.PackageListTest.PackageListUniqueInstanceTest" methodname="PackageListUniqueInstanceTest" classname="UpliftTesting.UnitTesting.PackageListTest" runstate="Runnable" seed="995105126" result="Passed" start-time="2017-08-18 12:23:06Z" end-time="2017-08-18 12:23:06Z" duration="0.002358" asserts="1" />
          <test-case id="0-1052" name="RefreshPackagesTest" fullname="UpliftTesting.UnitTesting.PackageListTest.RefreshPackagesTest" methodname="RefreshPackagesTest" classname="UpliftTesting.UnitTesting.PackageListTest" runstate="Runnable" seed="41122135" result="Passed" start-time="2017-08-18 12:23:06Z" end-time="2017-08-18 12:23:06Z" duration="0.004640" asserts="2" />
        </test-suite>
        <test-suite type="TestFixture" id="0-1056" name="UpbringTest" fullname="UpliftTesting.UnitTesting.UpbringTest" classname="UpliftTesting.UnitTesting.UpbringTest" runstate="Runnable" testcasecount="11" result="Passed" start-time="2017-08-18 12:23:06Z" end-time="2017-08-18 12:23:06Z" duration="0.153577" total="11" passed="11" failed="0" warnings="0" inconclusive="0" skipped="0" asserts="12">
          <test-case id="0-1059" name="AddExistingPackageTest" fullname="UpliftTesting.UnitTesting.UpbringTest.AddExistingPackageTest" methodname="AddExistingPackageTest" classname="UpliftTesting.UnitTesting.UpbringTest" runstate="Runnable" seed="1359877022" result="Passed" start-time="2017-08-18 12:23:06Z" end-time="2017-08-18 12:23:06Z" duration="0.006515" asserts="1" />
          <test-case id="0-1063" name="AddLocationNoMatchingPackage" fullname="UpliftTesting.UnitTesting.UpbringTest.AddLocationNoMatchingPackage" methodname="AddLocationNoMatchingPackage" classname="UpliftTesting.UnitTesting.UpbringTest" runstate="Runnable" seed="1898227083" result="Passed" start-time="2017-08-18 12:23:06Z" end-time="2017-08-18 12:23:06Z" duration="0.003788" asserts="1" />
          <test-case id="0-1061" name="AddLocationWhenAnotherTest" fullname="UpliftTesting.UnitTesting.UpbringTest.AddLocationWhenAnotherTest" methodname="AddLocationWhenAnotherTest" classname="UpliftTesting.UnitTesting.UpbringTest" runstate="Runnable" seed="1056785130" result="Passed" start-time="2017-08-18 12:23:06Z" end-time="2017-08-18 12:23:06Z" duration="0.002438" asserts="1" />
          <test-case id="0-1062" name="AddLocationWhenExistingTest" fullname="UpliftTesting.UnitTesting.UpbringTest.AddLocationWhenExistingTest" methodname="AddLocationWhenExistingTest" classname="UpliftTesting.UnitTesting.UpbringTest" runstate="Runnable" seed="484974971" result="Passed" start-time="2017-08-18 12:23:06Z" end-time="2017-08-18 12:23:06Z" duration="0.001474" asserts="1" />
          <test-case id="0-1060" name="AddLocationWhenNoneTest" fullname="UpliftTesting.UnitTesting.UpbringTest.AddLocationWhenNoneTest" methodname="AddLocationWhenNoneTest" classname="UpliftTesting.UnitTesting.UpbringTest" runstate="Runnable" seed="1256547551" result="Passed" start-time="2017-08-18 12:23:06Z" end-time="2017-08-18 12:23:06Z" duration="0.001063" asserts="1" />
          <test-case id="0-1058" name="AddPackageTest" fullname="UpliftTesting.UnitTesting.UpbringTest.AddPackageTest" methodname="AddPackageTest" classname="UpliftTesting.UnitTesting.UpbringTest" runstate="Runnable" seed="1624558568" result="Passed" start-time="2017-08-18 12:23:06Z" end-time="2017-08-18 12:23:06Z" duration="0.002492" asserts="2" />
          <test-case id="0-1065" name="FromXmlWhenAbsentTest" fullname="UpliftTesting.UnitTesting.UpbringTest.FromXmlWhenAbsentTest" methodname="FromXmlWhenAbsentTest" classname="UpliftTesting.UnitTesting.UpbringTest" runstate="Runnable" seed="247410783" result="Passed" start-time="2017-08-18 12:23:06Z" end-time="2017-08-18 12:23:06Z" duration="0.009561" asserts="1" />
          <test-case id="0-1064" name="FromXmlWhenPresentTest" fullname="UpliftTesting.UnitTesting.UpbringTest.FromXmlWhenPresentTest" methodname="FromXmlWhenPresentTest" classname="UpliftTesting.UnitTesting.UpbringTest" runstate="Runnable" seed="3713708" result="Passed" start-time="2017-08-18 12:23:06Z" end-time="2017-08-18 12:23:06Z" duration="0.063523" asserts="1" />
          <test-case id="0-1057" name="GetInstalledPackageTest" fullname="UpliftTesting.UnitTesting.UpbringTest.GetInstalledPackageTest" methodname="GetInstalledPackageTest" classname="UpliftTesting.UnitTesting.UpbringTest" runstate="Runnable" seed="1720440140" result="Passed" start-time="2017-08-18 12:23:06Z" end-time="2017-08-18 12:23:06Z" duration="0.004028" asserts="1" />
          <test-case id="0-1067" name="RemoveFileTest" fullname="UpliftTesting.UnitTesting.UpbringTest.RemoveFileTest" methodname="RemoveFileTest" classname="UpliftTesting.UnitTesting.UpbringTest" runstate="Runnable" seed="35232636" result="Passed" start-time="2017-08-18 12:23:06Z" end-time="2017-08-18 12:23:06Z" duration="0.007565" asserts="1" />
          <test-case id="0-1066" name="SaveFileTest" fullname="UpliftTesting.UnitTesting.UpbringTest.SaveFileTest" methodname="SaveFileTest" classname="UpliftTesting.UnitTesting.UpbringTest" runstate="Runnable" seed="1230607180" result="Passed" start-time="2017-08-18 12:23:06Z" end-time="2017-08-18 12:23:06Z" duration="0.015884" asserts="1" />
        </test-suite>
        <test-suite type="TestFixture" id="0-1068" name="UpfileTest" fullname="UpliftTesting.UnitTesting.UpfileTest" classname="UpliftTesting.UnitTesting.UpfileTest" runstate="Runnable" testcasecount="0" result="Passed" start-time="2017-08-18 12:23:06Z" end-time="2017-08-18 12:23:06Z" duration="0.000016" total="0" passed="0" failed="0" warnings="0" inconclusive="0" skipped="0" asserts="0" />
      </test-suite>
    </test-suite>
  </test-suite>
</test-run>