<?xml version="1.0" encoding="utf-8" standalone="no"?>
<test-run id="2" testcasecount="76" result="Passed" total="75" passed="73" failed="0" inconclusive="0" skipped="2" asserts="131" engine-version="3.7.0.0" clr-version="4.0.30319.42000" start-time="2017-07-31 12:25:08Z" end-time="2017-07-31 12:25:12Z" duration="3.482825">
  <command-line><![CDATA[..\packages\NUnit.ConsoleRunner.3.7.0\tools\nunit3-console.exe  ..\bin\Debug\UpliftTesting.dll --result=UnitTest.xml --where "test =~ /UnitTesting/"]]></command-line>
  <filter>
    <test re="1">UnitTesting</test>
  </filter>
  <test-suite type="Assembly" id="0-1087" name="UpliftTesting.dll" fullname="C:\Users\Paul\Documents\Work\uplift\UpliftTesting\bin\Debug\UpliftTesting.dll" runstate="Runnable" testcasecount="76" result="Passed" start-time="2017-07-31 12:25:09Z" end-time="2017-07-31 12:25:12Z" duration="2.510899" total="75" passed="73" failed="0" inconclusive="0" skipped="2" asserts="131">
    <environment framework-version="3.5.0.0" clr-version="4.0.30319.42000" os-version="Microsoft Windows NT 10.0.15063.0" platform="Win32NT" cwd="C:\Users\Paul\Documents\Work\uplift\UpliftTesting\TestResults" machine-name="PC_PAUL" user="Paul" user-domain="PC_PAUL" culture="fr-FR" uiculture="fr-FR" os-architecture="x64" />
    <settings>
      <setting name="DisposeRunners" value="True" />
      <setting name="WorkDirectory" value="C:\Users\Paul\Documents\Work\uplift\UpliftTesting\TestResults" />
      <setting name="ImageRuntimeVersion" value="4.0.30319" />
      <setting name="ImageTargetFrameworkName" value=".NETFramework,Version=v4.5" />
      <setting name="ImageRequiresX86" value="False" />
      <setting name="ImageRequiresDefaultAppDomainAssemblyResolver" value="False" />
    </settings>
    <properties>
      <property name="_PID" value="2960" />
      <property name="_APPDOMAIN" value="domain-" />
    </properties>
    <test-suite type="TestSuite" id="0-1088" name="UpliftTesting" fullname="UpliftTesting" runstate="Runnable" testcasecount="76" result="Passed" start-time="2017-07-31 12:25:09Z" end-time="2017-07-31 12:25:12Z" duration="2.436223" total="75" passed="73" failed="0" inconclusive="0" skipped="2" asserts="131">
      <test-suite type="TestSuite" id="0-1089" name="UnitTesting" fullname="UpliftTesting.UnitTesting" runstate="Runnable" testcasecount="75" result="Passed" start-time="2017-07-31 12:25:09Z" end-time="2017-07-31 12:25:12Z" duration="2.420007" total="75" passed="73" failed="0" inconclusive="0" skipped="2" asserts="131">
        <test-suite type="TestFixture" id="0-1000" name="FileRepositoryTest" fullname="UpliftTesting.UnitTesting.FileRepositoryTest" classname="UpliftTesting.UnitTesting.FileRepositoryTest" runstate="Runnable" testcasecount="5" result="Passed" start-time="2017-07-31 12:25:09Z" end-time="2017-07-31 12:25:10Z" duration="0.684978" total="5" passed="5" failed="0" inconclusive="0" skipped="0" asserts="15">
          <test-case id="0-1005" name="DownloadPackageFromBadFormatTest" fullname="UpliftTesting.UnitTesting.FileRepositoryTest.DownloadPackageFromBadFormatTest" methodname="DownloadPackageFromBadFormatTest" classname="UpliftTesting.UnitTesting.FileRepositoryTest" runstate="Runnable" seed="539946571" result="Passed" start-time="2017-07-31 12:25:09Z" end-time="2017-07-31 12:25:09Z" duration="0.019515" asserts="2" />
          <test-case id="0-1003" name="DownloadPackageFromDirectoryTest" fullname="UpliftTesting.UnitTesting.FileRepositoryTest.DownloadPackageFromDirectoryTest" methodname="DownloadPackageFromDirectoryTest" classname="UpliftTesting.UnitTesting.FileRepositoryTest" runstate="Runnable" seed="315700097" result="Passed" start-time="2017-07-31 12:25:09Z" end-time="2017-07-31 12:25:10Z" duration="0.017233" asserts="2" />
          <test-case id="0-1004" name="DownloadPackageFromUnityPackageTest" fullname="UpliftTesting.UnitTesting.FileRepositoryTest.DownloadPackageFromUnityPackageTest" methodname="DownloadPackageFromUnityPackageTest" classname="UpliftTesting.UnitTesting.FileRepositoryTest" runstate="Runnable" seed="1681717759" result="Passed" start-time="2017-07-31 12:25:10Z" end-time="2017-07-31 12:25:10Z" duration="0.050409" asserts="4" />
          <test-case id="0-1002" name="ListPackagesFromDirectoriesTest" fullname="UpliftTesting.UnitTesting.FileRepositoryTest.ListPackagesFromDirectoriesTest" methodname="ListPackagesFromDirectoriesTest" classname="UpliftTesting.UnitTesting.FileRepositoryTest" runstate="Runnable" seed="1598773544" result="Passed" start-time="2017-07-31 12:25:10Z" end-time="2017-07-31 12:25:10Z" duration="0.509214" asserts="4" />
          <test-case id="0-1001" name="ListPackagesFromUnityPackagesTest" fullname="UpliftTesting.UnitTesting.FileRepositoryTest.ListPackagesFromUnityPackagesTest" methodname="ListPackagesFromUnityPackagesTest" classname="UpliftTesting.UnitTesting.FileRepositoryTest" runstate="Runnable" seed="1919654097" result="Passed" start-time="2017-07-31 12:25:10Z" end-time="2017-07-31 12:25:10Z" duration="0.005272" asserts="3" />
        </test-suite>
        <test-suite type="TestFixture" id="0-1028" name="FileSystemUtilsTest" fullname="UpliftTesting.UnitTesting.FileSystemUtilsTest" classname="UpliftTesting.UnitTesting.FileSystemUtilsTest" runstate="Runnable" testcasecount="20" result="Passed" start-time="2017-07-31 12:25:10Z" end-time="2017-07-31 12:25:10Z" duration="0.346543" total="20" passed="18" failed="0" inconclusive="0" skipped="2" asserts="19">
          <test-case id="0-1046" name="CopyAndIgnoreDirectoryTest" fullname="UpliftTesting.UnitTesting.FileSystemUtilsTest.CopyAndIgnoreDirectoryTest" methodname="CopyAndIgnoreDirectoryTest" classname="UpliftTesting.UnitTesting.FileSystemUtilsTest" runstate="Runnable" seed="28425807" result="Passed" start-time="2017-07-31 12:25:10Z" end-time="2017-07-31 12:25:10Z" duration="0.004509" asserts="2" />
          <test-case id="0-1045" name="CopyDirectoryRecursivelyTest" fullname="UpliftTesting.UnitTesting.FileSystemUtilsTest.CopyDirectoryRecursivelyTest" methodname="CopyDirectoryRecursivelyTest" classname="UpliftTesting.UnitTesting.FileSystemUtilsTest" runstate="Runnable" seed="411583142" result="Passed" start-time="2017-07-31 12:25:10Z" end-time="2017-07-31 12:25:10Z" duration="0.003387" asserts="1" />
          <test-case id="0-1043" name="CopyDirectoryTest" fullname="UpliftTesting.UnitTesting.FileSystemUtilsTest.CopyDirectoryTest" methodname="CopyDirectoryTest" classname="UpliftTesting.UnitTesting.FileSystemUtilsTest" runstate="Runnable" seed="1690961802" result="Passed" start-time="2017-07-31 12:25:10Z" end-time="2017-07-31 12:25:10Z" duration="0.002119" asserts="1" />
          <test-case id="0-1044" name="CopyToExitstingDirectoryTest" fullname="UpliftTesting.UnitTesting.FileSystemUtilsTest.CopyToExitstingDirectoryTest" methodname="CopyToExitstingDirectoryTest" classname="UpliftTesting.UnitTesting.FileSystemUtilsTest" runstate="Runnable" seed="1908723491" result="Passed" start-time="2017-07-31 12:25:10Z" end-time="2017-07-31 12:25:10Z" duration="0.001795" asserts="1" />
          <test-case id="0-1030" name="EnsureMissingParentExistsTest" fullname="UpliftTesting.UnitTesting.FileSystemUtilsTest.EnsureMissingParentExistsTest" methodname="EnsureMissingParentExistsTest" classname="UpliftTesting.UnitTesting.FileSystemUtilsTest" runstate="Runnable" seed="670926139" result="Passed" start-time="2017-07-31 12:25:10Z" end-time="2017-07-31 12:25:10Z" duration="0.001457" asserts="1" />
          <test-case id="0-1031" name="EnsurePresentParentExistsTest" fullname="UpliftTesting.UnitTesting.FileSystemUtilsTest.EnsurePresentParentExistsTest" methodname="EnsurePresentParentExistsTest" classname="UpliftTesting.UnitTesting.FileSystemUtilsTest" runstate="Runnable" seed="1440299674" result="Passed" start-time="2017-07-31 12:25:10Z" end-time="2017-07-31 12:25:10Z" duration="0.001260" asserts="1" />
          <test-case id="0-1032" name="GetAbsolutePathTest" fullname="UpliftTesting.UnitTesting.FileSystemUtilsTest.GetAbsolutePathTest" methodname="GetAbsolutePathTest" classname="UpliftTesting.UnitTesting.FileSystemUtilsTest" runstate="Runnable" seed="312970779" result="Passed" start-time="2017-07-31 12:25:10Z" end-time="2017-07-31 12:25:10Z" duration="0.001610" asserts="1" />
          <test-case id="0-1033" name="GetAbsolutePathTestFail" fullname="UpliftTesting.UnitTesting.FileSystemUtilsTest.GetAbsolutePathTestFail" methodname="GetAbsolutePathTestFail" classname="UpliftTesting.UnitTesting.FileSystemUtilsTest" runstate="Runnable" seed="242376800" result="Passed" start-time="2017-07-31 12:25:10Z" end-time="2017-07-31 12:25:10Z" duration="0.000821" asserts="1" />
          <test-case id="0-1041" name="GetFilesEmptyTest" fullname="UpliftTesting.UnitTesting.FileSystemUtilsTest.GetFilesEmptyTest" methodname="GetFilesEmptyTest" classname="UpliftTesting.UnitTesting.FileSystemUtilsTest" runstate="Runnable" seed="1008849434" result="Passed" start-time="2017-07-31 12:25:10Z" end-time="2017-07-31 12:25:10Z" duration="0.004154" asserts="1" />
          <test-case id="0-1042" name="GetFilesFromNonExistentDirectoryTest" fullname="UpliftTesting.UnitTesting.FileSystemUtilsTest.GetFilesFromNonExistentDirectoryTest" methodname="GetFilesFromNonExistentDirectoryTest" classname="UpliftTesting.UnitTesting.FileSystemUtilsTest" runstate="Runnable" seed="1384879440" result="Passed" start-time="2017-07-31 12:25:10Z" end-time="2017-07-31 12:25:10Z" duration="0.000319" asserts="1" />
          <test-case id="0-1040" name="GetFilesRecursivelyTest" fullname="UpliftTesting.UnitTesting.FileSystemUtilsTest.GetFilesRecursivelyTest" methodname="GetFilesRecursivelyTest" classname="UpliftTesting.UnitTesting.FileSystemUtilsTest" runstate="Runnable" seed="695961565" result="Passed" start-time="2017-07-31 12:25:10Z" end-time="2017-07-31 12:25:10Z" duration="0.006153" asserts="1" />
          <test-case id="0-1039" name="GetFilesTest" fullname="UpliftTesting.UnitTesting.FileSystemUtilsTest.GetFilesTest" methodname="GetFilesTest" classname="UpliftTesting.UnitTesting.FileSystemUtilsTest" runstate="Runnable" seed="1931193942" result="Passed" start-time="2017-07-31 12:25:10Z" end-time="2017-07-31 12:25:10Z" duration="0.003610" asserts="1" />
          <test-case id="0-1029" name="JoinPathsTest" fullname="UpliftTesting.UnitTesting.FileSystemUtilsTest.JoinPathsTest" methodname="JoinPathsTest" classname="UpliftTesting.UnitTesting.FileSystemUtilsTest" runstate="Runnable" seed="1652993929" result="Passed" start-time="2017-07-31 12:25:10Z" end-time="2017-07-31 12:25:10Z" duration="0.000454" asserts="1" />
          <test-case id="0-1035" name="ReadTxtInFileTest" fullname="UpliftTesting.UnitTesting.FileSystemUtilsTest.ReadTxtInFileTest" methodname="ReadTxtInFileTest" classname="UpliftTesting.UnitTesting.FileSystemUtilsTest" runstate="Runnable" seed="2026359882" result="Passed" start-time="2017-07-31 12:25:10Z" end-time="2017-07-31 12:25:10Z" duration="0.016062" asserts="1" />
          <test-case id="0-1037" name="RecursivelyDirPathsTestLinux" fullname="UpliftTesting.UnitTesting.FileSystemUtilsTest.RecursivelyDirPathsTestLinux" methodname="RecursivelyDirPathsTestLinux" classname="UpliftTesting.UnitTesting.FileSystemUtilsTest" runstate="Skipped" seed="2068733114" result="Skipped" start-time="2017-07-31 12:25:10Z" end-time="2017-07-31 12:25:10Z" duration="0.000882" asserts="0">
            <properties>
              <property name="_SKIPREASON" value="Only supported on Linux" />
            </properties>
            <reason>
              <message><![CDATA[Only supported on Linux]]></message>
            </reason>
          </test-case>
          <test-case id="0-1038" name="RecursivelyDirPathsTestMac" fullname="UpliftTesting.UnitTesting.FileSystemUtilsTest.RecursivelyDirPathsTestMac" methodname="RecursivelyDirPathsTestMac" classname="UpliftTesting.UnitTesting.FileSystemUtilsTest" runstate="Skipped" seed="1999034556" result="Skipped" start-time="2017-07-31 12:25:10Z" end-time="2017-07-31 12:25:10Z" duration="0.000015" asserts="0">
            <properties>
              <property name="_SKIPREASON" value="Not supported on Win,Linux" />
            </properties>
            <reason>
              <message><![CDATA[Not supported on Win,Linux]]></message>
            </reason>
          </test-case>
          <test-case id="0-1036" name="RecursivelyDirPathsTestWindows" fullname="UpliftTesting.UnitTesting.FileSystemUtilsTest.RecursivelyDirPathsTestWindows" methodname="RecursivelyDirPathsTestWindows" classname="UpliftTesting.UnitTesting.FileSystemUtilsTest" runstate="Runnable" seed="141477799" result="Passed" start-time="2017-07-31 12:25:10Z" end-time="2017-07-31 12:25:10Z" duration="0.002772" asserts="1" />
          <test-case id="0-1048" name="RecursivelyListFilesRelativeTest" fullname="UpliftTesting.UnitTesting.FileSystemUtilsTest.RecursivelyListFilesRelativeTest" methodname="RecursivelyListFilesRelativeTest" classname="UpliftTesting.UnitTesting.FileSystemUtilsTest" runstate="Runnable" seed="144390112" result="Passed" start-time="2017-07-31 12:25:10Z" end-time="2017-07-31 12:25:10Z" duration="0.005394" asserts="1" />
          <test-case id="0-1047" name="RecursivelyListFilesTest" fullname="UpliftTesting.UnitTesting.FileSystemUtilsTest.RecursivelyListFilesTest" methodname="RecursivelyListFilesTest" classname="UpliftTesting.UnitTesting.FileSystemUtilsTest" runstate="Runnable" seed="1051763588" result="Passed" start-time="2017-07-31 12:25:10Z" end-time="2017-07-31 12:25:10Z" duration="0.005219" asserts="1" />
          <test-case id="0-1034" name="SaveTxtInFileTest" fullname="UpliftTesting.UnitTesting.FileSystemUtilsTest.SaveTxtInFileTest" methodname="SaveTxtInFileTest" classname="UpliftTesting.UnitTesting.FileSystemUtilsTest" runstate="Runnable" seed="652257126" result="Passed" start-time="2017-07-31 12:25:10Z" end-time="2017-07-31 12:25:10Z" duration="0.002413" asserts="1" />
        </test-suite>
        <test-suite type="TestFixture" id="0-1006" name="GetterSetterTest" fullname="UpliftTesting.UnitTesting.GetterSetterTest" classname="UpliftTesting.UnitTesting.GetterSetterTest" runstate="Runnable" testcasecount="2" result="Passed" start-time="2017-07-31 12:25:11Z" end-time="2017-07-31 12:25:11Z" duration="0.209544" total="2" passed="2" failed="0" inconclusive="0" skipped="0" asserts="10">
          <test-case id="0-1007" name="ConfigurationPropertiesTest" fullname="UpliftTesting.UnitTesting.GetterSetterTest.ConfigurationPropertiesTest" methodname="ConfigurationPropertiesTest" classname="UpliftTesting.UnitTesting.GetterSetterTest" runstate="Runnable" seed="1040939570" result="Passed" start-time="2017-07-31 12:25:11Z" end-time="2017-07-31 12:25:11Z" duration="0.174621" asserts="6" />
          <test-case id="0-1008" name="DependencyDefinitionPropertiesTest" fullname="UpliftTesting.UnitTesting.GetterSetterTest.DependencyDefinitionPropertiesTest" methodname="DependencyDefinitionPropertiesTest" classname="UpliftTesting.UnitTesting.GetterSetterTest" runstate="Runnable" seed="1197119695" result="Passed" start-time="2017-07-31 12:25:11Z" end-time="2017-07-31 12:25:11Z" duration="0.006385" asserts="4" />
        </test-suite>
        <test-suite type="TestFixture" id="0-1009" name="InstalledPackagesTest" fullname="UpliftTesting.UnitTesting.InstalledPackagesTest" classname="UpliftTesting.UnitTesting.InstalledPackagesTest" runstate="Runnable" testcasecount="4" result="Passed" start-time="2017-07-31 12:25:11Z" end-time="2017-07-31 12:25:11Z" duration="0.093795" total="4" passed="4" failed="0" inconclusive="0" skipped="0" asserts="10">
          <test-case id="0-1012" name="NukeOtherInstallComplexTest" fullname="UpliftTesting.UnitTesting.InstalledPackagesTest.NukeOtherInstallComplexTest" methodname="NukeOtherInstallComplexTest" classname="UpliftTesting.UnitTesting.InstalledPackagesTest" runstate="Runnable" seed="1386446211" result="Passed" start-time="2017-07-31 12:25:11Z" end-time="2017-07-31 12:25:11Z" duration="0.018421" asserts="4" />
          <test-case id="0-1011" name="NukeOtherInstallSimpleFileTest" fullname="UpliftTesting.UnitTesting.InstalledPackagesTest.NukeOtherInstallSimpleFileTest" methodname="NukeOtherInstallSimpleFileTest" classname="UpliftTesting.UnitTesting.InstalledPackagesTest" runstate="Runnable" seed="1670089417" result="Passed" start-time="2017-07-31 12:25:11Z" end-time="2017-07-31 12:25:11Z" duration="0.012296" asserts="4" />
          <test-case id="0-1013" name="NukeOtherInstallWhenAbsentTest" fullname="UpliftTesting.UnitTesting.InstalledPackagesTest.NukeOtherInstallWhenAbsentTest" methodname="NukeOtherInstallWhenAbsentTest" classname="UpliftTesting.UnitTesting.InstalledPackagesTest" runstate="Runnable" seed="593880625" result="Passed" start-time="2017-07-31 12:25:11Z" end-time="2017-07-31 12:25:11Z" duration="0.006587" asserts="1" />
          <test-case id="0-1010" name="NukeRootInstallTest" fullname="UpliftTesting.UnitTesting.InstalledPackagesTest.NukeRootInstallTest" methodname="NukeRootInstallTest" classname="UpliftTesting.UnitTesting.InstalledPackagesTest" runstate="Runnable" seed="508682236" result="Passed" start-time="2017-07-31 12:25:11Z" end-time="2017-07-31 12:25:11Z" duration="0.001156" asserts="1" />
        </test-suite>
        <test-suite type="TestFixture" id="0-1014" name="LatestSelectionStrategyTest" fullname="UpliftTesting.UnitTesting.LatestSelectionStrategyTest" classname="UpliftTesting.UnitTesting.LatestSelectionStrategyTest" runstate="Runnable" testcasecount="1" result="Passed" start-time="2017-07-31 12:25:11Z" end-time="2017-07-31 12:25:11Z" duration="0.037465" total="1" passed="1" failed="0" inconclusive="0" skipped="0" asserts="1">
          <test-case id="0-1015" name="FilterTest" fullname="UpliftTesting.UnitTesting.LatestSelectionStrategyTest.FilterTest" methodname="FilterTest" classname="UpliftTesting.UnitTesting.LatestSelectionStrategyTest" runstate="Runnable" seed="102032543" result="Passed" start-time="2017-07-31 12:25:11Z" end-time="2017-07-31 12:25:11Z" duration="0.023648" asserts="1" />
        </test-suite>
        <test-suite type="TestFixture" id="0-1016" name="LocalHandlerTest" fullname="UpliftTesting.UnitTesting.LocalHandlerTest" classname="UpliftTesting.UnitTesting.LocalHandlerTest" runstate="Runnable" testcasecount="3" result="Passed" start-time="2017-07-31 12:25:11Z" end-time="2017-07-31 12:25:11Z" duration="0.117794" total="3" passed="3" failed="0" inconclusive="0" skipped="0" asserts="6">
          <test-case id="0-1019" name="GetPackageDirectory" fullname="UpliftTesting.UnitTesting.LocalHandlerTest.GetPackageDirectory" methodname="GetPackageDirectory" classname="UpliftTesting.UnitTesting.LocalHandlerTest" runstate="Runnable" seed="1457775275" result="Passed" start-time="2017-07-31 12:25:11Z" end-time="2017-07-31 12:25:11Z" duration="0.000373" asserts="1" />
          <test-case id="0-1018" name="GetRepositoryInstallPathTest" fullname="UpliftTesting.UnitTesting.LocalHandlerTest.GetRepositoryInstallPathTest" methodname="GetRepositoryInstallPathTest" classname="UpliftTesting.UnitTesting.LocalHandlerTest" runstate="Runnable" seed="583946742" result="Passed" start-time="2017-07-31 12:25:11Z" end-time="2017-07-31 12:25:11Z" duration="0.038572" asserts="1" />
          <test-case id="0-1017" name="NukeAllPackagesTest" fullname="UpliftTesting.UnitTesting.LocalHandlerTest.NukeAllPackagesTest" methodname="NukeAllPackagesTest" classname="UpliftTesting.UnitTesting.LocalHandlerTest" runstate="Runnable" seed="704750084" result="Passed" start-time="2017-07-31 12:25:11Z" end-time="2017-07-31 12:25:11Z" duration="0.037426" asserts="4" />
        </test-suite>
        <test-suite type="TestFixture" id="0-1049" name="PackageHandlerTest" fullname="UpliftTesting.UnitTesting.PackageHandlerTest" classname="UpliftTesting.UnitTesting.PackageHandlerTest" runstate="Runnable" testcasecount="9" result="Passed" start-time="2017-07-31 12:25:11Z" end-time="2017-07-31 12:25:11Z" duration="0.303623" total="9" passed="9" failed="0" inconclusive="0" skipped="0" asserts="24">
          <test-case id="0-1050" name="FindCandidateForDefinitionTest" fullname="UpliftTesting.UnitTesting.PackageHandlerTest.FindCandidateForDefinitionTest" methodname="FindCandidateForDefinitionTest" classname="UpliftTesting.UnitTesting.PackageHandlerTest" runstate="Runnable" seed="1000860664" result="Passed" start-time="2017-07-31 12:25:11Z" end-time="2017-07-31 12:25:11Z" duration="0.119725" asserts="3" />
          <test-case id="0-1051" name="FindPackageAndRepositoryTest" fullname="UpliftTesting.UnitTesting.PackageHandlerTest.FindPackageAndRepositoryTest" methodname="FindPackageAndRepositoryTest" classname="UpliftTesting.UnitTesting.PackageHandlerTest" runstate="Runnable" seed="2088856030" result="Passed" start-time="2017-07-31 12:25:11Z" end-time="2017-07-31 12:25:11Z" duration="0.002127" asserts="1" />
          <test-case id="0-1052" name="FindPackageAndRepositoryTestFail" fullname="UpliftTesting.UnitTesting.PackageHandlerTest.FindPackageAndRepositoryTestFail" methodname="FindPackageAndRepositoryTestFail" classname="UpliftTesting.UnitTesting.PackageHandlerTest" runstate="Runnable" seed="1106010781" result="Passed" start-time="2017-07-31 12:25:11Z" end-time="2017-07-31 12:25:11Z" duration="0.000347" asserts="1" />
          <test-case id="0-1058" name="PackageDependencyVersionComparison" fullname="UpliftTesting.UnitTesting.PackageHandlerTest.PackageDependencyVersionComparison" methodname="PackageDependencyVersionComparison" classname="UpliftTesting.UnitTesting.PackageHandlerTest" runstate="Runnable" seed="1314880034" result="Passed" start-time="2017-07-31 12:25:11Z" end-time="2017-07-31 12:25:11Z" duration="0.000464" asserts="1" />
          <test-case id="0-1054" name="SelectCandidatesMultipleStrategies" fullname="UpliftTesting.UnitTesting.PackageHandlerTest.SelectCandidatesMultipleStrategies" methodname="SelectCandidatesMultipleStrategies" classname="UpliftTesting.UnitTesting.PackageHandlerTest" runstate="Runnable" seed="53592341" result="Passed" start-time="2017-07-31 12:25:11Z" end-time="2017-07-31 12:25:11Z" duration="0.045408" asserts="3" />
          <test-case id="0-1053" name="SelectCandidatesSingleStrategy" fullname="UpliftTesting.UnitTesting.PackageHandlerTest.SelectCandidatesSingleStrategy" methodname="SelectCandidatesSingleStrategy" classname="UpliftTesting.UnitTesting.PackageHandlerTest" runstate="Runnable" seed="1203003238" result="Passed" start-time="2017-07-31 12:25:11Z" end-time="2017-07-31 12:25:11Z" duration="0.005664" asserts="3" />
          <test-case id="0-1057" name="VersionComparisonTest" fullname="UpliftTesting.UnitTesting.PackageHandlerTest.VersionComparisonTest" methodname="VersionComparisonTest" classname="UpliftTesting.UnitTesting.PackageHandlerTest" runstate="Runnable" seed="999563313" result="Passed" start-time="2017-07-31 12:25:11Z" end-time="2017-07-31 12:25:11Z" duration="0.001268" asserts="7" />
          <test-case id="0-1056" name="VersionParsingFailureTest" fullname="UpliftTesting.UnitTesting.PackageHandlerTest.VersionParsingFailureTest" methodname="VersionParsingFailureTest" classname="UpliftTesting.UnitTesting.PackageHandlerTest" runstate="Runnable" seed="1719605169" result="Passed" start-time="2017-07-31 12:25:11Z" end-time="2017-07-31 12:25:11Z" duration="0.004416" asserts="1" />
          <test-case id="0-1055" name="VersionStringParsingTest" fullname="UpliftTesting.UnitTesting.PackageHandlerTest.VersionStringParsingTest" methodname="VersionStringParsingTest" classname="UpliftTesting.UnitTesting.PackageHandlerTest" runstate="Runnable" seed="10111543" result="Passed" start-time="2017-07-31 12:25:11Z" end-time="2017-07-31 12:25:11Z" duration="0.000711" asserts="4" />
        </test-suite>
        <test-suite type="TestFixture" id="0-1020" name="PackageListTest" fullname="UpliftTesting.UnitTesting.PackageListTest" classname="UpliftTesting.UnitTesting.PackageListTest" runstate="Runnable" testcasecount="7" result="Passed" start-time="2017-07-31 12:25:11Z" end-time="2017-07-31 12:25:11Z" duration="0.117010" total="7" passed="7" failed="0" inconclusive="0" skipped="0" asserts="14">
          <test-case id="0-1022" name="GetEmptyPackagesTest" fullname="UpliftTesting.UnitTesting.PackageListTest.GetEmptyPackagesTest" methodname="GetEmptyPackagesTest" classname="UpliftTesting.UnitTesting.PackageListTest" runstate="Runnable" seed="1501219045" result="Passed" start-time="2017-07-31 12:25:11Z" end-time="2017-07-31 12:25:11Z" duration="0.000947" asserts="1" />
          <test-case id="0-1027" name="GetLatestPackageTest" fullname="UpliftTesting.UnitTesting.PackageListTest.GetLatestPackageTest" methodname="GetLatestPackageTest" classname="UpliftTesting.UnitTesting.PackageListTest" runstate="Runnable" seed="397632141" result="Passed" start-time="2017-07-31 12:25:11Z" end-time="2017-07-31 12:25:11Z" duration="0.003460" asserts="1" />
          <test-case id="0-1026" name="LoadPackagesForceRefreshTest" fullname="UpliftTesting.UnitTesting.PackageListTest.LoadPackagesForceRefreshTest" methodname="LoadPackagesForceRefreshTest" classname="UpliftTesting.UnitTesting.PackageListTest" runstate="Runnable" seed="188539098" result="Passed" start-time="2017-07-31 12:25:11Z" end-time="2017-07-31 12:25:11Z" duration="0.008290" asserts="4" />
          <test-case id="0-1025" name="LoadPackagesMultipleRepoTest" fullname="UpliftTesting.UnitTesting.PackageListTest.LoadPackagesMultipleRepoTest" methodname="LoadPackagesMultipleRepoTest" classname="UpliftTesting.UnitTesting.PackageListTest" runstate="Runnable" seed="867827328" result="Passed" start-time="2017-07-31 12:25:11Z" end-time="2017-07-31 12:25:11Z" duration="0.003124" asserts="4" />
          <test-case id="0-1023" name="LoadPackagesSingleRepoTest" fullname="UpliftTesting.UnitTesting.PackageListTest.LoadPackagesSingleRepoTest" methodname="LoadPackagesSingleRepoTest" classname="UpliftTesting.UnitTesting.PackageListTest" runstate="Runnable" seed="1139164218" result="Passed" start-time="2017-07-31 12:25:11Z" end-time="2017-07-31 12:25:11Z" duration="0.001573" asserts="1" />
          <test-case id="0-1021" name="PackageListUniqueInstanceTest" fullname="UpliftTesting.UnitTesting.PackageListTest.PackageListUniqueInstanceTest" methodname="PackageListUniqueInstanceTest" classname="UpliftTesting.UnitTesting.PackageListTest" runstate="Runnable" seed="556181310" result="Passed" start-time="2017-07-31 12:25:11Z" end-time="2017-07-31 12:25:11Z" duration="0.000739" asserts="1" />
          <test-case id="0-1024" name="RefreshPackagesTest" fullname="UpliftTesting.UnitTesting.PackageListTest.RefreshPackagesTest" methodname="RefreshPackagesTest" classname="UpliftTesting.UnitTesting.PackageListTest" runstate="Runnable" seed="1062550579" result="Passed" start-time="2017-07-31 12:25:11Z" end-time="2017-07-31 12:25:11Z" duration="0.001790" asserts="2" />
        </test-suite>
        <test-suite type="TestFixture" id="0-1059" name="UpbringTest" fullname="UpliftTesting.UnitTesting.UpbringTest" classname="UpliftTesting.UnitTesting.UpbringTest" runstate="Runnable" testcasecount="11" result="Passed" start-time="2017-07-31 12:25:11Z" end-time="2017-07-31 12:25:12Z" duration="0.180182" total="11" passed="11" failed="0" inconclusive="0" skipped="0" asserts="15">
          <test-case id="0-1062" name="AddExistingPackageTest" fullname="UpliftTesting.UnitTesting.UpbringTest.AddExistingPackageTest" methodname="AddExistingPackageTest" classname="UpliftTesting.UnitTesting.UpbringTest" runstate="Runnable" seed="768047688" result="Passed" start-time="2017-07-31 12:25:11Z" end-time="2017-07-31 12:25:11Z" duration="0.001744" asserts="1" />
          <test-case id="0-1066" name="AddLocationNoMatchingPackage" fullname="UpliftTesting.UnitTesting.UpbringTest.AddLocationNoMatchingPackage" methodname="AddLocationNoMatchingPackage" classname="UpliftTesting.UnitTesting.UpbringTest" runstate="Runnable" seed="1483805988" result="Passed" start-time="2017-07-31 12:25:11Z" end-time="2017-07-31 12:25:11Z" duration="0.001243" asserts="1" />
          <test-case id="0-1064" name="AddLocationWhenAnotherTest" fullname="UpliftTesting.UnitTesting.UpbringTest.AddLocationWhenAnotherTest" methodname="AddLocationWhenAnotherTest" classname="UpliftTesting.UnitTesting.UpbringTest" runstate="Runnable" seed="1728610834" result="Passed" start-time="2017-07-31 12:25:12Z" end-time="2017-07-31 12:25:12Z" duration="0.000746" asserts="1" />
          <test-case id="0-1065" name="AddLocationWhenExistingTest" fullname="UpliftTesting.UnitTesting.UpbringTest.AddLocationWhenExistingTest" methodname="AddLocationWhenExistingTest" classname="UpliftTesting.UnitTesting.UpbringTest" runstate="Runnable" seed="2064472545" result="Passed" start-time="2017-07-31 12:25:12Z" end-time="2017-07-31 12:25:12Z" duration="0.000534" asserts="1" />
          <test-case id="0-1063" name="AddLocationWhenNoneTest" fullname="UpliftTesting.UnitTesting.UpbringTest.AddLocationWhenNoneTest" methodname="AddLocationWhenNoneTest" classname="UpliftTesting.UnitTesting.UpbringTest" runstate="Runnable" seed="1811306156" result="Passed" start-time="2017-07-31 12:25:12Z" end-time="2017-07-31 12:25:12Z" duration="0.000428" asserts="1" />
          <test-case id="0-1061" name="AddPackageTest" fullname="UpliftTesting.UnitTesting.UpbringTest.AddPackageTest" methodname="AddPackageTest" classname="UpliftTesting.UnitTesting.UpbringTest" runstate="Runnable" seed="1331858466" result="Passed" start-time="2017-07-31 12:25:12Z" end-time="2017-07-31 12:25:12Z" duration="0.000972" asserts="2" />
          <test-case id="0-1068" name="FromXmlWhenAbsentTest" fullname="UpliftTesting.UnitTesting.UpbringTest.FromXmlWhenAbsentTest" methodname="FromXmlWhenAbsentTest" classname="UpliftTesting.UnitTesting.UpbringTest" runstate="Runnable" seed="1778948" result="Passed" start-time="2017-07-31 12:25:12Z" end-time="2017-07-31 12:25:12Z" duration="0.003735" asserts="1" />
          <test-case id="0-1067" name="FromXmlWhenPresentTest" fullname="UpliftTesting.UnitTesting.UpbringTest.FromXmlWhenPresentTest" methodname="FromXmlWhenPresentTest" classname="UpliftTesting.UnitTesting.UpbringTest" runstate="Runnable" seed="325628385" result="Passed" start-time="2017-07-31 12:25:12Z" end-time="2017-07-31 12:25:12Z" duration="0.005809" asserts="2" />
          <test-case id="0-1060" name="GetInstalledPackageTest" fullname="UpliftTesting.UnitTesting.UpbringTest.GetInstalledPackageTest" methodname="GetInstalledPackageTest" classname="UpliftTesting.UnitTesting.UpbringTest" runstate="Runnable" seed="594993170" result="Passed" start-time="2017-07-31 12:25:12Z" end-time="2017-07-31 12:25:12Z" duration="0.001572" asserts="1" />
          <test-case id="0-1070" name="RemoveFileTest" fullname="UpliftTesting.UnitTesting.UpbringTest.RemoveFileTest" methodname="RemoveFileTest" classname="UpliftTesting.UnitTesting.UpbringTest" runstate="Runnable" seed="186087895" result="Passed" start-time="2017-07-31 12:25:12Z" end-time="2017-07-31 12:25:12Z" duration="0.004625" asserts="2" />
          <test-case id="0-1069" name="SaveFileTest" fullname="UpliftTesting.UnitTesting.UpbringTest.SaveFileTest" methodname="SaveFileTest" classname="UpliftTesting.UnitTesting.UpbringTest" runstate="Runnable" seed="1560892897" result="Passed" start-time="2017-07-31 12:25:12Z" end-time="2017-07-31 12:25:12Z" duration="0.006222" asserts="2" />
        </test-suite>
        <test-suite type="TestFixture" id="0-1071" name="UpfileHandlerTest" fullname="UpliftTesting.UnitTesting.UpfileHandlerTest" classname="UpliftTesting.UnitTesting.UpfileHandlerTest" runstate="Runnable" testcasecount="13" result="Passed" start-time="2017-07-31 12:25:12Z" end-time="2017-07-31 12:25:12Z" duration="0.191925" total="13" passed="13" failed="0" inconclusive="0" skipped="0" asserts="17">
          <test-case id="0-1073" name="CheckForUpfileTest" fullname="UpliftTesting.UnitTesting.UpfileHandlerTest.CheckForUpfileTest" methodname="CheckForUpfileTest" classname="UpliftTesting.UnitTesting.UpfileHandlerTest" runstate="Runnable" seed="394878272" result="Passed" start-time="2017-07-31 12:25:12Z" end-time="2017-07-31 12:25:12Z" duration="0.002106" asserts="1" />
          <test-case id="0-1074" name="CheckForUpfileTestFail" fullname="UpliftTesting.UnitTesting.UpfileHandlerTest.CheckForUpfileTestFail" methodname="CheckForUpfileTestFail" classname="UpliftTesting.UnitTesting.UpfileHandlerTest" runstate="Runnable" seed="1565958106" result="Passed" start-time="2017-07-31 12:25:12Z" end-time="2017-07-31 12:25:12Z" duration="0.001132" asserts="1" />
          <test-case id="0-1082" name="GetDestinationDefaultTest" fullname="UpliftTesting.UnitTesting.UpfileHandlerTest.GetDestinationDefaultTest" methodname="GetDestinationDefaultTest" classname="UpliftTesting.UnitTesting.UpfileHandlerTest" runstate="Runnable" seed="1037330160" result="Passed" start-time="2017-07-31 12:25:12Z" end-time="2017-07-31 12:25:12Z" duration="0.000992" asserts="1" />
          <test-case id="0-1078" name="GetDestinationForBaseTest" fullname="UpliftTesting.UnitTesting.UpfileHandlerTest.GetDestinationForBaseTest" methodname="GetDestinationForBaseTest" classname="UpliftTesting.UnitTesting.UpfileHandlerTest" runstate="Runnable" seed="1964392628" result="Passed" start-time="2017-07-31 12:25:12Z" end-time="2017-07-31 12:25:12Z" duration="0.000423" asserts="1" />
          <test-case id="0-1079" name="GetDestinationForDocsTest" fullname="UpliftTesting.UnitTesting.UpfileHandlerTest.GetDestinationForDocsTest" methodname="GetDestinationForDocsTest" classname="UpliftTesting.UnitTesting.UpfileHandlerTest" runstate="Runnable" seed="1828960331" result="Passed" start-time="2017-07-31 12:25:12Z" end-time="2017-07-31 12:25:12Z" duration="0.000449" asserts="1" />
          <test-case id="0-1080" name="GetDestinationForExamplesTest" fullname="UpliftTesting.UnitTesting.UpfileHandlerTest.GetDestinationForExamplesTest" methodname="GetDestinationForExamplesTest" classname="UpliftTesting.UnitTesting.UpfileHandlerTest" runstate="Runnable" seed="742191417" result="Passed" start-time="2017-07-31 12:25:12Z" end-time="2017-07-31 12:25:12Z" duration="0.000426" asserts="1" />
          <test-case id="0-1083" name="GetDestinationForGenericPluginTest" fullname="UpliftTesting.UnitTesting.UpfileHandlerTest.GetDestinationForGenericPluginTest" methodname="GetDestinationForGenericPluginTest" classname="UpliftTesting.UnitTesting.UpfileHandlerTest" runstate="Runnable" seed="1826393576" result="Passed" start-time="2017-07-31 12:25:12Z" end-time="2017-07-31 12:25:12Z" duration="0.000922" asserts="2" />
          <test-case id="0-1084" name="GetDestinationForIOSPluginTest" fullname="UpliftTesting.UnitTesting.UpfileHandlerTest.GetDestinationForIOSPluginTest" methodname="GetDestinationForIOSPluginTest" classname="UpliftTesting.UnitTesting.UpfileHandlerTest" runstate="Runnable" seed="1138040528" result="Passed" start-time="2017-07-31 12:25:12Z" end-time="2017-07-31 12:25:12Z" duration="0.000486" asserts="2" />
          <test-case id="0-1081" name="GetDestinationForMediaTest" fullname="UpliftTesting.UnitTesting.UpfileHandlerTest.GetDestinationForMediaTest" methodname="GetDestinationForMediaTest" classname="UpliftTesting.UnitTesting.UpfileHandlerTest" runstate="Runnable" seed="766750337" result="Passed" start-time="2017-07-31 12:25:12Z" end-time="2017-07-31 12:25:12Z" duration="0.000396" asserts="1" />
          <test-case id="0-1077" name="GetPackagesRootPathTest" fullname="UpliftTesting.UnitTesting.UpfileHandlerTest.GetPackagesRootPathTest" methodname="GetPackagesRootPathTest" classname="UpliftTesting.UnitTesting.UpfileHandlerTest" runstate="Runnable" seed="223597739" result="Passed" start-time="2017-07-31 12:25:12Z" end-time="2017-07-31 12:25:12Z" duration="0.000300" asserts="1" />
          <test-case id="0-1076" name="LoadPackagesListTest" fullname="UpliftTesting.UnitTesting.UpfileHandlerTest.LoadPackagesListTest" methodname="LoadPackagesListTest" classname="UpliftTesting.UnitTesting.UpfileHandlerTest" runstate="Runnable" seed="1085350036" result="Passed" start-time="2017-07-31 12:25:12Z" end-time="2017-07-31 12:25:12Z" duration="0.001894" asserts="1" />
          <test-case id="0-1075" name="LoadUpfileTest" fullname="UpliftTesting.UnitTesting.UpfileHandlerTest.LoadUpfileTest" methodname="LoadUpfileTest" classname="UpliftTesting.UnitTesting.UpfileHandlerTest" runstate="Runnable" seed="697015228" result="Passed" start-time="2017-07-31 12:25:12Z" end-time="2017-07-31 12:25:12Z" duration="0.003652" asserts="3" />
          <test-case id="0-1072" name="UpfileHandlerUniqueInstanceTest" fullname="UpliftTesting.UnitTesting.UpfileHandlerTest.UpfileHandlerUniqueInstanceTest" methodname="UpfileHandlerUniqueInstanceTest" classname="UpliftTesting.UnitTesting.UpfileHandlerTest" runstate="Runnable" seed="1684074117" result="Passed" start-time="2017-07-31 12:25:12Z" end-time="2017-07-31 12:25:12Z" duration="0.000191" asserts="1" />
        </test-suite>
      </test-suite>
    </test-suite>
  </test-suite>
</test-run>